This is pdfTeX, Version 3.141592653-2.6-1.40.22 (TeX Live 2022/dev/Debian) (preloaded format=pdflatex 2024.3.17)  9 MAY 2025 01:08
entering extended mode
 restricted \write18 enabled.
 %&-line parsing enabled.
**memoria
(./memoria.tex
LaTeX2e <2021-11-15> patch level 1
L3 programming layer <2022-01-21> (./estilo.tex
(/usr/share/texlive/texmf-dist/tex/latex/base/book.cls
Document Class: book 2021/10/04 v1.4n Standard LaTeX document class
(/usr/share/texlive/texmf-dist/tex/latex/base/bk12.clo
File: bk12.clo 2021/10/04 v1.4n Standard LaTeX file (size option)
)
\c@part=\count185
\c@chapter=\count186
\c@section=\count187
\c@subsection=\count188
\c@subsubsection=\count189
\c@paragraph=\count190
\c@subparagraph=\count191
\c@figure=\count192
\c@table=\count193
\abovecaptionskip=\skip47
\belowcaptionskip=\skip48
\bibindent=\dimen138
)
(/usr/share/texlive/texmf-dist/tex/generic/babel/babel.sty
Package: babel 2022/01/26 3.70 The Babel package
\babel@savecnt=\count194
\U@D=\dimen139
\l@unhyphenated=\language10

(/usr/share/texlive/texmf-dist/tex/generic/babel/txtbabel.def)
\bbl@readstream=\read2
\bbl@dirlevel=\count195

(/usr/share/texlive/texmf-dist/tex/generic/babel-spanish/spanish.ldf
Language: spanish.ldf 2021/05/27 v5.0q Spanish support from the babel system
\es@quottoks=\toks16
\es@quotdepth=\count196
Package babel Info: Making " an active character on input line 570.
Package babel Info: Making . an active character on input line 675.
Package babel Info: Making < an active character on input line 722.
Package babel Info: Making > an active character on input line 722.
))
(/usr/share/texlive/texmf-dist/tex/latex/base/inputenc.sty
Package: inputenc 2021/02/14 v1.3d Input encoding file
\inpenc@prehook=\toks17
\inpenc@posthook=\toks18
)
(/usr/share/texlive/texmf-dist/tex/latex/geometry/geometry.sty
Package: geometry 2020/01/02 v5.9 Page Geometry

(/usr/share/texlive/texmf-dist/tex/latex/graphics/keyval.sty
Package: keyval 2014/10/28 v1.15 key=value parser (DPC)
\KV@toks@=\toks19
)
(/usr/share/texlive/texmf-dist/tex/generic/iftex/ifvtex.sty
Package: ifvtex 2019/10/25 v1.7 ifvtex legacy package. Use iftex instead.

(/usr/share/texlive/texmf-dist/tex/generic/iftex/iftex.sty
Package: iftex 2020/03/06 v1.0d TeX engine tests
))
\Gm@cnth=\count197
\Gm@cntv=\count198
\c@Gm@tempcnt=\count199
\Gm@bindingoffset=\dimen140
\Gm@wd@mp=\dimen141
\Gm@odd@mp=\dimen142
\Gm@even@mp=\dimen143
\Gm@layoutwidth=\dimen144
\Gm@layoutheight=\dimen145
\Gm@layouthoffset=\dimen146
\Gm@layoutvoffset=\dimen147
\Gm@dimlist=\toks20
)
(/usr/share/texlive/texmf-dist/tex/latex/base/makeidx.sty
Package: makeidx 2021/10/04 v1.0m Standard LaTeX package
)
(/usr/share/texlive/texmf-dist/tex/latex/url/url.sty
\Urlmuskip=\muskip16
Package: url 2013/09/16  ver 3.4  Verb mode for urls, etc.
)
(/usr/share/texlive/texmf-dist/tex/latex/xurl/xurl.sty
Package: xurl 2022/01/09 v 0.10 modify URL breaks
)
(/usr/share/texlive/texmf-dist/tex/latex/graphics/graphicx.sty
Package: graphicx 2021/09/16 v1.2d Enhanced LaTeX Graphics (DPC,SPQR)

(/usr/share/texlive/texmf-dist/tex/latex/graphics/graphics.sty
Package: graphics 2021/03/04 v1.4d Standard LaTeX Graphics (DPC,SPQR)

(/usr/share/texlive/texmf-dist/tex/latex/graphics/trig.sty
Package: trig 2021/08/11 v1.11 sin cos tan (DPC)
)
(/usr/share/texlive/texmf-dist/tex/latex/graphics-cfg/graphics.cfg
File: graphics.cfg 2016/06/04 v1.11 sample graphics configuration
)
Package graphics Info: Driver file: pdftex.def on input line 107.

(/usr/share/texlive/texmf-dist/tex/latex/graphics-def/pdftex.def
File: pdftex.def 2020/10/05 v1.2a Graphics/color driver for pdftex
))
\Gin@req@height=\dimen148
\Gin@req@width=\dimen149
)
(/usr/share/texlive/texmf-dist/tex/latex/graphics/color.sty
Package: color 2021/12/07 v1.3c Standard LaTeX Color (DPC)

(/usr/share/texlive/texmf-dist/tex/latex/graphics-cfg/color.cfg
File: color.cfg 2016/01/02 v1.6 sample color configuration
)
Package color Info: Driver file: pdftex.def on input line 149.
)
(/usr/share/texlive/texmf-dist/tex/latex/caption/caption.sty
Package: caption 2020/10/26 v3.5g Customizing captions (AR)

(/usr/share/texlive/texmf-dist/tex/latex/caption/caption3.sty
Package: caption3 2020/10/21 v2.2e caption3 kernel (AR)
\captionmargin=\dimen150
\captionmargin@=\dimen151
\captionwidth=\dimen152
\caption@tempdima=\dimen153
\caption@indent=\dimen154
\caption@parindent=\dimen155
\caption@hangindent=\dimen156
Package caption Info: Standard document class detected.
)
\c@caption@flags=\count266
\c@continuedfloat=\count267
)
(/usr/share/texlive/texmf-dist/tex/latex/acronym/acronym.sty
Package: acronym 2020/04/17 v1.47 Support for acronyms (Tobias Oetiker)

(/usr/share/texlive/texmf-dist/tex/latex/bigfoot/suffix.sty
Package: suffix 2006/07/15 1.5a Variant command support
)
(/usr/share/texlive/texmf-dist/tex/generic/xstring/xstring.sty
(/usr/share/texlive/texmf-dist/tex/generic/xstring/xstring.tex
\integerpart=\count268
\decimalpart=\count269
)
Package: xstring 2021/07/21 v1.84 String manipulations (CT)
)
\AC@clearlist=\toks21
)
(/usr/share/texlive/texmf-dist/tex/latex/hyphenat/hyphenat.sty
Package: hyphenat 2009/09/02 v2.3c hyphenation utilities
\langwohyphens=\language11
LaTeX Info: Redefining \_ on input line 43.
)
(/usr/share/texlive/texmf-dist/tex/latex/a4wide/a4wide.sty
Package: a4wide 1994/08/30

(/usr/share/texlive/texmf-dist/tex/latex/ntgclass/a4.sty
Package: a4 2020/02/18 v1.2g A4 based page layout
))
(/usr/share/texlive/texmf-dist/tex/latex/subfigure/subfigure.sty
Package: subfigure 2002/03/15 v2.1.5 subfigure package
\subfigtopskip=\skip49
\subfigcapskip=\skip50
\subfigcaptopadj=\dimen157
\subfigbottomskip=\skip51
\subfigcapmargin=\dimen158
\subfiglabelskip=\skip52
\c@subfigure=\count270
\c@lofdepth=\count271
\c@subtable=\count272
\c@lotdepth=\count273

****************************************
* Local config file subfigure.cfg used *
****************************************
(/usr/share/texlive/texmf-dist/tex/latex/subfigure/subfigure.cfg)
\subfig@top=\skip53
\subfig@bottom=\skip54
)
(/usr/share/texlive/texmf-dist/tex/latex/float/float.sty
Package: float 2001/11/08 v1.3d Float enhancements (AL)
\c@float@type=\count274
\float@exts=\toks22
\float@box=\box50
\@float@everytoks=\toks23
\@floatcapt=\box51
)
(/usr/share/texlive/texmf-dist/tex/latex/titlesec/titlesec.sty
Package: titlesec 2021/07/05 v2.14 Sectioning titles
\ttl@box=\box52
\beforetitleunit=\skip55
\aftertitleunit=\skip56
\ttl@plus=\dimen159
\ttl@minus=\dimen160
\ttl@toksa=\toks24
\titlewidth=\dimen161
\titlewidthlast=\dimen162
\titlewidthfirst=\dimen163
)
(/usr/share/texlive/texmf-dist/tex/latex/multirow/multirow.sty
Package: multirow 2021/03/15 v2.8 Span multiple rows of a table
\multirow@colwidth=\skip57
\multirow@cntb=\count275
\multirow@dima=\skip58
\bigstrutjot=\dimen164
)
(/usr/share/texlive/texmf-dist/tex/latex/tools/tabularx.sty
Package: tabularx 2020/01/15 v2.11c `tabularx' package (DPC)

(/usr/share/texlive/texmf-dist/tex/latex/tools/array.sty
Package: array 2021/10/04 v2.5f Tabular extension package (FMi)
\col@sep=\dimen165
\ar@mcellbox=\box53
\extrarowheight=\dimen166
\NC@list=\toks25
\extratabsurround=\skip59
\backup@length=\skip60
\ar@cellbox=\box54
)
\TX@col@width=\dimen167
\TX@old@table=\dimen168
\TX@old@col=\dimen169
\TX@target=\dimen170
\TX@delta=\dimen171
\TX@cols=\count276
\TX@ftn=\toks26
)
(/usr/share/texlive/texmf-dist/tex/latex/xcolor/xcolor.sty
Package: xcolor 2021/10/31 v2.13 LaTeX color extensions (UK)

(/usr/share/texlive/texmf-dist/tex/latex/graphics-cfg/color.cfg
File: color.cfg 2016/01/02 v1.6 sample color configuration
)
Package xcolor Info: Driver file: pdftex.def on input line 227.

(/usr/share/texlive/texmf-dist/tex/latex/colortbl/colortbl.sty
Package: colortbl 2020/01/04 v1.0e Color table columns (DPC)
\everycr=\toks27
\minrowclearance=\skip61
)
LaTeX Info: Redefining \color on input line 711.
\rownum=\count277
Package xcolor Info: Model `cmy' substituted by `cmy0' on input line 1352.
Package xcolor Info: Model `hsb' substituted by `rgb' on input line 1356.
Package xcolor Info: Model `RGB' extended on input line 1368.
Package xcolor Info: Model `HTML' substituted by `rgb' on input line 1370.
Package xcolor Info: Model `Hsb' substituted by `hsb' on input line 1371.
Package xcolor Info: Model `tHsb' substituted by `hsb' on input line 1372.
Package xcolor Info: Model `HSB' substituted by `hsb' on input line 1373.
Package xcolor Info: Model `Gray' substituted by `gray' on input line 1374.
Package xcolor Info: Model `wave' substituted by `hsb' on input line 1375.
)
(/usr/share/texlive/texmf-dist/tex/latex/fncychap/fncychap.sty
Package: fncychap 2007/07/30 v1.34 LaTeX package (Revised chapters)
\RW=\skip62
\mylen=\skip63
\myhi=\skip64
\px=\skip65
\py=\skip66
\pyy=\skip67
\pxx=\skip68
) (./listings.sty
\lst@mode=\count278
\lst@gtempboxa=\box55
\lst@token=\toks28
\lst@length=\count279
\lst@currlwidth=\dimen172
\lst@column=\count280
\lst@pos=\count281
\lst@lostspace=\dimen173
\lst@width=\dimen174
\lst@newlines=\count282
\lst@lineno=\count283
\lst@maxwidth=\dimen175
(./lstmisc.sty
File: lstmisc.sty 2007/02/22 1.4 (Carsten Heinz)
\c@lstnumber=\count284
\lst@skipnumbers=\count285
\lst@framebox=\box56
) (/usr/share/texlive/texmf-dist/tex/latex/listings/listings.cfg
File: listings.cfg 2020/03/24 1.8d listings configuration
))
Package: listings 2007/02/22 1.4 (Carsten Heinz)
 (/usr/share/texlive/texmf-dist/tex/latex/eurosym/eurosym.sty
Package: eurosym 1998/08/06 v1.1 European currency symbol ``Euro''
\@eurobox=\box57
)
(/usr/share/texlive/texmf-dist/tex/latex/hyperref/hyperref.sty
Package: hyperref 2021-06-07 v7.00m Hypertext links for LaTeX

(/usr/share/texlive/texmf-dist/tex/generic/ltxcmds/ltxcmds.sty
Package: ltxcmds 2020-05-10 v1.25 LaTeX kernel commands for general use (HO)
)
(/usr/share/texlive/texmf-dist/tex/generic/pdftexcmds/pdftexcmds.sty
Package: pdftexcmds 2020-06-27 v0.33 Utility functions of pdfTeX for LuaTeX (HO
)

(/usr/share/texlive/texmf-dist/tex/generic/infwarerr/infwarerr.sty
Package: infwarerr 2019/12/03 v1.5 Providing info/warning/error messages (HO)
)
Package pdftexcmds Info: \pdf@primitive is available.
Package pdftexcmds Info: \pdf@ifprimitive is available.
Package pdftexcmds Info: \pdfdraftmode found.
)
(/usr/share/texlive/texmf-dist/tex/generic/kvsetkeys/kvsetkeys.sty
Package: kvsetkeys 2019/12/15 v1.18 Key value parser (HO)
)
(/usr/share/texlive/texmf-dist/tex/generic/kvdefinekeys/kvdefinekeys.sty
Package: kvdefinekeys 2019-12-19 v1.6 Define keys (HO)
)
(/usr/share/texlive/texmf-dist/tex/generic/pdfescape/pdfescape.sty
Package: pdfescape 2019/12/09 v1.15 Implements pdfTeX's escape features (HO)
)
(/usr/share/texlive/texmf-dist/tex/latex/hycolor/hycolor.sty
Package: hycolor 2020-01-27 v1.10 Color options for hyperref/bookmark (HO)
)
(/usr/share/texlive/texmf-dist/tex/latex/letltxmacro/letltxmacro.sty
Package: letltxmacro 2019/12/03 v1.6 Let assignment for LaTeX macros (HO)
)
(/usr/share/texlive/texmf-dist/tex/latex/auxhook/auxhook.sty
Package: auxhook 2019-12-17 v1.6 Hooks for auxiliary files (HO)
)
(/usr/share/texlive/texmf-dist/tex/latex/kvoptions/kvoptions.sty
Package: kvoptions 2020-10-07 v3.14 Key value format for package options (HO)
)
\@linkdim=\dimen176
\Hy@linkcounter=\count286
\Hy@pagecounter=\count287

(/usr/share/texlive/texmf-dist/tex/latex/hyperref/pd1enc.def
File: pd1enc.def 2021-06-07 v7.00m Hyperref: PDFDocEncoding definition (HO)
Now handling font encoding PD1 ...
... no UTF-8 mapping file for font encoding PD1
)
(/usr/share/texlive/texmf-dist/tex/latex/hyperref/hyperref-langpatches.def
File: hyperref-langpatches.def 2021-06-07 v7.00m Hyperref: patches for babel la
nguages
)
(/usr/share/texlive/texmf-dist/tex/generic/intcalc/intcalc.sty
Package: intcalc 2019/12/15 v1.3 Expandable calculations with integers (HO)
)
(/usr/share/texlive/texmf-dist/tex/generic/etexcmds/etexcmds.sty
Package: etexcmds 2019/12/15 v1.7 Avoid name clashes with e-TeX commands (HO)
)
\Hy@SavedSpaceFactor=\count288

(/usr/share/texlive/texmf-dist/tex/latex/hyperref/puenc.def
File: puenc.def 2021-06-07 v7.00m Hyperref: PDF Unicode definition (HO)
Now handling font encoding PU ...
... no UTF-8 mapping file for font encoding PU
)
Package hyperref Info: Hyper figures OFF on input line 4192.
Package hyperref Info: Link nesting OFF on input line 4197.
Package hyperref Info: Hyper index ON on input line 4200.
Package hyperref Info: Plain pages OFF on input line 4207.
Package hyperref Info: Backreferencing OFF on input line 4212.
Package hyperref Info: Implicit mode ON; LaTeX internals redefined.
Package hyperref Info: Bookmarks ON on input line 4445.
\c@Hy@tempcnt=\count289
LaTeX Info: Redefining \url on input line 4804.
\XeTeXLinkMargin=\dimen177

(/usr/share/texlive/texmf-dist/tex/generic/bitset/bitset.sty
Package: bitset 2019/12/09 v1.3 Handle bit-vector datatype (HO)

(/usr/share/texlive/texmf-dist/tex/generic/bigintcalc/bigintcalc.sty
Package: bigintcalc 2019/12/15 v1.5 Expandable calculations on big integers (HO
)
))
\Fld@menulength=\count290
\Field@Width=\dimen178
\Fld@charsize=\dimen179
Package hyperref Info: Hyper figures OFF on input line 6076.
Package hyperref Info: Link nesting OFF on input line 6081.
Package hyperref Info: Hyper index ON on input line 6084.
Package hyperref Info: backreferencing OFF on input line 6091.
Package hyperref Info: Link coloring OFF on input line 6096.
Package hyperref Info: Link coloring with OCG OFF on input line 6101.
Package hyperref Info: PDF/A mode OFF on input line 6106.
LaTeX Info: Redefining \ref on input line 6146.
LaTeX Info: Redefining \pageref on input line 6150.

(/usr/share/texlive/texmf-dist/tex/latex/base/atbegshi-ltx.sty
Package: atbegshi-ltx 2021/01/10 v1.0c Emulation of the original atbegshi
package with kernel methods
)
\Hy@abspage=\count291
\c@Item=\count292
\c@Hfootnote=\count293
)
Package hyperref Info: Driver (autodetected): hpdftex.

(/usr/share/texlive/texmf-dist/tex/latex/hyperref/hpdftex.def
File: hpdftex.def 2021-06-07 v7.00m Hyperref driver for pdfTeX

(/usr/share/texlive/texmf-dist/tex/latex/base/atveryend-ltx.sty
Package: atveryend-ltx 2020/08/19 v1.0a Emulation of the original atveryend pac
kage
with kernel methods
)
\Fld@listcount=\count294
\c@bookmark@seq@number=\count295

(/usr/share/texlive/texmf-dist/tex/latex/rerunfilecheck/rerunfilecheck.sty
Package: rerunfilecheck 2019/12/05 v1.9 Rerun checks for auxiliary files (HO)

(/usr/share/texlive/texmf-dist/tex/generic/uniquecounter/uniquecounter.sty
Package: uniquecounter 2019/12/15 v1.4 Provide unlimited unique counter (HO)
)
Package uniquecounter Info: New unique counter `rerunfilecheck' on input line 2
86.
)
\Hy@SectionHShift=\skip69
)
(/usr/share/texlive/texmf-dist/tex/latex/listings/lstlang1.sty
File: lstlang1.sty 2020/03/24 1.8d listings language file
) (./lstmisc.sty
File: lstmisc.sty 2007/02/22 1.4 (Carsten Heinz)
) (/usr/share/texlive/texmf-dist/tex/latex/listings/lstlang1.sty
File: lstlang1.sty 2020/03/24 1.8d listings language file
)
(/usr/share/texlive/texmf-dist/tex/latex/listings/lstlang1.sty
File: lstlang1.sty 2020/03/24 1.8d listings language file
)
Package caption Info: Option `declare type' requires the `newfloat' package on 
input line 105.

(/usr/share/texlive/texmf-dist/tex/latex/newfloat/newfloat.sty
Package: newfloat 2019/09/02 v1.1l Defining new floating environments (AR)
Package newfloat Info: Document class `book' detected (Hy).
)
Package newfloat Info: New float `code' with options `' on input line 105.
\c@code=\count296
Package newfloat Info: float type `code'=4 on input line 105.
\c@locodedepth=\count297
Package newfloat Info: New float `myequation' with options `' on input line 106
.
\c@myequation=\count298
Package newfloat Info: float type `myequation'=8 on input line 106.
\c@lomyequationdepth=\count299
)
\@indexfile=\write3
\openout3 = `memoria.idx'.


Writing index file memoria.idx
(/usr/share/texlive/texmf-dist/tex/latex/l3backend/l3backend-pdftex.def
File: l3backend-pdftex.def 2022-01-12 L3 backend support: PDF output (pdfTeX)
\l__color_backend_stack_int=\count300
\l__pdf_internal_box=\box58
)
(./memoria.aux
LaTeX Info: Redefining \. on input line 26.
LaTeX Info: Redefining \% on input line 26.


LaTeX Warning: Label `sec:OpenCV' multiply defined.


LaTeX Warning: Label `exp_seleccion_algoritmo' multiply defined.

)
\openout1 = `memoria.aux'.

LaTeX Font Info:    Checking defaults for OML/cmm/m/it on input line 5.
LaTeX Font Info:    ... okay on input line 5.
LaTeX Font Info:    Checking defaults for OMS/cmsy/m/n on input line 5.
LaTeX Font Info:    ... okay on input line 5.
LaTeX Font Info:    Checking defaults for OT1/cmr/m/n on input line 5.
LaTeX Font Info:    ... okay on input line 5.
LaTeX Font Info:    Checking defaults for T1/cmr/m/n on input line 5.
LaTeX Font Info:    ... okay on input line 5.
LaTeX Font Info:    Checking defaults for TS1/cmr/m/n on input line 5.
LaTeX Font Info:    ... okay on input line 5.
LaTeX Font Info:    Checking defaults for OMX/cmex/m/n on input line 5.
LaTeX Font Info:    ... okay on input line 5.
LaTeX Font Info:    Checking defaults for U/cmr/m/n on input line 5.
LaTeX Font Info:    ... okay on input line 5.
LaTeX Font Info:    Checking defaults for PD1/pdf/m/n on input line 5.
LaTeX Font Info:    ... okay on input line 5.
LaTeX Font Info:    Checking defaults for PU/pdf/m/n on input line 5.
LaTeX Font Info:    ... okay on input line 5.
LaTeX Info: Redefining \. on input line 5.
LaTeX Info: Redefining \% on input line 5.

*geometry* driver: auto-detecting
*geometry* detected driver: pdftex
*geometry* verbose mode - [ preamble ] result:
* driver: pdftex
* paper: a4paper
* layout: <same size as paper>
* layoutoffset:(h,v)=(0.0pt,0.0pt)
* modes: 
* h-part:(L,W,R)=(99.58464pt, 441.01773pt, 56.9055pt)
* v-part:(T,H,B)=(85.35826pt, 702.78308pt, 56.9055pt)
* \paperwidth=597.50787pt
* \paperheight=845.04684pt
* \textwidth=441.01773pt
* \textheight=702.78308pt
* \oddsidemargin=27.31465pt
* \evensidemargin=27.31465pt
* \topmargin=-41.59085pt
* \headheight=12.0pt
* \headsep=42.67912pt
* \topskip=12.0pt
* \footskip=30.0pt
* \marginparwidth=54.2025pt
* \marginparsep=7.0pt
* \columnsep=10.0pt
* \skip\footins=10.8pt plus 4.0pt minus 2.0pt
* \hoffset=0.0pt
* \voffset=0.0pt
* \mag=1000
* \@twocolumnfalse
* \@twosidefalse
* \@mparswitchfalse
* \@reversemarginfalse
* (1in=72.27pt=25.4mm, 1cm=28.453pt)

(/usr/share/texlive/texmf-dist/tex/context/base/mkii/supp-pdf.mkii
[Loading MPS to PDF converter (version 2006.09.02).]
\scratchcounter=\count301
\scratchdimen=\dimen180
\scratchbox=\box59
\nofMPsegments=\count302
\nofMParguments=\count303
\everyMPshowfont=\toks29
\MPscratchCnt=\count304
\MPscratchDim=\dimen181
\MPnumerator=\count305
\makeMPintoPDFobject=\count306
\everyMPtoPDFconversion=\toks30
) (/usr/share/texlive/texmf-dist/tex/latex/epstopdf-pkg/epstopdf-base.sty
Package: epstopdf-base 2020-01-24 v2.11 Base part for package epstopdf
Package epstopdf-base Info: Redefining graphics rule for `.eps' on input line 4
85.

(/usr/share/texlive/texmf-dist/tex/latex/latexconfig/epstopdf-sys.cfg
File: epstopdf-sys.cfg 2010/07/13 v1.3 Configuration of (r)epstopdf for TeX Liv
e
))
Package caption Info: Begin \AtBeginDocument code.
Package caption Info: float package is loaded.
Package caption Info: hyperref package is loaded.
Package caption Info: listings package is loaded.
Package caption Info: subfigure package is loaded.
Package caption Info: End \AtBeginDocument code.
\c@lstlisting=\count307
Package hyperref Info: Link coloring OFF on input line 5.

(/usr/share/texlive/texmf-dist/tex/latex/hyperref/nameref.sty
Package: nameref 2021-04-02 v2.47 Cross-referencing by name of section

(/usr/share/texlive/texmf-dist/tex/latex/refcount/refcount.sty
Package: refcount 2019/12/15 v3.6 Data extraction from label references (HO)
)
(/usr/share/texlive/texmf-dist/tex/generic/gettitlestring/gettitlestring.sty
Package: gettitlestring 2019/12/15 v1.6 Cleanup title references (HO)
)
\c@section@level=\count308
)
LaTeX Info: Redefining \ref on input line 5.
LaTeX Info: Redefining \pageref on input line 5.
LaTeX Info: Redefining \nameref on input line 5.

(./memoria.out) (./memoria.out)
\@outlinefile=\write4
\openout4 = `memoria.out'.

Package newfloat Info: `float' package detected.
 (./portada/indice.tex (./portada/portada.tex
<figs/logo_urjc.jpg, id=217, 525.965pt x 210.7875pt>
File: figs/logo_urjc.jpg Graphic file (type jpg)
<use figs/logo_urjc.jpg>
Package pdftex.def Info: figs/logo_urjc.jpg  used on input line 5.
(pdftex.def)             Requested size: 525.9637pt x 210.78699pt.

[1


{/var/lib/texmf/fonts/map/pdftex/updmap/pdftex.map} <./figs/logo_urjc.jpg>])
(./portada/licencia.tex
<figs/by-nc-sa.png, id=227, 97.0827pt x 33.9669pt>
File: figs/by-nc-sa.png Graphic file (type png)
<use figs/by-nc-sa.png>
Package pdftex.def Info: figs/by-nc-sa.png  used on input line 8.
(pdftex.def)             Requested size: 110.25443pt x 38.57701pt.
) (./portada/agradecimientos.tex [2


 <./figs/by-nc-sa.png>]
Underfull \hbox (badness 10000) in paragraph at lines 5--6

 []


Underfull \hbox (badness 10000) in paragraph at lines 7--9

 []


Underfull \hbox (badness 10000) in paragraph at lines 10--11

 []


Underfull \hbox (badness 10000) in paragraph at lines 12--14

 []

[3


]
Underfull \hbox (badness 10000) in paragraph at lines 15--16

 []

) (./portada/resumen.tex [4]) (./portada/abstract.tex [5


])
(./portada/acronimos.tex [6


]

LaTeX Warning: Hyper reference `acro:ABB' on page \es@scroman {vii} undefined o
n input line 7.


LaTeX Warning: Hyper reference `acro:ABB' on page \es@scroman {vii} undefined o
n input line 7.


LaTeX Warning: Hyper reference `acro:AER' on page \es@scroman {vii} undefined o
n input line 8.


LaTeX Warning: Hyper reference `acro:AER' on page \es@scroman {vii} undefined o
n input line 8.


LaTeX Warning: Hyper reference `acro:AERO' on page \es@scroman {vii} undefined 
on input line 9.


LaTeX Warning: Hyper reference `acro:AERO' on page \es@scroman {vii} undefined 
on input line 9.


LaTeX Warning: Hyper reference `acro:AGV' on page \es@scroman {vii} undefined o
n input line 10.


LaTeX Warning: Hyper reference `acro:AGV' on page \es@scroman {vii} undefined o
n input line 10.


LaTeX Warning: Hyper reference `acro:AI' on page \es@scroman {vii} undefined on
 input line 11.


LaTeX Warning: Hyper reference `acro:AI' on page \es@scroman {vii} undefined on
 input line 11.


LaTeX Warning: Hyper reference `acro:AMR' on page \es@scroman {vii} undefined o
n input line 12.


LaTeX Warning: Hyper reference `acro:AMR' on page \es@scroman {vii} undefined o
n input line 12.


LaTeX Warning: Hyper reference `acro:ANN' on page \es@scroman {vii} undefined o
n input line 13.


LaTeX Warning: Hyper reference `acro:ANN' on page \es@scroman {vii} undefined o
n input line 13.


LaTeX Warning: Hyper reference `acro:API' on page \es@scroman {vii} undefined o
n input line 14.


LaTeX Warning: Hyper reference `acro:API' on page \es@scroman {vii} undefined o
n input line 14.


LaTeX Warning: Hyper reference `acro:CMI' on page \es@scroman {vii} undefined o
n input line 15.


LaTeX Warning: Hyper reference `acro:CMI' on page \es@scroman {vii} undefined o
n input line 15.


LaTeX Warning: Hyper reference `acro:CPU' on page \es@scroman {vii} undefined o
n input line 16.


LaTeX Warning: Hyper reference `acro:CPU' on page \es@scroman {vii} undefined o
n input line 16.


LaTeX Warning: Hyper reference `acro:dFoV' on page \es@scroman {vii} undefined 
on input line 17.


LaTeX Warning: Hyper reference `acro:dFoV' on page \es@scroman {vii} undefined 
on input line 17.


LaTeX Warning: Hyper reference `acro:DL' on page \es@scroman {vii} undefined on
 input line 18.


LaTeX Warning: Hyper reference `acro:DL' on page \es@scroman {vii} undefined on
 input line 18.


LaTeX Warning: Hyper reference `acro:DLR' on page \es@scroman {vii} undefined o
n input line 19.


LaTeX Warning: Hyper reference `acro:DLR' on page \es@scroman {vii} undefined o
n input line 19.


LaTeX Warning: Hyper reference `acro:DNN' on page \es@scroman {vii} undefined o
n input line 20.


LaTeX Warning: Hyper reference `acro:DNN' on page \es@scroman {vii} undefined o
n input line 20.


LaTeX Warning: Hyper reference `acro:DOF' on page \es@scroman {vii} undefined o
n input line 21.


LaTeX Warning: Hyper reference `acro:DOF' on page \es@scroman {vii} undefined o
n input line 21.


LaTeX Warning: Hyper reference `acro:EKF' on page \es@scroman {vii} undefined o
n input line 22.


LaTeX Warning: Hyper reference `acro:EKF' on page \es@scroman {vii} undefined o
n input line 22.


LaTeX Warning: Hyper reference `acro:EPFL' on page \es@scroman {vii} undefined 
on input line 23.


LaTeX Warning: Hyper reference `acro:EPFL' on page \es@scroman {vii} undefined 
on input line 23.


LaTeX Warning: Hyper reference `acro:FDA' on page \es@scroman {vii} undefined o
n input line 24.


LaTeX Warning: Hyper reference `acro:FDA' on page \es@scroman {vii} undefined o
n input line 24.


LaTeX Warning: Hyper reference `acro:FOA' on page \es@scroman {vii} undefined o
n input line 25.


LaTeX Warning: Hyper reference `acro:FOA' on page \es@scroman {vii} undefined o
n input line 25.


LaTeX Warning: Hyper reference `acro:FPS' on page \es@scroman {vii} undefined o
n input line 26.


LaTeX Warning: Hyper reference `acro:FPS' on page \es@scroman {vii} undefined o
n input line 26.


LaTeX Warning: Hyper reference `acro:GA' on page \es@scroman {vii} undefined on
 input line 27.


LaTeX Warning: Hyper reference `acro:GA' on page \es@scroman {vii} undefined on
 input line 27.

[7


]

LaTeX Warning: Hyper reference `acro:GPIO' on page \es@scroman {viii} undefined
 on input line 28.


LaTeX Warning: Hyper reference `acro:GPIO' on page \es@scroman {viii} undefined
 on input line 28.


LaTeX Warning: Hyper reference `acro:GPS' on page \es@scroman {viii} undefined 
on input line 29.


LaTeX Warning: Hyper reference `acro:GPS' on page \es@scroman {viii} undefined 
on input line 29.


LaTeX Warning: Hyper reference `acro:HCI' on page \es@scroman {viii} undefined 
on input line 30.


LaTeX Warning: Hyper reference `acro:HCI' on page \es@scroman {viii} undefined 
on input line 30.


LaTeX Warning: Hyper reference `acro:HRI' on page \es@scroman {viii} undefined 
on input line 31.


LaTeX Warning: Hyper reference `acro:HRI' on page \es@scroman {viii} undefined 
on input line 31.


LaTeX Warning: Hyper reference `acro:Hz' on page \es@scroman {viii} undefined o
n input line 32.


LaTeX Warning: Hyper reference `acro:Hz' on page \es@scroman {viii} undefined o
n input line 32.


LaTeX Warning: Hyper reference `acro:IA' on page \es@scroman {viii} undefined o
n input line 33.


LaTeX Warning: Hyper reference `acro:IA' on page \es@scroman {viii} undefined o
n input line 33.


LaTeX Warning: Hyper reference `acro:IBM' on page \es@scroman {viii} undefined 
on input line 34.


LaTeX Warning: Hyper reference `acro:IBM' on page \es@scroman {viii} undefined 
on input line 34.


LaTeX Warning: Hyper reference `acro:IFR' on page \es@scroman {viii} undefined 
on input line 35.


LaTeX Warning: Hyper reference `acro:IFR' on page \es@scroman {viii} undefined 
on input line 35.


LaTeX Warning: Hyper reference `acro:IGR' on page \es@scroman {viii} undefined 
on input line 36.


LaTeX Warning: Hyper reference `acro:IGR' on page \es@scroman {viii} undefined 
on input line 36.


LaTeX Warning: Hyper reference `acro:IMTS' on page \es@scroman {viii} undefined
 on input line 37.


LaTeX Warning: Hyper reference `acro:IMTS' on page \es@scroman {viii} undefined
 on input line 37.


LaTeX Warning: Hyper reference `acro:IP' on page \es@scroman {viii} undefined o
n input line 38.


LaTeX Warning: Hyper reference `acro:IP' on page \es@scroman {viii} undefined o
n input line 38.


LaTeX Warning: Hyper reference `acro:ISO' on page \es@scroman {viii} undefined 
on input line 39.


LaTeX Warning: Hyper reference `acro:ISO' on page \es@scroman {viii} undefined 
on input line 39.


LaTeX Warning: Hyper reference `acro:LTS' on page \es@scroman {viii} undefined 
on input line 40.


LaTeX Warning: Hyper reference `acro:LTS' on page \es@scroman {viii} undefined 
on input line 40.


LaTeX Warning: Hyper reference `acro:LWR' on page \es@scroman {viii} undefined 
on input line 41.


LaTeX Warning: Hyper reference `acro:LWR' on page \es@scroman {viii} undefined 
on input line 41.


LaTeX Warning: Hyper reference `acro:Mb' on page \es@scroman {viii} undefined o
n input line 42.


LaTeX Warning: Hyper reference `acro:Mb' on page \es@scroman {viii} undefined o
n input line 42.


LaTeX Warning: Hyper reference `acro:ML' on page \es@scroman {viii} undefined o
n input line 43.


LaTeX Warning: Hyper reference `acro:ML' on page \es@scroman {viii} undefined o
n input line 43.


LaTeX Warning: Hyper reference `acro:NN' on page \es@scroman {viii} undefined o
n input line 44.


LaTeX Warning: Hyper reference `acro:NN' on page \es@scroman {viii} undefined o
n input line 44.


LaTeX Warning: Hyper reference `acro:OSRF' on page \es@scroman {viii} undefined
 on input line 45.


LaTeX Warning: Hyper reference `acro:OSRF' on page \es@scroman {viii} undefined
 on input line 45.


LaTeX Warning: Hyper reference `acro:PE' on page \es@scroman {viii} undefined o
n input line 46.


LaTeX Warning: Hyper reference `acro:PE' on page \es@scroman {viii} undefined o
n input line 46.


LaTeX Warning: Hyper reference `acro:PUMA' on page \es@scroman {viii} undefined
 on input line 47.


LaTeX Warning: Hyper reference `acro:PUMA' on page \es@scroman {viii} undefined
 on input line 47.


LaTeX Warning: Hyper reference `acro:RNA' on page \es@scroman {viii} undefined 
on input line 48.


LaTeX Warning: Hyper reference `acro:RNA' on page \es@scroman {viii} undefined 
on input line 48.


LaTeX Warning: Hyper reference `acro:ROS' on page \es@scroman {viii} undefined 
on input line 49.


LaTeX Warning: Hyper reference `acro:ROS' on page \es@scroman {viii} undefined 
on input line 49.


LaTeX Warning: Hyper reference `acro:ROS-I' on page \es@scroman {viii} undefine
d on input line 50.


LaTeX Warning: Hyper reference `acro:ROS-I' on page \es@scroman {viii} undefine
d on input line 50.


LaTeX Warning: Hyper reference `acro:RPC' on page \es@scroman {viii} undefined 
on input line 51.


LaTeX Warning: Hyper reference `acro:RPC' on page \es@scroman {viii} undefined 
on input line 51.


LaTeX Warning: Hyper reference `acro:SAIL' on page \es@scroman {viii} undefined
 on input line 52.


LaTeX Warning: Hyper reference `acro:SAIL' on page \es@scroman {viii} undefined
 on input line 52.

LaTeX Info: Redefining \. on input line 53.
LaTeX Info: Redefining \% on input line 53.
[8]

LaTeX Warning: Hyper reference `acro:SCARA' on page \es@scroman {ix} undefined 
on input line 53.


LaTeX Warning: Hyper reference `acro:SCARA' on page \es@scroman {ix} undefined 
on input line 53.


LaTeX Warning: Hyper reference `acro:SCB' on page \es@scroman {ix} undefined on
 input line 54.


LaTeX Warning: Hyper reference `acro:SCB' on page \es@scroman {ix} undefined on
 input line 54.


LaTeX Warning: Hyper reference `acro:SML' on page \es@scroman {ix} undefined on
 input line 55.


LaTeX Warning: Hyper reference `acro:SML' on page \es@scroman {ix} undefined on
 input line 55.


LaTeX Warning: Hyper reference `acro:SRI' on page \es@scroman {ix} undefined on
 input line 56.


LaTeX Warning: Hyper reference `acro:SRI' on page \es@scroman {ix} undefined on
 input line 56.


LaTeX Warning: Hyper reference `acro:TC' on page \es@scroman {ix} undefined on 
input line 57.


LaTeX Warning: Hyper reference `acro:TC' on page \es@scroman {ix} undefined on 
input line 57.


LaTeX Warning: Hyper reference `acro:UR' on page \es@scroman {ix} undefined on 
input line 58.


LaTeX Warning: Hyper reference `acro:UR' on page \es@scroman {ix} undefined on 
input line 58.


LaTeX Warning: Hyper reference `acro:UWB' on page \es@scroman {ix} undefined on
 input line 59.


LaTeX Warning: Hyper reference `acro:UWB' on page \es@scroman {ix} undefined on
 input line 59.


LaTeX Warning: Hyper reference `acro:VA' on page \es@scroman {ix} undefined on 
input line 60.


LaTeX Warning: Hyper reference `acro:VA' on page \es@scroman {ix} undefined on 
input line 60.


LaTeX Warning: Hyper reference `acro:YOLO' on page \es@scroman {ix} undefined o
n input line 61.


LaTeX Warning: Hyper reference `acro:YOLO' on page \es@scroman {ix} undefined o
n input line 61.

)
LaTeX Info: Redefining \. on input line 13.
LaTeX Info: Redefining \% on input line 13.
 [9] (./memoria.toc
LaTeX Info: Redefining \. on input line 1.
LaTeX Info: Redefining \% on input line 1.
LaTeX Font Info:    External font `cmex10' loaded for size
(Font)              <12> on input line 3.
LaTeX Font Info:    External font `cmex10' loaded for size
(Font)              <8> on input line 3.
LaTeX Font Info:    External font `cmex10' loaded for size
(Font)              <6> on input line 3.
 [10


])
\tf@toc=\write5
\openout5 = `memoria.toc'.

LaTeX Info: Redefining \. on input line 17.
LaTeX Info: Redefining \% on input line 17.
 [11] (./memoria.lof
LaTeX Info: Redefining \. on input line 1.
LaTeX Info: Redefining \% on input line 1.
 [12

])
\tf@lof=\write6
\openout6 = `memoria.lof'.

LaTeX Info: Redefining \. on input line 20.
LaTeX Info: Redefining \% on input line 20.
 [13] (./memoria.locode)
\tf@locode=\write7
\openout7 = `memoria.locode'.


[14

] (./memoria.lomyequation)
\tf@lomyequation=\write8
\openout8 = `memoria.lomyequation'.

 [15

] (./memoria.lot
LaTeX Info: Redefining \. on input line 1.
LaTeX Info: Redefining \% on input line 1.
)
\tf@lot=\write9
\openout9 = `memoria.lot'.

 [16

])
(./capitulos/capitulo1.tex
Cap\'{\i }tulo 1.

Underfull \hbox (badness 10000) in paragraph at lines 5--6

 []


Underfull \hbox (badness 10000) in paragraph at lines 7--8

 []


Underfull \hbox (badness 10000) in paragraph at lines 9--10

 []


Underfull \hbox (badness 10000) in paragraph at lines 11--12

 []


Underfull \hbox (badness 10000) in paragraph at lines 16--17

 []

[1



]
Underfull \hbox (badness 10000) in paragraph at lines 18--19

 []


Underfull \hbox (badness 10000) in paragraph at lines 20--22

 []


Underfull \hbox (badness 10000) in paragraph at lines 30--31

 []

LaTeX Info: Redefining \. on input line 31.
LaTeX Info: Redefining \% on input line 31.
[2]
Underfull \hbox (badness 10000) in paragraph at lines 33--34

 []

<figs/Engelberger_Devol.png, id=575, 740.7675pt x 582.175pt>
File: figs/Engelberger_Devol.png Graphic file (type png)
<use figs/Engelberger_Devol.png>
Package pdftex.def Info: figs/Engelberger_Devol.png  used on input line 40.
(pdftex.def)             Requested size: 176.40707pt x 138.6322pt.
<figs/Unimate robot.png, id=576, 1191.45125pt x 794.97pt>
File: figs/Unimate robot.png Graphic file (type png)
<use figs/Unimate robot.png>
Package pdftex.def Info: figs/Unimate robot.png  used on input line 42.
(pdftex.def)             Requested size: 207.70511pt x 138.57597pt.

Underfull \hbox (badness 10000) in paragraph at lines 50--51

 []


Underfull \hbox (badness 10000) in paragraph at lines 52--54

 []

LaTeX Info: Redefining \. on input line 54.
LaTeX Info: Redefining \% on input line 54.
[3 <./figs/Engelberger_Devol.png> <./figs/Unimate robot.png>]
<figs/Victor_Scheinman.png, id=591, 741.77126pt x 493.845pt>
File: figs/Victor_Scheinman.png Graphic file (type png)
<use figs/Victor_Scheinman.png>
Package pdftex.def Info: figs/Victor_Scheinman.png  used on input line 58.
(pdftex.def)             Requested size: 176.40707pt x 117.44011pt.
<figs/Standford_arm.jpeg, id=592, 1136.245pt x 666.49pt>
File: figs/Standford_arm.jpeg Graphic file (type jpg)
<use figs/Standford_arm.jpeg>
Package pdftex.def Info: figs/Standford_arm.jpeg  used on input line 60.
(pdftex.def)             Requested size: 202.01456pt x 118.4884pt.
LaTeX Font Info:    External font `cmex10' loaded for size
(Font)              <7> on input line 76.
LaTeX Font Info:    External font `cmex10' loaded for size
(Font)              <5> on input line 76.

Underfull \hbox (badness 10000) in paragraph at lines 76--77

 []

<figs/T3_robot.png, id=599, 446.66875pt x 665.48625pt>
File: figs/T3_robot.png Graphic file (type png)
<use figs/T3_robot.png>
Package pdftex.def Info: figs/T3_robot.png  used on input line 80.
(pdftex.def)             Requested size: 156.49014pt x 233.15723pt.
LaTeX Info: Redefining \. on input line 85.
LaTeX Info: Redefining \% on input line 85.
[4 <./figs/Victor_Scheinman.png> <./figs/Standford_arm.jpeg>]
Underfull \hbox (badness 10000) in paragraph at lines 86--87

 []

<figs/Scara.png, id=615, 598.235pt x 796.9775pt>
File: figs/Scara.png Graphic file (type png)
<use figs/Scara.png>
Package pdftex.def Info: figs/Scara.png  used on input line 92.
(pdftex.def)             Requested size: 128.0374pt x 170.56851pt.
LaTeX Info: Redefining \. on input line 97.
LaTeX Info: Redefining \% on input line 97.
[5 <./figs/T3_robot.png>]
Overfull \hbox (14.30533pt too wide) in paragraph at lines 99--100
\OT1/cmr/m/n/12 1998, sien-do es-te el ro-bot de pic-king m^^Sas r^^Sapi-do del
 mun-do [[]]. 
 []


Underfull \hbox (badness 10000) in paragraph at lines 99--100

 []

<figs/flexpicker_ABB.jpeg, id=625, 203.76125pt x 208.78pt>
File: figs/flexpicker_ABB.jpeg Graphic file (type jpg)
<use figs/flexpicker_ABB.jpeg>
Package pdftex.def Info: figs/flexpicker_ABB.jpeg  used on input line 103.
(pdftex.def)             Requested size: 128.0374pt x 131.19757pt.
LaTeX Info: Redefining \. on input line 111.
LaTeX Info: Redefining \% on input line 111.
[6 <./figs/Scara.png> <./figs/flexpicker_ABB.jpeg>]
Underfull \hbox (badness 10000) in paragraph at lines 112--114

 []


Underfull \hbox (badness 10000) in paragraph at lines 116--118

 []

<figs/MOTOMAN.jpg, id=636, 401.5pt x 448.67625pt>
File: figs/MOTOMAN.jpg Graphic file (type jpg)
<use figs/MOTOMAN.jpg>
Package pdftex.def Info: figs/MOTOMAN.jpg  used on input line 121.
(pdftex.def)             Requested size: 156.49014pt x 174.88034pt.
<figs/RoboAssistant.png, id=639, 487.8225pt x 375.4025pt>
File: figs/RoboAssistant.png Graphic file (type png)
<use figs/RoboAssistant.png>
Package pdftex.def Info: figs/RoboAssistant.png  used on input line 133.
(pdftex.def)             Requested size: 204.85983pt x 157.65079pt.
<figs/Kuka_lightweightrobot_2006.png, id=640, 853.1875pt x 860.21375pt>
File: figs/Kuka_lightweightrobot_2006.png Graphic file (type png)
<use figs/Kuka_lightweightrobot_2006.png>
Package pdftex.def Info: figs/Kuka_lightweightrobot_2006.png  used on input lin
e 135.
(pdftex.def)             Requested size: 156.49014pt x 157.77196pt.
LaTeX Info: Redefining \. on input line 140.
LaTeX Info: Redefining \% on input line 140.
[7 <./figs/MOTOMAN.jpg>]
<figs/PR1.png, id=648, 323.2075pt x 365.365pt>
File: figs/PR1.png Graphic file (type png)
<use figs/PR1.png>
Package pdftex.def Info: figs/PR1.png  used on input line 146.
(pdftex.def)             Requested size: 147.95433pt x 167.25041pt.
<figs/PR2.png, id=649, 296.10625pt x 365.365pt>
File: figs/PR2.png Graphic file (type png)
<use figs/PR2.png>
Package pdftex.def Info: figs/PR2.png  used on input line 148.
(pdftex.def)             Requested size: 142.26378pt x 175.54045pt.
LaTeX Info: Redefining \. on input line 153.
LaTeX Info: Redefining \% on input line 153.
 [8 <./figs/RoboAssistant.png> <./figs/KUKA_lightweightrobot_2006.png>]
Underfull \hbox (badness 10000) in paragraph at lines 154--155

 []

<figs/UR5_controller.png, id=664, 376.40625pt x 297.11pt>
File: figs/UR5_controller.png Graphic file (type png)
<use figs/UR5_controller.png>
Package pdftex.def Info: figs/UR5_controller.png  used on input line 161.
(pdftex.def)             Requested size: 213.39566pt x 168.4432pt.
LaTeX Info: Redefining \. on input line 166.
LaTeX Info: Redefining \% on input line 166.
[9 <./figs/PR1.png> <./figs/PR2.png>]
<figs/UR Automatica 2018.png, id=680, 1307.88625pt x 1031.855pt>
File: figs/UR Automatica 2018.png Graphic file (type png)
<use figs/UR Automatica 2018.png>
Package pdftex.def Info: figs/UR Automatica 2018.png  used on input line 172.
(pdftex.def)             Requested size: 213.39566pt x 168.3436pt.
<figs/UR e-series.jpg, id=681, 752.8125pt x 752.8125pt>
File: figs/UR e-series.jpg Graphic file (type jpg)
<use figs/UR e-series.jpg>
Package pdftex.def Info: figs/UR e-series.jpg  used on input line 174.
(pdftex.def)             Requested size: 184.9429pt x 184.94035pt.
LaTeX Info: Redefining \. on input line 181.
LaTeX Info: Redefining \% on input line 181.
 [10 <./figs/UR5_controller.png> <./figs/UR Automatica 2018.png> <./figs/UR e-S
eries.jpg>]
Underfull \hbox (badness 10000) in paragraph at lines 188--189

 []


Underfull \hbox (badness 10000) in paragraph at lines 202--208

 []


Overfull \hbox (4.8194pt too wide) in paragraph at lines 222--223
[]\OT1/cmr/m/n/12 Tratando de es-ta-ble-cer una di-vi-si^^Son de los ro-bots de
 ser-vi-cio, la nor-ma ISO 8373:2012,
 []

LaTeX Info: Redefining \. on input line 226.
LaTeX Info: Redefining \% on input line 226.
[11]
<figs/roomba.jpg, id=704, 669.50125pt x 313.17pt>
File: figs/roomba.jpg Graphic file (type jpg)
<use figs/roomba.jpg>
Package pdftex.def Info: figs/roomba.jpg  used on input line 229.
(pdftex.def)             Requested size: 256.0748pt x 119.78473pt.
<figs/Spot.png, id=705, 969.6225pt x 673.51625pt>
File: figs/Spot.png Graphic file (type png)
<use figs/Spot.png>
Package pdftex.def Info: figs/Spot.png  used on input line 240.
(pdftex.def)             Requested size: 170.71652pt x 118.57622pt.
<figs/ROBTET.png, id=706, 614.295pt x 465.74pt>
File: figs/ROBTET.png Graphic file (type png)
<use figs/ROBTET.png>
Package pdftex.def Info: figs/ROBTET.png  used on input line 242.
(pdftex.def)             Requested size: 156.49014pt x 118.64487pt.

Underfull \hbox (badness 10000) in paragraph at lines 249--252

 []

<figs/Robot NAO.jpg, id=707, 1969.3575pt x 2623.8025pt>
File: figs/Robot NAO.jpg Graphic file (type jpg)
<use figs/Robot NAO.jpg>
Package pdftex.def Info: figs/Robot NAO.jpg  used on input line 256.
(pdftex.def)             Requested size: 113.81102pt x 151.61613pt.
<figs/Turtlebot 4.png, id=708, 614.295pt x 619.31375pt>
File: figs/Turtlebot 4.png Graphic file (type png)
<use figs/Turtlebot 4.png>
Package pdftex.def Info: figs/Turtlebot 4.png  used on input line 258.
(pdftex.def)             Requested size: 150.79959pt x 152.03087pt.
LaTeX Info: Redefining \. on input line 263.
LaTeX Info: Redefining \% on input line 263.
[12 <./figs/roomba.jpg> <./figs/Spot.png> <./figs/ROBTET.png>]
<figs/AGV Amazon.png, id=718, 946.53625pt x 477.785pt>
File: figs/AGV Amazon.png Graphic file (type png)
<use figs/AGV Amazon.png>
Package pdftex.def Info: figs/AGV Amazon.png  used on input line 279.
(pdftex.def)             Requested size: 190.63345pt x 96.22601pt.
<figs/MiR.png, id=719, 618.31pt x 385.44pt>
File: figs/MiR.png Graphic file (type png)
<use figs/MiR.png>
Package pdftex.def Info: figs/MiR.png  used on input line 281.
(pdftex.def)             Requested size: 156.49014pt x 97.55367pt.
LaTeX Info: Redefining \. on input line 288.
LaTeX Info: Redefining \% on input line 288.
 [13 <./figs/Robot NAO.jpg> <./figs/Turtlebot 4.png> <./figs/AGV Amazon.png> <.
/figs/MiR.png>]
<figs/SONY Aibo.png, id=732, 571.13374pt x 434.62375pt>
File: figs/SONY Aibo.png Graphic file (type png)
<use figs/SONY Aibo.png>
Package pdftex.def Info: figs/SONY Aibo.png  used on input line 293.
(pdftex.def)             Requested size: 142.26378pt x 108.25775pt.
<figs/Dron DJI Spark.png, id=733, 1225.57875pt x 621.32124pt>
File: figs/Dron DJI Spark.png Graphic file (type png)
<use figs/Dron DJI Spark.png>
Package pdftex.def Info: figs/Dron DJI Spark.png  used on input line 295.
(pdftex.def)             Requested size: 216.24094pt x 109.62402pt.

Underfull \hbox (badness 10000) in paragraph at lines 308--309

 []


Underfull \hbox (badness 10000) in paragraph at lines 310--311

 []

<figs/Robot Da Vinci.png, id=737, 705.63625pt x 387.4475pt>
File: figs/Robot Da Vinci.png Graphic file (type png)
<use figs/Robot Da Vinci.png>
Package pdftex.def Info: figs/Robot Da Vinci.png  used on input line 314.
(pdftex.def)             Requested size: 284.52756pt x 156.22368pt.
LaTeX Info: Redefining \. on input line 319.
LaTeX Info: Redefining \% on input line 319.
[14 <./figs/SONY Aibo.png> <./figs/Dron DJI Spark.png>]
Underfull \hbox (badness 10000) in paragraph at lines 320--322

 []


Underfull \hbox (badness 10000) in paragraph at lines 334--335

 []


Underfull \hbox (badness 10000) in paragraph at lines 341--343

 []

LaTeX Info: Redefining \. on input line 343.
LaTeX Info: Redefining \% on input line 343.
[15 <./figs/Robot Da Vinci.png>]
Underfull \hbox (badness 10000) in paragraph at lines 344--345

 []


Underfull \hbox (badness 10000) in paragraph at lines 348--349

 []

<figs/Modelos de inteligencia.png, id=765, 481.8pt x 454.69875pt>
File: figs/Modelos de inteligencia.png Graphic file (type png)
<use figs/Modelos de inteligencia.png>
Package pdftex.def Info: figs/Modelos de inteligencia.png  used on input line 3
52.
(pdftex.def)             Requested size: 256.0748pt x 241.67606pt.
LaTeX Info: Redefining \. on input line 357.
LaTeX Info: Redefining \% on input line 357.
[16]
Underfull \hbox (badness 10000) in paragraph at lines 365--366

 []


Overfull \hbox (4.9707pt too wide) in paragraph at lines 367--368
\OT1/cmr/m/n/12 ce-sos pue-den ser sub-di-vi-di-dos a su vez en [[]]
 []


Underfull \hbox (badness 10000) in paragraph at lines 367--368

 []

<figs/Procesos de la visión artificial.png, id=779, 1307.88625pt x 575.14874pt
>
File: figs/Procesos de la visión artificial.png Graphic file (type png)
<use figs/Procesos de la visión artificial.png>
Package pdftex.def Info: figs/Procesos de la visión artificial.png  used on in
put line 371.
(pdftex.def)             Requested size: 426.77428pt x 199.16371pt.
LaTeX Info: Redefining \. on input line 376.
LaTeX Info: Redefining \% on input line 376.
[17 <./figs/Modelos de inteligencia.png>]
LaTeX Info: Redefining \. on input line 395.
LaTeX Info: Redefining \% on input line 395.
 [18 <./figs/Procesos de la visión artificial.png>]
Underfull \hbox (badness 10000) in paragraph at lines 405--406

 []


Underfull \hbox (badness 10000) in paragraph at lines 430--431

 []

<figs/Algoritmos de ML.png, id=806, 483.8075pt x 480.79625pt>
File: figs/Algoritmos de ML.png Graphic file (type png)
<use figs/Algoritmos de ML.png>
Package pdftex.def Info: figs/Algoritmos de ML.png  used on input line 434.
(pdftex.def)             Requested size: 256.0748pt x 254.49065pt.
LaTeX Info: Redefining \. on input line 439.
LaTeX Info: Redefining \% on input line 439.
[19]
Underfull \hbox (badness 10000) in paragraph at lines 445--446

 []


Underfull \hbox (badness 10000) in paragraph at lines 447--448

 []

LaTeX Info: Redefining \. on input line 448.
LaTeX Info: Redefining \% on input line 448.
[20 <./figs/Algoritmos de ML.png>]
<figs/Modelo neurona.jpeg, id=820, 1000.73875pt x 425.59pt>
File: figs/Modelo neurona.jpeg Graphic file (type jpg)
<use figs/Modelo neurona.jpeg>
Package pdftex.def Info: figs/Modelo neurona.jpeg  used on input line 452.
(pdftex.def)             Requested size: 426.79134pt x 181.5065pt.

Underfull \hbox (badness 10000) in paragraph at lines 458--460

 []

<figs/capas rrnn.jpeg, id=823, 745.78625pt x 592.2125pt>
File: figs/capas rrnn.jpeg Graphic file (type jpg)
<use figs/capas rrnn.jpeg>
Package pdftex.def Info: figs/capas rrnn.jpeg  used on input line 463.
(pdftex.def)             Requested size: 256.0748pt x 203.33759pt.
LaTeX Info: Redefining \. on input line 468.
LaTeX Info: Redefining \% on input line 468.
[21 <./figs/Modelo neurona.jpeg>]
Underfull \hbox (badness 10000) in paragraph at lines 473--474

 []

)
Underfull \hbox (badness 10000) in paragraph at lines 475--21

 []


Underfull \hbox (badness 10000) in paragraph at lines 475--21

 []


Underfull \hbox (badness 10000) in paragraph at lines 475--21

 []

(./capitulos/capitulo2.tex
LaTeX Info: Redefining \. on input line 1.
LaTeX Info: Redefining \% on input line 1.
 [22 <./figs/capas rrnn.jpeg>]
Cap\'{\i }tulo 2.

Underfull \hbox (badness 10000) in paragraph at lines 6--7

 []

<figs/Representación robots agrícolas.png, id=837, 1108.14pt x 658.46pt>
File: figs/Representación robots agrícolas.png Graphic file (type png)
<use figs/Representación robots agrícolas.png>
Package pdftex.def Info: figs/Representación robots agrícolas.png  used on in
put line 12.
(pdftex.def)             Requested size: 341.43306pt x 202.87463pt.

Underfull \hbox (badness 10000) in paragraph at lines 18--19

 []

[23

 <./figs/Representación robots agrícolas.png>]
Underfull \hbox (badness 10000) in paragraph at lines 20--21

 []

<figs/Rendimiento cosecha robots.png, id=847, 1103.12125pt x 615.29875pt>
File: figs/Rendimiento cosecha robots.png Graphic file (type png)
<use figs/Rendimiento cosecha robots.png>
Package pdftex.def Info: figs/Rendimiento cosecha robots.png  used on input lin
e 27.
(pdftex.def)             Requested size: 426.79134pt x 238.05963pt.
LaTeX Info: Redefining \. on input line 34.
LaTeX Info: Redefining \% on input line 34.
[24 <./figs/Rendimiento cosecha robots.png>]
<figs/Agrobot.jpg, id=859, 688.5725pt x 387.4475pt>
File: figs/Agrobot.jpg Graphic file (type jpg)
<use figs/Agrobot.jpg>
Package pdftex.def Info: figs/Agrobot.jpg  used on input line 45.
(pdftex.def)             Requested size: 199.16928pt x 112.0672pt.
<figs/Agrobot 3D.png, id=860, 609.27625pt x 327.2225pt>
File: figs/Agrobot 3D.png Graphic file (type png)
<use figs/Agrobot 3D.png>
Package pdftex.def Info: figs/Agrobot 3D.png  used on input line 47.
(pdftex.def)             Requested size: 199.16928pt x 106.96518pt.
LaTeX Info: Redefining \. on input line 54.
LaTeX Info: Redefining \% on input line 54.
 [25 <./figs/Agrobot.jpg> <./figs/Agrobot 3D.png>]
Underfull \hbox (badness 10000) in paragraph at lines 54--55

 []

<figs/DiseñoConceptual_Octinion.png, id=875, 604.2575pt x 322.20375pt>
File: figs/DiseñoConceptual_Octinion.png Graphic file (type png)
<use figs/DiseñoConceptual_Octinion.png>
Package pdftex.def Info: figs/DiseñoConceptual_Octinion.png  used on input lin
e 60.
(pdftex.def)             Requested size: 341.43306pt x 182.0602pt.

Underfull \hbox (badness 10000) in paragraph at lines 66--69

 []

LaTeX Info: Redefining \. on input line 79.
LaTeX Info: Redefining \% on input line 79.
[26 <./figs/DiseñoConceptual_Octinion.png>]
<figs/Dogtooth.jpg, id=887, 1313.90875pt x 941.5175pt>
File: figs/Dogtooth.jpg Graphic file (type jpg)
<use figs/Dogtooth.jpg>
Package pdftex.def Info: figs/Dogtooth.jpg  used on input line 84.
(pdftex.def)             Requested size: 284.52756pt x 203.88768pt.
<figs/Brazo Dogtooth.png, id=888, 1568.86125pt x 612.2875pt>
File: figs/Brazo Dogtooth.png Graphic file (type png)
<use figs/Brazo Dogtooth.png>
Package pdftex.def Info: figs/Brazo Dogtooth.png  used on input line 86.
(pdftex.def)             Requested size: 284.52756pt x 111.0385pt.
LaTeX Info: Redefining \. on input line 92.
LaTeX Info: Redefining \% on input line 92.
 [27 <./figs/Dogtooth.jpg> <./figs/Brazo Dogtooth.png>]
<figs/Hardware assembly in a strawberry farm.jpg, id=900, 234.73296pt x 225.482
4pt>
File: figs/Hardware assembly in a strawberry farm.jpg Graphic file (type jpg)
<use figs/Hardware assembly in a strawberry farm.jpg>
Package pdftex.def Info: figs/Hardware assembly in a strawberry farm.jpg  used 
on input line 97.
(pdftex.def)             Requested size: 256.0748pt x 245.99457pt.
LaTeX Info: Redefining \. on input line 112.
LaTeX Info: Redefining \% on input line 112.
 [28 <./figs/Hardware assembly in a strawberry farm.jpg>]
LaTeX Font Info:    Trying to load font information for U+lasy on input line 11
9.

(/usr/share/texlive/texmf-dist/tex/latex/base/ulasy.fd
File: ulasy.fd 1998/08/17 v2.2e LaTeX symbol font definitions
)
<figs/Componentes recolector tomates.png, id=909, 842.14626pt x 380.42125pt>
File: figs/Componentes recolector tomates.png Graphic file (type png)
<use figs/Componentes recolector tomates.png>
Package pdftex.def Info: figs/Componentes recolector tomates.png  used on input
 line 135.
(pdftex.def)             Requested size: 327.20668pt x 147.80643pt.
<figs/Diseño 3D recolector tomates.png, id=910, 952.55875pt x 495.8525pt>
File: figs/Diseño 3D recolector tomates.png Graphic file (type png)
<use figs/Diseño 3D recolector tomates.png>
Package pdftex.def Info: figs/Diseño 3D recolector tomates.png  used on input 
line 137.
(pdftex.def)             Requested size: 327.20668pt x 170.32782pt.
LaTeX Info: Redefining \. on input line 143.
LaTeX Info: Redefining \% on input line 143.
 [29]
Underfull \hbox (badness 10000) in paragraph at lines 146--147

 []

) (./capitulos/capitulo3.tex
LaTeX Info: Redefining \. on input line 1.
LaTeX Info: Redefining \% on input line 1.
 [30 <./figs/Componentes recolector tomates.png> <./figs/Diseño 3D recolector 
tomates.png>]
Cap\'{\i }tulo 3.

Underfull \hbox (badness 10000) in paragraph at lines 10--11

 []


Underfull \hbox (badness 10000) in paragraph at lines 12--13

 []

[31

]
LaTeX Info: Redefining \. on input line 40.
LaTeX Info: Redefining \% on input line 40.
 [32]
LaTeX Info: Redefining \. on input line 55.
LaTeX Info: Redefining \% on input line 55.
 [33]
LaTeX Info: Redefining \. on input line 67.
LaTeX Info: Redefining \% on input line 67.
 [34]
Underfull \hbox (badness 10000) in paragraph at lines 76--77

 []

LaTeX Info: Redefining \. on input line 83.
LaTeX Info: Redefining \% on input line 83.
[35]
<figs/DMADV.png, id=977, 589.20125pt x 593.21625pt>
File: figs/DMADV.png Graphic file (type png)
<use figs/DMADV.png>
Package pdftex.def Info: figs/DMADV.png  used on input line 90.
(pdftex.def)             Requested size: 199.16928pt x 200.52318pt.
LaTeX Info: Redefining \. on input line 96.
LaTeX Info: Redefining \% on input line 96.
 [36 <./figs/DMADV.png>]
LaTeX Info: Redefining \. on input line 108.
LaTeX Info: Redefining \% on input line 108.
 [37]
Overfull \hbox (3.26122pt too wide) in paragraph at lines 108--113
\OT1/cmr/m/n/12 Todo el con-te-ni-do del pro-yec-to se pue-de en-con-trar en un
 re-po-si-to-rio p^^Subli-co de GitHub[][][],
 []


Underfull \hbox (badness 10000) in paragraph at lines 108--113

 []


Underfull \hbox (badness 10000) in paragraph at lines 108--113

 []


Underfull \hbox (badness 10000) in paragraph at lines 108--113

 []

) (./capitulos/capitulo4.tex
LaTeX Info: Redefining \. on input line 1.
LaTeX Info: Redefining \% on input line 1.
 [38]
Cap\'{\i }tulo 4.
<figs/logi C270.png, id=1003, 257.763pt x 208.3785pt>
File: figs/logi C270.png Graphic file (type png)
<use figs/logi C270.png>
Package pdftex.def Info: figs/logi C270.png  used on input line 19.
(pdftex.def)             Requested size: 142.26378pt x 115.01233pt.
[39

 <./figs/logi C270.png>]
<figs/Soporte de brazo articulado.jpeg, id=1017, 1084.05pt x 1108.14pt>
File: figs/Soporte de brazo articulado.jpeg Graphic file (type jpg)
<use figs/Soporte de brazo articulado.jpeg>
Package pdftex.def Info: figs/Soporte de brazo articulado.jpeg  used on input l
ine 35.
(pdftex.def)             Requested size: 142.26378pt x 145.41595pt.

Underfull \hbox (badness 10000) in paragraph at lines 62--62
[][]\OT1/cmr/m/n/10 https://www.pccomponentes.com/lenovo-legion-5-15imh05-intel
-core-i7-10750h-16gb-1tb-ssd-
 []

LaTeX Info: Redefining \. on input line 108.
LaTeX Info: Redefining \% on input line 108.
[40 <./figs/Soporte de brazo articulado.jpeg>]
Underfull \hbox (badness 10000) in paragraph at lines 111--112

 []


Underfull \hbox (badness 10000) in paragraph at lines 113--116

 []

<figs/Gama e-series.png, id=1035, 690.58pt x 195.73125pt>
File: figs/Gama e-series.png Graphic file (type png)
<use figs/Gama e-series.png>
Package pdftex.def Info: figs/Gama e-series.png  used on input line 133.
(pdftex.def)             Requested size: 426.79134pt x 120.96683pt.
LaTeX Info: Redefining \. on input line 138.
LaTeX Info: Redefining \% on input line 138.
[41]
Underfull \hbox (badness 10000) in paragraph at lines 146--148

 []

LaTeX Info: Redefining \. on input line 171.
LaTeX Info: Redefining \% on input line 171.
[42 <./figs/Gama e-series.png>]
Underfull \hbox (badness 10000) in paragraph at lines 175--176

 []


Underfull \hbox (badness 10000) in paragraph at lines 177--178

 []

<figs/InterfazPolyscope5.png, id=1068, 1284.8pt x 806.01125pt>
File: figs/InterfazPolyscope5.png Graphic file (type png)
<use figs/InterfazPolyscope5.png>
Package pdftex.def Info: figs/InterfazPolyscope5.png  used on input line 183.
(pdftex.def)             Requested size: 426.79134pt x 267.74324pt.
LaTeX Info: Redefining \. on input line 188.
LaTeX Info: Redefining \% on input line 188.
[43]
LaTeX Info: Redefining \. on input line 205.
LaTeX Info: Redefining \% on input line 205.
 [44 <./figs/InterfazPolyscope5.png (PNG copy)>]
Underfull \hbox (badness 10000) in paragraph at lines 214--215

 []


Underfull \hbox (badness 10000) in paragraph at lines 221--222

 []

LaTeX Info: Redefining \. on input line 224.
LaTeX Info: Redefining \% on input line 224.
[45]
Underfull \hbox (badness 10000) in paragraph at lines 228--229

 []


Underfull \hbox (badness 10000) in paragraph at lines 235--236

 []

LaTeX Info: Redefining \. on input line 238.
LaTeX Info: Redefining \% on input line 238.
[46]
Underfull \hbox (badness 10000) in paragraph at lines 242--243

 []


Underfull \hbox (badness 10000) in paragraph at lines 249--251

 []

LaTeX Info: Redefining \. on input line 253.
LaTeX Info: Redefining \% on input line 253.
[47]) (./capitulos/capitulo5.tex
LaTeX Info: Redefining \. on input line 1.
LaTeX Info: Redefining \% on input line 1.
 [48]
Cap\'{\i }tulo 5.

Package hyperref Warning: Token not allowed in a PDF string (Unicode):
(hyperref)                removing `\\' on input line 2.


Underfull \hbox (badness 10000) in paragraph at lines 8--9

 []

Package hyperref Info: bookmark level for unknown code defaults to 0 on input l
ine 34.

LaTeX Warning: `h' float specifier changed to `ht'.


Overfull \hbox (7.50859pt too wide) in paragraph at lines 60--61
\OT1/cmr/m/n/12 variables--- en el tex-to, usa el en-torno li-te-ral o ver-ba-t
im [][]\OT1/cmtt/m/n/12 hypothesizeParallelograms()[]\OT1/cmr/m/n/12 .
 []

[49

]
Package hyperref Info: bookmark level for unknown myequation defaults to 0 on i
nput line 78.
LaTeX Info: Redefining \. on input line 98.
LaTeX Info: Redefining \% on input line 98.

Overfull \hbox (396.60428pt too wide) has occurred while \output is active
\OT1/cmr/m/sl/12 CAP[]ITULO 5.  SISTEMA DE RECONOCIMIENTO POR VISI[]ON DE MADUR
ACI[]ON DE FRUTOS PARA SU RECOLECCI[]ON CON UN BRAZO ROB[]OTICO \OT1/cmr/m/n/12
 50
 []

[50]) (./capitulos/capitulo6.tex
LaTeX Info: Redefining \. on input line 1.
LaTeX Info: Redefining \% on input line 1.

Overfull \hbox (396.60428pt too wide) has occurred while \output is active
\OT1/cmr/m/sl/12 CAP[]ITULO 5.  SISTEMA DE RECONOCIMIENTO POR VISI[]ON DE MADUR
ACI[]ON DE FRUTOS PARA SU RECOLECCI[]ON CON UN BRAZO ROB[]OTICO \OT1/cmr/m/n/12
 51
 []

[51]
Cap\'{\i }tulo 6.
[52

]
<figs/Pasos finales del entrenamiento_TF.png, id=1208, 736.7525pt x 705.63625pt
>
File: figs/Pasos finales del entrenamiento_TF.png Graphic file (type png)
<use figs/Pasos finales del entrenamiento_TF.png>
Package pdftex.def Info: figs/Pasos finales del entrenamiento_TF.png  used on i
nput line 36.
(pdftex.def)             Requested size: 199.16191pt x 142.2553pt.
<figs/checkpoints_TF.png, id=1209, 1212.53pt x 549.05125pt>
File: figs/checkpoints_TF.png Graphic file (type png)
<use figs/checkpoints_TF.png>
Package pdftex.def Info: figs/checkpoints_TF.png  used on input line 38.
(pdftex.def)             Requested size: 199.17073pt x 142.26404pt.
<figs/tigre_1.jpeg, id=1211, 1156.32pt x 650.43pt>
File: figs/tigre_1.jpeg Graphic file (type jpg)
<use figs/tigre_1.jpeg>
Package pdftex.def Info: figs/tigre_1.jpeg  used on input line 51.
(pdftex.def)             Requested size: 202.87111pt x 114.11476pt.
<figs/tigre_2.jpeg, id=1212, 1156.32pt x 650.43pt>
File: figs/tigre_2.jpeg Graphic file (type jpg)
<use figs/tigre_2.jpeg>
Package pdftex.def Info: figs/tigre_2.jpeg  used on input line 56.
(pdftex.def)             Requested size: 202.87111pt x 114.11476pt.
<figs/tigre_4.jpeg, id=1213, 1156.32pt x 650.43pt>
File: figs/tigre_4.jpeg Graphic file (type jpg)
<use figs/tigre_4.jpeg>
Package pdftex.def Info: figs/tigre_4.jpeg  used on input line 62.
(pdftex.def)             Requested size: 202.87111pt x 114.11476pt.
<figs/tigre_5.jpeg, id=1214, 1156.32pt x 650.43pt>
File: figs/tigre_5.jpeg Graphic file (type jpg)
<use figs/tigre_5.jpeg>
Package pdftex.def Info: figs/tigre_5.jpeg  used on input line 67.
(pdftex.def)             Requested size: 202.87111pt x 114.11476pt.
LaTeX Info: Redefining \. on input line 72.
LaTeX Info: Redefining \% on input line 72.
 [53 <./figs/Pasos finales del entrenamiento_TF.png> <./figs/checkpoints_TF.png
>]
<figs/tigre_1_v2.jpeg, id=1224, 1156.32pt x 650.43pt>
File: figs/tigre_1_v2.jpeg Graphic file (type jpg)
<use figs/tigre_1_v2.jpeg>
Package pdftex.def Info: figs/tigre_1_v2.jpeg  used on input line 80.
(pdftex.def)             Requested size: 202.87111pt x 114.11476pt.
<figs/tigre_2_v2.jpeg, id=1225, 1156.32pt x 650.43pt>
File: figs/tigre_2_v2.jpeg Graphic file (type jpg)
<use figs/tigre_2_v2.jpeg>
Package pdftex.def Info: figs/tigre_2_v2.jpeg  used on input line 85.
(pdftex.def)             Requested size: 202.87111pt x 114.11476pt.
<figs/tigre_4_v2.jpeg, id=1226, 1156.32pt x 650.43pt>
File: figs/tigre_4_v2.jpeg Graphic file (type jpg)
<use figs/tigre_4_v2.jpeg>
Package pdftex.def Info: figs/tigre_4_v2.jpeg  used on input line 91.
(pdftex.def)             Requested size: 202.87111pt x 114.11476pt.
<figs/tigre_5_v2.jpeg, id=1227, 1156.32pt x 650.43pt>
File: figs/tigre_5_v2.jpeg Graphic file (type jpg)
<use figs/tigre_5_v2.jpeg>
Package pdftex.def Info: figs/tigre_5_v2.jpeg  used on input line 96.
(pdftex.def)             Requested size: 202.87111pt x 114.11476pt.
LaTeX Info: Redefining \. on input line 101.
LaTeX Info: Redefining \% on input line 101.
 [54 <./figs/tigre_1.jpeg> <./figs/tigre_2.jpeg> <./figs/tigre_4.jpeg> <./figs/
tigre_5.jpeg>]
Underfull \hbox (badness 10000) in paragraph at lines 103--104

 []

<figs/999.jpeg, id=1235, 1156.32pt x 650.43pt>
File: figs/999.jpeg Graphic file (type jpg)
<use figs/999.jpeg>
Package pdftex.def Info: figs/999.jpeg  used on input line 112.
(pdftex.def)             Requested size: 198.45662pt x 111.62366pt.
<figs/947.jpeg, id=1236, 1156.32pt x 650.43pt>
File: figs/947.jpeg Graphic file (type jpg)
<use figs/947.jpeg>
Package pdftex.def Info: figs/947.jpeg  used on input line 117.
(pdftex.def)             Requested size: 198.45662pt x 111.62366pt.
<figs/868.jpeg, id=1237, 1156.32pt x 650.43pt>
File: figs/868.jpeg Graphic file (type jpg)
<use figs/868.jpeg>
Package pdftex.def Info: figs/868.jpeg  used on input line 123.
(pdftex.def)             Requested size: 198.45662pt x 111.62366pt.
<figs/1000.jpeg, id=1238, 1156.32pt x 650.43pt>
File: figs/1000.jpeg Graphic file (type jpg)
<use figs/1000.jpeg>
Package pdftex.def Info: figs/1000.jpeg  used on input line 128.
(pdftex.def)             Requested size: 198.45662pt x 111.62366pt.
LaTeX Info: Redefining \. on input line 133.
LaTeX Info: Redefining \% on input line 133.
[55 <./figs/tigre_1_v2.jpeg> <./figs/tigre_2_v2.jpeg> <./figs/tigre_4_v2.jpeg> 
<./figs/tigre_5_v2.jpeg>]
<figs/ssd_mobilenet_v2_320x320_coco17_tpu-8.jpeg, id=1248, 756.8275pt x 409.53p
t>
File: figs/ssd_mobilenet_v2_320x320_coco17_tpu-8.jpeg Graphic file (type jpg)
<use figs/ssd_mobilenet_v2_320x320_coco17_tpu-8.jpeg>
Package pdftex.def Info: figs/ssd_mobilenet_v2_320x320_coco17_tpu-8.jpeg  used 
on input line 144.
(pdftex.def)             Requested size: 199.17255pt x 142.26283pt.
<figs/webcam ssd_mobilenet_v2_320x320_coco17_tpu-8.png, id=1249, 644.4075pt x 5
83.17876pt>
File: figs/webcam ssd_mobilenet_v2_320x320_coco17_tpu-8.png Graphic file (type 
png)
<use figs/webcam ssd_mobilenet_v2_320x320_coco17_tpu-8.png>
Package pdftex.def Info: figs/webcam ssd_mobilenet_v2_320x320_coco17_tpu-8.png 
 used on input line 146.
(pdftex.def)             Requested size: 199.16446pt x 142.2616pt.
LaTeX Info: Redefining \. on input line 151.
LaTeX Info: Redefining \% on input line 151.
 [56 <./figs/999.jpeg> <./figs/947.jpeg> <./figs/868.jpeg> <./figs/1000.jpeg>]
<figs/efficientdet_d4_coco17_tpu-32.jpeg, id=1254, 756.8275pt x 409.53pt>
File: figs/efficientdet_d4_coco17_tpu-32.jpeg Graphic file (type jpg)
<use figs/efficientdet_d4_coco17_tpu-32.jpeg>
Package pdftex.def Info: figs/efficientdet_d4_coco17_tpu-32.jpeg  used on input
 line 156.
(pdftex.def)             Requested size: 199.17255pt x 142.26283pt.
<figs/webcam efficientdet_d4_coco17_tpu-32.png, id=1255, 633.36626pt x 582.175p
t>
File: figs/webcam efficientdet_d4_coco17_tpu-32.png Graphic file (type png)
<use figs/webcam efficientdet_d4_coco17_tpu-32.png>
Package pdftex.def Info: figs/webcam efficientdet_d4_coco17_tpu-32.png  used on
 input line 158.
(pdftex.def)             Requested size: 199.16351pt x 142.25658pt.
<figs/faster_rcnn_resnet50_v1_640x640_coco17_tpu-8.jpeg, id=1256, 756.8275pt x 
409.53pt>
File: figs/faster_rcnn_resnet50_v1_640x640_coco17_tpu-8.jpeg Graphic file (type
 jpg)
<use figs/faster_rcnn_resnet50_v1_640x640_coco17_tpu-8.jpeg>
Package pdftex.def Info: figs/faster_rcnn_resnet50_v1_640x640_coco17_tpu-8.jpeg
  used on input line 167.
(pdftex.def)             Requested size: 199.17255pt x 142.26283pt.
<figs/webcam faster_rcnn_resnet50_v1_640x640_coco17_tpu-8.png, id=1257, 644.407
5pt x 582.175pt>
File: figs/webcam faster_rcnn_resnet50_v1_640x640_coco17_tpu-8.png Graphic file
 (type png)
<use figs/webcam faster_rcnn_resnet50_v1_640x640_coco17_tpu-8.png>
Package pdftex.def Info: figs/webcam faster_rcnn_resnet50_v1_640x640_coco17_tpu
-8.png  used on input line 169.
(pdftex.def)             Requested size: 199.16446pt x 142.25658pt.
LaTeX Info: Redefining \. on input line 176.
LaTeX Info: Redefining \% on input line 176.
 [57 <./figs/ssd_mobilenet_v2_320x320_coco17_tpu-8.jpeg> <./figs/webcam ssd_mob
ilenet_v2_320x320_coco17_tpu-8.png> <./figs/efficientdet_d4_coco17_tpu-32.jpeg>
 <./figs/webcam efficientdet_d4_coco17_tpu-32.png> <./figs/faster_rcnn_resnet50
_v1_640x640_coco17_tpu-8.jpeg> <./figs/webcam faster_rcnn_resnet50_v1_640x640_c
oco17_tpu-8.png>]
Underfull \hbox (badness 10000) in paragraph at lines 177--178

 []


Underfull \hbox (badness 10000) in paragraph at lines 179--180

 []

LaTeX Info: Redefining \. on input line 183.
LaTeX Info: Redefining \% on input line 183.
[58]
<figs/Deteccion una fresa luz natural dia JN.png, id=1283, 804.00375pt x 703.62
875pt>
File: figs/Deteccion una fresa luz natural dia JN.png Graphic file (type png)
<use figs/Deteccion una fresa luz natural dia JN.png>
Package pdftex.def Info: figs/Deteccion una fresa luz natural dia JN.png  used 
on input line 189.
(pdftex.def)             Requested size: 132.30666pt x 115.78236pt.
<figs/Deteccion una fresa luz artificial dia JN.png, id=1284, 801.99625pt x 706
.64pt>
File: figs/Deteccion una fresa luz artificial dia JN.png Graphic file (type png
)
<use figs/Deteccion una fresa luz artificial dia JN.png>
Package pdftex.def Info: figs/Deteccion una fresa luz artificial dia JN.png  us
ed on input line 191.
(pdftex.def)             Requested size: 132.30666pt x 116.569pt.
<figs/Deteccion una fresa luz artificial de noche JN.png, id=1285, 801.99625pt 
x 706.64pt>
File: figs/Deteccion una fresa luz artificial de noche JN.png Graphic file (typ
e png)
<use figs/Deteccion una fresa luz artificial de noche JN.png>
Package pdftex.def Info: figs/Deteccion una fresa luz artificial de noche JN.pn
g  used on input line 193.
(pdftex.def)             Requested size: 132.30666pt x 116.569pt.
<figs/Deteccion varias fresas luz natural dia JN.png, id=1286, 804.00375pt x 70
3.62875pt>
File: figs/Deteccion varias fresas luz natural dia JN.png Graphic file (type pn
g)
<use figs/Deteccion varias fresas luz natural dia JN.png>
Package pdftex.def Info: figs/Deteccion varias fresas luz natural dia JN.png  u
sed on input line 198.
(pdftex.def)             Requested size: 132.30666pt x 115.78236pt.
<figs/Deteccion varias fresas luz artificial dia JN.png, id=1287, 801.99625pt x
 706.64pt>
File: figs/Deteccion varias fresas luz artificial dia JN.png Graphic file (type
 png)
<use figs/Deteccion varias fresas luz artificial dia JN.png>
Package pdftex.def Info: figs/Deteccion varias fresas luz artificial dia JN.png
  used on input line 200.
(pdftex.def)             Requested size: 132.30666pt x 116.569pt.
<figs/Deteccion varias fresas luz artificial de noche JN.png, id=1288, 801.9962
5pt x 706.64pt>
File: figs/Deteccion varias fresas luz artificial de noche JN.png Graphic file 
(type png)
<use figs/Deteccion varias fresas luz artificial de noche JN.png>
Package pdftex.def Info: figs/Deteccion varias fresas luz artificial de noche J
N.png  used on input line 202.
(pdftex.def)             Requested size: 132.30666pt x 116.569pt.
<figs/Grafica deteccion alta luminosidad.png, id=1291, 813.0375pt x 620.3175pt>

File: figs/Grafica deteccion alta luminosidad.png Graphic file (type png)
<use figs/Grafica deteccion alta luminosidad.png>
Package pdftex.def Info: figs/Grafica deteccion alta luminosidad.png  used on i
nput line 213.
(pdftex.def)             Requested size: 204.85983pt x 156.30002pt.
<figs/Grafica deteccion baja luminosidad.png, id=1292, 828.09375pt x 608.2725pt
>
File: figs/Grafica deteccion baja luminosidad.png Graphic file (type png)
<use figs/Grafica deteccion baja luminosidad.png>
Package pdftex.def Info: figs/Grafica deteccion baja luminosidad.png  used on i
nput line 215.
(pdftex.def)             Requested size: 204.85983pt x 150.48062pt.
LaTeX Info: Redefining \. on input line 220.
LaTeX Info: Redefining \% on input line 220.
 [59 <./figs/Deteccion una fresa luz natural dia JN.png> <./figs/Deteccion una 
fresa luz artificial dia JN.png> <./figs/Deteccion una fresa luz artificial de 
noche JN.png> <./figs/Deteccion varias fresas luz natural dia JN.png> <./figs/D
eteccion varias fresas luz artificial dia JN.png> <./figs/Deteccion varias fres
as luz artificial de noche JN.png>]
<figs/Deteccion media con alta luminosidad.png, id=1309, 668.4975pt x 405.515pt
>
File: figs/Deteccion media con alta luminosidad.png Graphic file (type png)
<use figs/Deteccion media con alta luminosidad.png>
Package pdftex.def Info: figs/Deteccion media con alta luminosidad.png  used on
 input line 224.
(pdftex.def)             Requested size: 199.16928pt x 120.8139pt.
<figs/Deteccion media con baja luminosidad.png, id=1310, 668.4975pt x 404.51125
pt>
File: figs/Deteccion media con baja luminosidad.png Graphic file (type png)
<use figs/Deteccion media con baja luminosidad.png>
Package pdftex.def Info: figs/Deteccion media con baja luminosidad.png  used on
 input line 226.
(pdftex.def)             Requested size: 199.16928pt x 120.51486pt.

Underfull \hbox (badness 10000) in paragraph at lines 233--234

 []

LaTeX Info: Redefining \. on input line 234.
LaTeX Info: Redefining \% on input line 234.
[60 <./figs/Grafica deteccion alta luminosidad.png> <./figs/Grafica deteccion b
aja luminosidad.png> <./figs/Deteccion media con alta luminosidad.png> <./figs/
Deteccion media con baja luminosidad.png>]
<figs/Coordenadas centrales deteccion JN.png, id=1324, 1437.37pt x 809.0225pt>
File: figs/Coordenadas centrales deteccion JN.png Graphic file (type png)
<use figs/Coordenadas centrales deteccion JN.png>
Package pdftex.def Info: figs/Coordenadas centrales deteccion JN.png  used on i
nput line 238.
(pdftex.def)             Requested size: 312.9803pt x 176.1585pt.

Underfull \hbox (badness 10000) in paragraph at lines 244--245

 []

LaTeX Info: Redefining \. on input line 247.
LaTeX Info: Redefining \% on input line 247.
[61 <./figs/Coordenadas centrales deteccion JN.png>]
Underfull \hbox (badness 10000) in paragraph at lines 259--260

 []

<figs/Prueba deteccion de objetos con pytorch.png, id=1336, 1254.6875pt x 793.9
6625pt>
File: figs/Prueba deteccion de objetos con pytorch.png Graphic file (type png)
<use figs/Prueba deteccion de objetos con pytorch.png>
Package pdftex.def Info: figs/Prueba deteccion de objetos con pytorch.png  used
 on input line 267.
(pdftex.def)             Requested size: 207.70511pt x 131.4349pt.
<figs/Prueba derteccion de frutas con pytorch.png, id=1337, 1253.68375pt x 770.
88pt>
File: figs/Prueba derteccion de frutas con pytorch.png Graphic file (type png)
<use figs/Prueba derteccion de frutas con pytorch.png>
Package pdftex.def Info: figs/Prueba derteccion de frutas con pytorch.png  used
 on input line 269.
(pdftex.def)             Requested size: 213.39566pt x 131.21254pt.
LaTeX Info: Redefining \. on input line 274.
LaTeX Info: Redefining \% on input line 274.
[62]
Underfull \hbox (badness 10000) in paragraph at lines 279--280

 []


Underfull \hbox (badness 10000) in paragraph at lines 281--282

 []

LaTeX Info: Redefining \. on input line 284.
LaTeX Info: Redefining \% on input line 284.
[63 <./figs/Prueba deteccion de objetos con pytorch.png> <./figs/Prueba dertecc
ion de frutas con pytorch.png>]
<figs/labelImg Fresa.png, id=1361, 1845.89626pt x 1005.7575pt>
File: figs/labelImg Fresa.png Graphic file (type png)
<use figs/labelImg Fresa.png>
Package pdftex.def Info: figs/labelImg Fresa.png  used on input line 288.
(pdftex.def)             Requested size: 312.9803pt x 170.53146pt.

Underfull \hbox (badness 10000) in paragraph at lines 294--295

 []

LaTeX Info: Redefining \. on input line 302.
LaTeX Info: Redefining \% on input line 302.
[64 <./figs/labelImg Fresa.png>]
<figs/calibrateCamera.png, id=1370, 1600.98125pt x 1027.84pt>
File: figs/calibrateCamera.png Graphic file (type png)
<use figs/calibrateCamera.png>
Package pdftex.def Info: figs/calibrateCamera.png  used on input line 306.
(pdftex.def)             Requested size: 207.69514pt x 113.79987pt.
<figs/matriz K camara.png, id=1371, 1069.9975pt x 312.16624pt>
File: figs/matriz K camara.png Graphic file (type png)
<use figs/matriz K camara.png>
Package pdftex.def Info: figs/matriz K camara.png  used on input line 308.
(pdftex.def)             Requested size: 213.39162pt x 113.80873pt.
<figs/ERGONAUTAS Medicion angulo.png, id=1375, 644.4075pt x 500.87125pt>
File: figs/ERGONAUTAS Medicion angulo.png Graphic file (type png)
<use figs/ERGONAUTAS Medicion angulo.png>
Package pdftex.def Info: figs/ERGONAUTAS Medicion angulo.png  used on input lin
e 321.
(pdftex.def)             Requested size: 227.62204pt x 176.92015pt.
LaTeX Info: Redefining \. on input line 326.
LaTeX Info: Redefining \% on input line 326.
 [65 <./figs/calibrateCamera.png> <./figs/matriz K camara.png>]
<figs/deteccion_video fresa en foto.png, id=1389, 1324.95pt x 936.49875pt>
File: figs/deteccion_video fresa en foto.png Graphic file (type png)
<use figs/deteccion_video fresa en foto.png>
Package pdftex.def Info: figs/deteccion_video fresa en foto.png  used on input 
line 336.
(pdftex.def)             Requested size: 227.62204pt x 160.87459pt.

Underfull \hbox (badness 10000) in paragraph at lines 342--343

 []

LaTeX Info: Redefining \. on input line 343.
LaTeX Info: Redefining \% on input line 343.
[66 <./figs/ERGONAUTAS Medicion angulo.png> <./figs/deteccion_video fresa en fo
to.png>]
Underfull \hbox (badness 10000) in paragraph at lines 344--345

 []

<figs/Punto inicial 30cm.png, id=1399, 1852.9225pt x 1021.8175pt>
File: figs/Punto inicial 30cm.png Graphic file (type png)
<use figs/Punto inicial 30cm.png>
Package pdftex.def Info: figs/Punto inicial 30cm.png  used on input line 351.
(pdftex.def)             Requested size: 327.20668pt x 180.44228pt.
LaTeX Info: Redefining \. on input line 356.
LaTeX Info: Redefining \% on input line 356.
[67]

LaTeX Warning: Reference `tab:primerosresultados_postit' on page 68 undefined o
n input line 357.

<figs/Primer resultados postit.png, id=1406, 677.53125pt x 169.63374pt>
File: figs/Primer resultados postit.png Graphic file (type png)
<use figs/Primer resultados postit.png>
Package pdftex.def Info: figs/Primer resultados postit.png  used on input line 
362.
(pdftex.def)             Requested size: 398.33858pt x 99.73618pt.
<figs/Geometría del modelo de cámara basado en el modelo de cámara estenopei
ca.jpeg, id=1409, 599.23875pt x 222.8325pt>
File: figs/Geometría del modelo de cámara basado en el modelo de cámara este
nopeica.jpeg Graphic file (type jpg)
<use figs/Geometría del modelo de cámara basado en el modelo de cámara esten
opeica.jpeg>
Package pdftex.def Info: figs/Geometría del modelo de cámara basado en el mod
elo de cámara estenopeica.jpeg  used on input line 373.
(pdftex.def)             Requested size: 384.1122pt x 142.83672pt.
LaTeX Info: Redefining \. on input line 378.
LaTeX Info: Redefining \% on input line 378.
[68 <./figs/Punto inicial 30cm.png> <./figs/Primer resultados postit.png>]
Underfull \hbox (badness 10000) in paragraph at lines 379--380

 []

<figs/Pruebas pinhole único eje.png, id=1420, 641.39626pt x 567.11874pt>
File: figs/Pruebas pinhole único eje.png Graphic file (type png)
<use figs/Pruebas pinhole único eje.png>
Package pdftex.def Info: figs/Pruebas pinhole único eje.png  used on input lin
e 386.
(pdftex.def)             Requested size: 202.01456pt x 178.61739pt.
<figs/Pruebas pinhole ambos ejes.png, id=1421, 639.38875pt x 559.08875pt>
File: figs/Pruebas pinhole ambos ejes.png Graphic file (type png)
<use figs/Pruebas pinhole ambos ejes.png>
Package pdftex.def Info: figs/Pruebas pinhole ambos ejes.png  used on input lin
e 388.
(pdftex.def)             Requested size: 204.85983pt x 179.13385pt.
LaTeX Info: Redefining \. on input line 392.
LaTeX Info: Redefining \% on input line 392.
[69 <./figs/Geometría del modelo de cámara basado en el modelo de cámara est
enopeica.jpeg>]
<figs/pinhole con Z positiva.png, id=1429, 799.98875pt x 241.90375pt>
File: figs/pinhole con Z positiva.png Graphic file (type png)
<use figs/pinhole con Z positiva.png>
Package pdftex.def Info: figs/pinhole con Z positiva.png  used on input line 39
7.
(pdftex.def)             Requested size: 426.79134pt x 129.05733pt.
<figs/pinhole con Z negativa.png, id=1430, 796.9775pt x 237.88875pt>
File: figs/pinhole con Z negativa.png Graphic file (type png)
<use figs/pinhole con Z negativa.png>
Package pdftex.def Info: figs/pinhole con Z negativa.png  used on input line 40
7.
(pdftex.def)             Requested size: 426.79134pt x 127.39081pt.
LaTeX Info: Redefining \. on input line 417.
LaTeX Info: Redefining \% on input line 417.
 [70 <./figs/Pruebas pinhole único eje.png> <./figs/Pruebas pinhole ambos ejes
.png> <./figs/pinhole con Z positiva.png> <./figs/pinhole con Z negativa.png>])
 (./capitulos/capitulo7.tex
LaTeX Info: Redefining \. on input line 1.
LaTeX Info: Redefining \% on input line 1.
 [71]
Cap\'{\i }tulo 7.

Underfull \hbox (badness 10000) in paragraph at lines 6--7

 []


Underfull \hbox (badness 10000) in paragraph at lines 18--19

 []


Underfull \hbox (badness 10000) in paragraph at lines 20--21

 []


Underfull \hbox (badness 10000) in paragraph at lines 22--23

 []

[72

])
LaTeX Info: Redefining \. on input line 34.
LaTeX Info: Redefining \% on input line 34.
 [73]
No file memoria.ind.
(./memoria.bbl
Underfull \hbox (badness 10000) in paragraph at lines 16--21
[]\OT1/cmr/m/n/12 Alvear-Puertas, V., Rosero-Montalvo, P., Peluffo-
 []

[74


]
Underfull \hbox (badness 1755) in paragraph at lines 98--104
[]\OT1/cmr/m/n/12 Dechter, R. (1986).  Lear-ning Whi-le Sear-ching in Constrain
t-
 []

LaTeX Info: Redefining \. on input line 124.
LaTeX Info: Redefining \% on input line 124.
[75]
Underfull \hbox (badness 1314) in paragraph at lines 151--155
[]\OT1/cmr/m/n/12 Fountas, S., My-lo-nas, N., Ma-lou-nas, I., Ro-dias, E., Hell
-
 []


Underfull \hbox (badness 10000) in paragraph at lines 179--184
[]\OT1/cmr/m/n/12 Gonzalez-Aguirre, J. A., Osorio-Oliveros, R.,
 []


Underfull \hbox (badness 2080) in paragraph at lines 179--184
\OT1/cmr/m/n/12 Rodr^^S^^Pguez-Hern^^Sandez, K. L., Liz^^Sarraga-Iturralde, J.,
 Mo-ra-les Me-nen-dez, R.,
 []

LaTeX Info: Redefining \. on input line 184.
LaTeX Info: Redefining \% on input line 184.
[76]
LaTeX Info: Redefining \. on input line 253.
LaTeX Info: Redefining \% on input line 253.
 [77]
Underfull \hbox (badness 10000) in paragraph at lines 283--287
[]\OT1/cmr/m/n/12 Romero-Tamarit, A., Reig-Viader, R., Estrada-
 []


Underfull \hbox (badness 2608) in paragraph at lines 300--304
[]\OT1/cmr/m/n/12 Schmidhuber, J. (2015).  Deep Lear-ning.  \OT1/cmr/m/it/12 Sc
ho-lar-pe-dia\OT1/cmr/m/n/12 ,
 []

LaTeX Info: Redefining \. on input line 317.
LaTeX Info: Redefining \% on input line 317.
[78]
LaTeX Info: Redefining \. on input line 380.
LaTeX Info: Redefining \% on input line 380.
 [79])
LaTeX Info: Redefining \. on input line 41.
LaTeX Info: Redefining \% on input line 41.
 [80] (./memoria.aux
LaTeX Info: Redefining \. on input line 26.
LaTeX Info: Redefining \% on input line 26.
)

LaTeX Warning: There were undefined references.


LaTeX Warning: There were multiply-defined labels.

Package rerunfilecheck Info: File `memoria.out' has not changed.
(rerunfilecheck)             Checksum: 764ACAFC2A51526BF7357D4D5B99BA29;8102.
 ) 
Here is how much of TeX's memory you used:
 17230 strings out of 480112
 280445 string characters out of 5892631
 762705 words of memory out of 5000000
 34301 multiletter control sequences out of 15000+600000
 476427 words of font info for 53 fonts, out of 8000000 for 9000
 91 hyphenation exceptions out of 8191
 65i,12n,66p,1954b,1428s stack positions out of 5000i,500n,10000p,200000b,80000s
 </home/dcampoamor/.texlive2021/texmf-var/fonts/pk/ljfour/jknappen/ec/tcrm120
0.600pk></usr/share/texlive/texmf-dist/fonts/type1/public/amsfonts/cm/cmbx12.pf
b></usr/share/texlive/texmf-dist/fonts/type1/public/amsfonts/cm/cmbxti10.pfb></
usr/share/texlive/texmf-dist/fonts/type1/public/amsfonts/cm/cmcsc10.pfb></usr/s
hare/texlive/texmf-dist/fonts/type1/public/amsfonts/cm/cmex10.pfb></usr/share/t
exlive/texmf-dist/fonts/type1/public/amsfonts/cm/cmmi12.pfb></usr/share/texlive
/texmf-dist/fonts/type1/public/amsfonts/cm/cmmi6.pfb></usr/share/texlive/texmf-
dist/fonts/type1/public/amsfonts/cm/cmmi8.pfb></usr/share/texlive/texmf-dist/fo
nts/type1/public/amsfonts/cm/cmr10.pfb></usr/share/texlive/texmf-dist/fonts/typ
e1/public/amsfonts/cm/cmr12.pfb></usr/share/texlive/texmf-dist/fonts/type1/publ
ic/amsfonts/cm/cmr17.pfb></usr/share/texlive/texmf-dist/fonts/type1/public/amsf
onts/cm/cmr6.pfb></usr/share/texlive/texmf-dist/fonts/type1/public/amsfonts/cm/
cmr7.pfb></usr/share/texlive/texmf-dist/fonts/type1/public/amsfonts/cm/cmr8.pfb
></usr/share/texlive/texmf-dist/fonts/type1/public/amsfonts/cm/cmsl12.pfb></usr
/share/texlive/texmf-dist/fonts/type1/public/amsfonts/cm/cmsy10.pfb></usr/share
/texlive/texmf-dist/fonts/type1/public/amsfonts/cm/cmti12.pfb></usr/share/texli
ve/texmf-dist/fonts/type1/public/amsfonts/cm/cmtt10.pfb></usr/share/texlive/tex
mf-dist/fonts/type1/public/amsfonts/cm/cmtt12.pfb></usr/share/texlive/texmf-dis
t/fonts/type1/public/amsfonts/latxfont/lasy10.pfb>
Output written on memoria.pdf (96 pages, 37609219 bytes).
PDF statistics:
 1700 PDF objects out of 1728 (max. 8388607)
 1394 compressed objects within 14 object streams
 503 named destinations out of 1000 (max. 500000)
 885 words of extra memory for PDF output out of 10000 (max. 10000000)

