\BOOKMARK [0][-]{chapter.1}{\376\377\000I\000n\000t\000r\000o\000d\000u\000c\000c\000i\000\363\000n}{}% 1
\BOOKMARK [1][-]{section.1.1}{\376\377\000L\000o\000s\000\040\000r\000o\000b\000o\000t\000s\000\040\000y\000\040\000l\000a\000\040\000r\000o\000b\000\363\000t\000i\000c\000a}{chapter.1}% 2
\BOOKMARK [2][-]{subsection.1.1.1}{\376\377\000R\000o\000b\000o\000t\000s\000\040\000i\000n\000d\000u\000s\000t\000r\000i\000a\000l\000e\000s}{section.1.1}% 3
\BOOKMARK [2][-]{subsection.1.1.2}{\376\377\000R\000o\000b\000o\000t\000s\000\040\000d\000e\000\040\000s\000e\000r\000v\000i\000c\000i\000o}{section.1.1}% 4
\BOOKMARK [2][-]{subsection.1.1.3}{\376\377\000R\000o\000b\000o\000t\000s\000\040\000e\000n\000\040\000m\000e\000d\000i\000c\000i\000n\000a}{section.1.1}% 5
\BOOKMARK [1][-]{section.1.2}{\376\377\000I\000n\000t\000e\000l\000i\000g\000e\000n\000c\000i\000a\000\040\000A\000r\000t\000i\000f\000i\000c\000i\000a\000l}{chapter.1}% 6
\BOOKMARK [1][-]{section.1.3}{\376\377\000V\000i\000s\000i\000\363\000n\000\040\000A\000r\000t\000i\000f\000i\000c\000i\000a\000l}{chapter.1}% 7
\BOOKMARK [1][-]{section.1.4}{\376\377\000M\000a\000c\000h\000i\000n\000e\000\040\000L\000e\000a\000r\000n\000i\000n\000g}{chapter.1}% 8
\BOOKMARK [1][-]{section.1.5}{\376\377\000D\000e\000e\000p\000\040\000L\000e\000a\000r\000n\000i\000n\000g}{chapter.1}% 9
\BOOKMARK [0][-]{chapter.2}{\376\377\000E\000s\000t\000a\000d\000o\000\040\000d\000e\000l\000\040\000a\000r\000t\000e}{}% 10
\BOOKMARK [0][-]{chapter.3}{\376\377\000O\000b\000j\000e\000t\000i\000v\000o\000s}{}% 11
\BOOKMARK [1][-]{section.3.1}{\376\377\000D\000e\000s\000c\000r\000i\000p\000c\000i\000\363\000n\000\040\000d\000e\000l\000\040\000p\000r\000o\000b\000l\000e\000m\000a}{chapter.3}% 12
\BOOKMARK [1][-]{section.3.2}{\376\377\000P\000l\000a\000n\000\040\000d\000e\000\040\000t\000r\000a\000b\000a\000j\000o}{chapter.3}% 13
\BOOKMARK [0][-]{chapter.4}{\376\377\000P\000l\000a\000t\000a\000f\000o\000r\000m\000a\000\040\000d\000e\000\040\000d\000e\000s\000a\000r\000r\000o\000l\000l\000o}{}% 14
\BOOKMARK [1][-]{section.4.1}{\376\377\000H\000a\000r\000d\000w\000a\000r\000e}{chapter.4}% 15
\BOOKMARK [2][-]{subsection.4.1.1}{\376\377\000C\000\341\000m\000a\000r\000a\000\040\000L\000o\000g\000i\000t\000e\000c\000h\000\040\000C\0002\0007\0000\000\040\000H\000D}{section.4.1}% 16
\BOOKMARK [2][-]{subsection.4.1.2}{\376\377\000S\000o\000p\000o\000r\000t\000e\000\040\000d\000e\000\040\000b\000r\000a\000z\000o\000\040\000a\000r\000t\000i\000c\000u\000l\000a\000d\000o}{section.4.1}% 17
\BOOKMARK [2][-]{subsection.4.1.3}{\376\377\000S\000o\000p\000o\000r\000t\000e\000\040\000d\000e\000\040\000i\000m\000p\000r\000e\000s\000i\000\363\000n\000\040\0003\000D}{section.4.1}% 18
\BOOKMARK [2][-]{subsection.4.1.4}{\376\377\000O\000r\000d\000e\000n\000a\000d\000o\000r\000\040\000p\000r\000i\000n\000c\000i\000p\000a\000l}{section.4.1}% 19
\BOOKMARK [2][-]{subsection.4.1.5}{\376\377\000R\000o\000b\000o\000t\000\040\000d\000e\000\040\000U\000n\000i\000v\000e\000r\000s\000a\000l\000\040\000R\000o\000b\000o\000t\000s\000\040\000d\000e\000\040\000l\000a\000\040\000g\000a\000m\000a\000\040\000e\000-\000s\000e\000r\000i\000e\000s}{section.4.1}% 20
\BOOKMARK [2][-]{subsection.4.1.6}{\376\377\000C\000o\000m\000u\000n\000i\000c\000a\000c\000i\000o\000n\000e\000s}{section.4.1}% 21
\BOOKMARK [1][-]{section.4.2}{\376\377\000S\000o\000f\000t\000w\000a\000r\000e}{chapter.4}% 22
\BOOKMARK [2][-]{subsection.4.2.1}{\376\377\000U\000b\000u\000n\000t\000u}{section.4.2}% 23
\BOOKMARK [2][-]{subsection.4.2.2}{\376\377\000P\000o\000l\000y\000s\000c\000o\000p\000e}{section.4.2}% 24
\BOOKMARK [2][-]{subsection.4.2.3}{\376\377\000A\000n\000a\000c\000o\000n\000d\000a}{section.4.2}% 25
\BOOKMARK [2][-]{subsection.4.2.4}{\376\377\000P\000y\000t\000h\000o\000n}{section.4.2}% 26
\BOOKMARK [2][-]{subsection.4.2.5}{\376\377\000P\000y\000T\000o\000r\000c\000h}{section.4.2}% 27
\BOOKMARK [2][-]{subsection.4.2.6}{\376\377\000N\000u\000m\000P\000y}{section.4.2}% 28
\BOOKMARK [2][-]{subsection.4.2.7}{\376\377\000O\000p\000e\000n\000C\000V}{section.4.2}% 29
\BOOKMARK [2][-]{subsection.4.2.8}{\376\377\000O\000p\000e\000n\000G\000L}{section.4.2}% 30
\BOOKMARK [2][-]{subsection.4.2.9}{\376\377\000S\000o\000c\000k\000e\000t\000T\000e\000s\000t}{section.4.2}% 31
\BOOKMARK [2][-]{subsection.4.2.10}{\376\377\000X\000M\000L\000-\000R\000P\000C}{section.4.2}% 32
\BOOKMARK [2][-]{subsection.4.2.11}{\376\377\000Y\000O\000L\000O\000v\0003}{section.4.2}% 33
\BOOKMARK [0][-]{chapter.5}{\376\377\000D\000e\000s\000c\000r\000i\000p\000c\000i\000\363\000n\000\040\000d\000e\000l\000\040\000s\000i\000s\000t\000e\000m\000a}{}% 34
\BOOKMARK [1][-]{section.5.1}{\376\377\000H\000i\000p\000\363\000t\000e\000s\000i\000s\000\040\000s\000u\000e\000l\000o\000\040\000a\000d\000a\000p\000t\000a\000d\000a\000\040\000a\000l\000\040\000p\000l\000a\000n\000o\000\040\000v\000e\000r\000t\000i\000c\000a\000l}{chapter.5}% 35
\BOOKMARK [1][-]{section.5.2}{\376\377\000D\000e\000t\000e\000c\000c\000i\000\363\000n\000\040\000d\000e\000\040\000f\000r\000e\000s\000a\000s\000\040\000m\000e\000d\000i\000a\000n\000t\000e\000\040\000D\000e\000e\000p\000\040\000L\000e\000a\000r\000n\000i\000n\000g}{chapter.5}% 36
\BOOKMARK [1][-]{section.5.3}{\376\377\000A\000r\000q\000u\000i\000t\000e\000c\000t\000u\000r\000a\000\040\000d\000e\000l\000\040\000s\000i\000s\000t\000e\000m\000a}{chapter.5}% 37
\BOOKMARK [0][-]{chapter.6}{\376\377\000C\000o\000n\000c\000l\000u\000s\000i\000o\000n\000e\000s}{}% 38
\BOOKMARK [1][-]{section.6.1}{\376\377\000O\000b\000j\000e\000t\000i\000v\000o\000s\000\040\000y\000\040\000r\000e\000q\000u\000i\000s\000i\000t\000o\000s\000\040\000c\000u\000m\000p\000l\000i\000d\000o\000s}{chapter.6}% 39
\BOOKMARK [2][-]{subsection.6.1.1}{\376\377\000O\000b\000j\000e\000t\000i\000v\000o\000s}{section.6.1}% 40
\BOOKMARK [2][-]{subsection.6.1.2}{\376\377\000R\000e\000q\000u\000i\000s\000i\000t\000o\000s}{section.6.1}% 41
\BOOKMARK [1][-]{section.6.2}{\376\377\000L\000\355\000n\000e\000a\000s\000\040\000F\000u\000t\000u\000r\000a\000s}{chapter.6}% 42
\BOOKMARK [0][-]{appendix.Alph1}{\376\377\000M\000e\000t\000o\000d\000o\000l\000o\000g\000\355\000a}{}% 43
\BOOKMARK [1][-]{section.Alph1.1}{\376\377\000R\000e\000q\000u\000i\000s\000i\000t\000o\000s}{appendix.Alph1}% 44
\BOOKMARK [1][-]{section.Alph1.2}{\376\377\000C\000o\000m\000p\000e\000t\000e\000n\000c\000i\000a\000s}{appendix.Alph1}% 45
\BOOKMARK [1][-]{section.Alph1.3}{\376\377\000M\000e\000t\000o\000d\000o\000l\000o\000g\000\355\000a}{appendix.Alph1}% 46
\BOOKMARK [1][-]{section.Alph1.4}{\376\377\000H\000a\000b\000i\000l\000i\000d\000a\000d\000e\000s\000\040\000d\000e\000s\000a\000r\000r\000o\000l\000l\000a\000d\000a\000s}{appendix.Alph1}% 47
\BOOKMARK [0][-]{appendix.Alph2}{\376\377\000E\000x\000p\000e\000r\000i\000m\000e\000n\000t\000o\000s}{}% 48
\BOOKMARK [1][-]{section.Alph2.1}{\376\377\000D\000e\000t\000e\000c\000c\000i\000\363\000n\000\040\000c\000o\000n\000\040\000Y\000O\000L\000O\000v\0003\000\040\000y\000\040\000T\000e\000n\000s\000o\000r\000F\000l\000o\000w}{appendix.Alph2}% 49
\BOOKMARK [2][-]{subsection.Alph2.1.1}{\376\377\000P\000r\000u\000e\000b\000a\000s\000\040\000c\000o\000n\000\040\000i\000m\000\341\000g\000e\000n\000e\000s}{section.Alph2.1}% 50
\BOOKMARK [2][-]{subsection.Alph2.1.2}{\376\377\000P\000r\000u\000e\000b\000a\000s\000\040\000c\000o\000n\000\040\000v\000\355\000d\000e\000o\000\040\000e\000n\000\040\000t\000i\000e\000m\000p\000o\000\040\000r\000e\000a\000l}{section.Alph2.1}% 51
\BOOKMARK [1][-]{section.Alph2.2}{\376\377\000D\000e\000t\000e\000c\000c\000i\000\363\000n\000\040\000c\000o\000n\000\040\000Y\000O\000L\000O\000v\0003\000\040\000y\000\040\000P\000y\000T\000o\000r\000c\000h}{appendix.Alph2}% 52
\BOOKMARK [2][-]{subsection.Alph2.2.1}{\376\377\000P\000r\000u\000e\000b\000a\000s\000\040\000c\000o\000n\000\040\000m\000o\000d\000e\000l\000o\000s\000\040\000p\000r\000e\000e\000n\000t\000r\000e\000n\000a\000d\000o\000s}{section.Alph2.2}% 53
\BOOKMARK [2][-]{subsection.Alph2.2.2}{\376\377\000E\000n\000t\000r\000e\000n\000a\000m\000i\000e\000n\000t\000o\000\040\000d\000e\000l\000\040\000m\000o\000d\000e\000l\000o}{section.Alph2.2}% 54
\BOOKMARK [2][-]{subsection.Alph2.2.3}{\376\377\000C\000a\000l\000i\000b\000r\000a\000d\000o\000\040\000d\000e\000\040\000l\000a\000\040\000c\000\341\000m\000a\000r\000a}{section.Alph2.2}% 55
\BOOKMARK [2][-]{subsection.Alph2.2.4}{\376\377\000P\000r\000u\000e\000b\000a\000s\000\040\000d\000e\000t\000e\000c\000c\000i\000\363\000n\000\040\000d\000e\000\040\000f\000r\000e\000s\000a\000s\000\040\000e\000n\000\040\000t\000i\000e\000m\000p\000o\000\040\000r\000e\000a\000l}{section.Alph2.2}% 56
\BOOKMARK [1][-]{section.Alph2.3}{\376\377\000P\000r\000u\000e\000b\000a\000s\000\040\000c\000o\000n\000\040\000e\000l\000\040\000r\000o\000b\000o\000t\000\040\000r\000e\000a\000l}{appendix.Alph2}% 57
\BOOKMARK [0][-]{appendix*.102}{\376\377\000B\000i\000b\000l\000i\000o\000g\000r\000a\000f\000\355\000a}{}% 58
