This is pdfTeX, Version 3.141592653-2.6-1.40.22 (TeX Live 2022/dev/Debian) (preloaded format=pdflatex 2024.3.17)  26 MAY 2025 00:47
entering extended mode
 restricted \write18 enabled.
 %&-line parsing enabled.
**tfg-davidcampoamor
(./tfg-davidcampoamor.tex
LaTeX2e <2021-11-15> patch level 1
L3 programming layer <2022-01-21> (./estilo.tex
(/usr/share/texlive/texmf-dist/tex/latex/base/book.cls
Document Class: book 2021/10/04 v1.4n Standard LaTeX document class
(/usr/share/texlive/texmf-dist/tex/latex/base/bk12.clo
File: bk12.clo 2021/10/04 v1.4n Standard LaTeX file (size option)
)
\c@part=\count185
\c@chapter=\count186
\c@section=\count187
\c@subsection=\count188
\c@subsubsection=\count189
\c@paragraph=\count190
\c@subparagraph=\count191
\c@figure=\count192
\c@table=\count193
\abovecaptionskip=\skip47
\belowcaptionskip=\skip48
\bibindent=\dimen138
)
(/usr/share/texlive/texmf-dist/tex/generic/babel/babel.sty
Package: babel 2022/01/26 3.70 The Babel package
\babel@savecnt=\count194
\U@D=\dimen139
\l@unhyphenated=\language10

(/usr/share/texlive/texmf-dist/tex/generic/babel/txtbabel.def)
\bbl@readstream=\read2
\bbl@dirlevel=\count195

(/usr/share/texlive/texmf-dist/tex/generic/babel-spanish/spanish.ldf
Language: spanish.ldf 2021/05/27 v5.0q Spanish support from the babel system
\es@quottoks=\toks16
\es@quotdepth=\count196
Package babel Info: Making " an active character on input line 570.
Package babel Info: Making . an active character on input line 675.
Package babel Info: Making < an active character on input line 722.
Package babel Info: Making > an active character on input line 722.
))
(/usr/share/texlive/texmf-dist/tex/latex/base/inputenc.sty
Package: inputenc 2021/02/14 v1.3d Input encoding file
\inpenc@prehook=\toks17
\inpenc@posthook=\toks18
)
(/usr/share/texlive/texmf-dist/tex/latex/geometry/geometry.sty
Package: geometry 2020/01/02 v5.9 Page Geometry

(/usr/share/texlive/texmf-dist/tex/latex/graphics/keyval.sty
Package: keyval 2014/10/28 v1.15 key=value parser (DPC)
\KV@toks@=\toks19
)
(/usr/share/texlive/texmf-dist/tex/generic/iftex/ifvtex.sty
Package: ifvtex 2019/10/25 v1.7 ifvtex legacy package. Use iftex instead.

(/usr/share/texlive/texmf-dist/tex/generic/iftex/iftex.sty
Package: iftex 2020/03/06 v1.0d TeX engine tests
))
\Gm@cnth=\count197
\Gm@cntv=\count198
\c@Gm@tempcnt=\count199
\Gm@bindingoffset=\dimen140
\Gm@wd@mp=\dimen141
\Gm@odd@mp=\dimen142
\Gm@even@mp=\dimen143
\Gm@layoutwidth=\dimen144
\Gm@layoutheight=\dimen145
\Gm@layouthoffset=\dimen146
\Gm@layoutvoffset=\dimen147
\Gm@dimlist=\toks20
)
(/usr/share/texlive/texmf-dist/tex/latex/base/makeidx.sty
Package: makeidx 2021/10/04 v1.0m Standard LaTeX package
)
(/usr/share/texlive/texmf-dist/tex/latex/url/url.sty
\Urlmuskip=\muskip16
Package: url 2013/09/16  ver 3.4  Verb mode for urls, etc.
)
(/usr/share/texlive/texmf-dist/tex/latex/xurl/xurl.sty
Package: xurl 2022/01/09 v 0.10 modify URL breaks
)
(/usr/share/texlive/texmf-dist/tex/latex/graphics/graphicx.sty
Package: graphicx 2021/09/16 v1.2d Enhanced LaTeX Graphics (DPC,SPQR)

(/usr/share/texlive/texmf-dist/tex/latex/graphics/graphics.sty
Package: graphics 2021/03/04 v1.4d Standard LaTeX Graphics (DPC,SPQR)

(/usr/share/texlive/texmf-dist/tex/latex/graphics/trig.sty
Package: trig 2021/08/11 v1.11 sin cos tan (DPC)
)
(/usr/share/texlive/texmf-dist/tex/latex/graphics-cfg/graphics.cfg
File: graphics.cfg 2016/06/04 v1.11 sample graphics configuration
)
Package graphics Info: Driver file: pdftex.def on input line 107.

(/usr/share/texlive/texmf-dist/tex/latex/graphics-def/pdftex.def
File: pdftex.def 2020/10/05 v1.2a Graphics/color driver for pdftex
))
\Gin@req@height=\dimen148
\Gin@req@width=\dimen149
)
(/usr/share/texlive/texmf-dist/tex/latex/graphics/color.sty
Package: color 2021/12/07 v1.3c Standard LaTeX Color (DPC)

(/usr/share/texlive/texmf-dist/tex/latex/graphics-cfg/color.cfg
File: color.cfg 2016/01/02 v1.6 sample color configuration
)
Package color Info: Driver file: pdftex.def on input line 149.
)
(/usr/share/texlive/texmf-dist/tex/latex/caption/caption.sty
Package: caption 2020/10/26 v3.5g Customizing captions (AR)

(/usr/share/texlive/texmf-dist/tex/latex/caption/caption3.sty
Package: caption3 2020/10/21 v2.2e caption3 kernel (AR)
\captionmargin=\dimen150
\captionmargin@=\dimen151
\captionwidth=\dimen152
\caption@tempdima=\dimen153
\caption@indent=\dimen154
\caption@parindent=\dimen155
\caption@hangindent=\dimen156
Package caption Info: Standard document class detected.
)
\c@caption@flags=\count266
\c@continuedfloat=\count267
)
(/usr/share/texlive/texmf-dist/tex/latex/booktabs/booktabs.sty
Package: booktabs 2020/01/12 v1.61803398 Publication quality tables
\heavyrulewidth=\dimen157
\lightrulewidth=\dimen158
\cmidrulewidth=\dimen159
\belowrulesep=\dimen160
\belowbottomsep=\dimen161
\aboverulesep=\dimen162
\abovetopsep=\dimen163
\cmidrulesep=\dimen164
\cmidrulekern=\dimen165
\defaultaddspace=\dimen166
\@cmidla=\count268
\@cmidlb=\count269
\@aboverulesep=\dimen167
\@belowrulesep=\dimen168
\@thisruleclass=\count270
\@lastruleclass=\count271
\@thisrulewidth=\dimen169
)
(/usr/share/texlive/texmf-dist/tex/latex/acronym/acronym.sty
Package: acronym 2020/04/17 v1.47 Support for acronyms (Tobias Oetiker)

(/usr/share/texlive/texmf-dist/tex/latex/bigfoot/suffix.sty
Package: suffix 2006/07/15 1.5a Variant command support
)
(/usr/share/texlive/texmf-dist/tex/generic/xstring/xstring.sty
(/usr/share/texlive/texmf-dist/tex/generic/xstring/xstring.tex
\integerpart=\count272
\decimalpart=\count273
)
Package: xstring 2021/07/21 v1.84 String manipulations (CT)
)
\AC@clearlist=\toks21
)
(/usr/share/texlive/texmf-dist/tex/latex/hyphenat/hyphenat.sty
Package: hyphenat 2009/09/02 v2.3c hyphenation utilities
\langwohyphens=\language11
LaTeX Info: Redefining \_ on input line 43.
)
(/usr/share/texlive/texmf-dist/tex/latex/amsmath/amsmath.sty
Package: amsmath 2021/10/15 v2.17l AMS math features
\@mathmargin=\skip49

For additional information on amsmath, use the `?' option.
(/usr/share/texlive/texmf-dist/tex/latex/amsmath/amstext.sty
Package: amstext 2021/08/26 v2.01 AMS text

(/usr/share/texlive/texmf-dist/tex/latex/amsmath/amsgen.sty
File: amsgen.sty 1999/11/30 v2.0 generic functions
\@emptytoks=\toks22
\ex@=\dimen170
))
(/usr/share/texlive/texmf-dist/tex/latex/amsmath/amsbsy.sty
Package: amsbsy 1999/11/29 v1.2d Bold Symbols
\pmbraise@=\dimen171
)
(/usr/share/texlive/texmf-dist/tex/latex/amsmath/amsopn.sty
Package: amsopn 2021/08/26 v2.02 operator names
)
\inf@bad=\count274
LaTeX Info: Redefining \frac on input line 234.
\uproot@=\count275
\leftroot@=\count276
LaTeX Info: Redefining \overline on input line 399.
\classnum@=\count277
\DOTSCASE@=\count278
LaTeX Info: Redefining \ldots on input line 496.
LaTeX Info: Redefining \dots on input line 499.
LaTeX Info: Redefining \cdots on input line 620.
\Mathstrutbox@=\box50
\strutbox@=\box51
\big@size=\dimen172
LaTeX Font Info:    Redeclaring font encoding OML on input line 743.
LaTeX Font Info:    Redeclaring font encoding OMS on input line 744.
\macc@depth=\count279
\c@MaxMatrixCols=\count280
\dotsspace@=\muskip17
\c@parentequation=\count281
\dspbrk@lvl=\count282
\tag@help=\toks23
\row@=\count283
\column@=\count284
\maxfields@=\count285
\andhelp@=\toks24
\eqnshift@=\dimen173
\alignsep@=\dimen174
\tagshift@=\dimen175
\tagwidth@=\dimen176
\totwidth@=\dimen177
\lineht@=\dimen178
\@envbody=\toks25
\multlinegap=\skip50
\multlinetaggap=\skip51
\mathdisplay@stack=\toks26
LaTeX Info: Redefining \[ on input line 2938.
LaTeX Info: Redefining \] on input line 2939.
)
(/usr/share/texlive/texmf-dist/tex/latex/a4wide/a4wide.sty
Package: a4wide 1994/08/30

(/usr/share/texlive/texmf-dist/tex/latex/ntgclass/a4.sty
Package: a4 2020/02/18 v1.2g A4 based page layout
))
(/usr/share/texlive/texmf-dist/tex/latex/subfigure/subfigure.sty
Package: subfigure 2002/03/15 v2.1.5 subfigure package
\subfigtopskip=\skip52
\subfigcapskip=\skip53
\subfigcaptopadj=\dimen179
\subfigbottomskip=\skip54
\subfigcapmargin=\dimen180
\subfiglabelskip=\skip55
\c@subfigure=\count286
\c@lofdepth=\count287
\c@subtable=\count288
\c@lotdepth=\count289

****************************************
* Local config file subfigure.cfg used *
****************************************
(/usr/share/texlive/texmf-dist/tex/latex/subfigure/subfigure.cfg)
\subfig@top=\skip56
\subfig@bottom=\skip57
)
(/usr/share/texlive/texmf-dist/tex/latex/float/float.sty
Package: float 2001/11/08 v1.3d Float enhancements (AL)
\c@float@type=\count290
\float@exts=\toks27
\float@box=\box52
\@float@everytoks=\toks28
\@floatcapt=\box53
)
(/usr/share/texlive/texmf-dist/tex/latex/titlesec/titlesec.sty
Package: titlesec 2021/07/05 v2.14 Sectioning titles
\ttl@box=\box54
\beforetitleunit=\skip58
\aftertitleunit=\skip59
\ttl@plus=\dimen181
\ttl@minus=\dimen182
\ttl@toksa=\toks29
\titlewidth=\dimen183
\titlewidthlast=\dimen184
\titlewidthfirst=\dimen185
)
(/usr/share/texlive/texmf-dist/tex/latex/multirow/multirow.sty
Package: multirow 2021/03/15 v2.8 Span multiple rows of a table
\multirow@colwidth=\skip60
\multirow@cntb=\count291
\multirow@dima=\skip61
\bigstrutjot=\dimen186
)
(/usr/share/texlive/texmf-dist/tex/latex/tools/tabularx.sty
Package: tabularx 2020/01/15 v2.11c `tabularx' package (DPC)

(/usr/share/texlive/texmf-dist/tex/latex/tools/array.sty
Package: array 2021/10/04 v2.5f Tabular extension package (FMi)
\col@sep=\dimen187
\ar@mcellbox=\box55
\extrarowheight=\dimen188
\NC@list=\toks30
\extratabsurround=\skip62
\backup@length=\skip63
\ar@cellbox=\box56
)
\TX@col@width=\dimen189
\TX@old@table=\dimen190
\TX@old@col=\dimen191
\TX@target=\dimen192
\TX@delta=\dimen193
\TX@cols=\count292
\TX@ftn=\toks31
)
(/usr/share/texlive/texmf-dist/tex/latex/xcolor/xcolor.sty
Package: xcolor 2021/10/31 v2.13 LaTeX color extensions (UK)

(/usr/share/texlive/texmf-dist/tex/latex/graphics-cfg/color.cfg
File: color.cfg 2016/01/02 v1.6 sample color configuration
)
Package xcolor Info: Driver file: pdftex.def on input line 227.

(/usr/share/texlive/texmf-dist/tex/latex/colortbl/colortbl.sty
Package: colortbl 2020/01/04 v1.0e Color table columns (DPC)
\everycr=\toks32
\minrowclearance=\skip64
)
LaTeX Info: Redefining \color on input line 711.
\rownum=\count293
Package xcolor Info: Model `cmy' substituted by `cmy0' on input line 1352.
Package xcolor Info: Model `hsb' substituted by `rgb' on input line 1356.
Package xcolor Info: Model `RGB' extended on input line 1368.
Package xcolor Info: Model `HTML' substituted by `rgb' on input line 1370.
Package xcolor Info: Model `Hsb' substituted by `hsb' on input line 1371.
Package xcolor Info: Model `tHsb' substituted by `hsb' on input line 1372.
Package xcolor Info: Model `HSB' substituted by `hsb' on input line 1373.
Package xcolor Info: Model `Gray' substituted by `gray' on input line 1374.
Package xcolor Info: Model `wave' substituted by `hsb' on input line 1375.
)
(/usr/share/texlive/texmf-dist/tex/latex/fncychap/fncychap.sty
Package: fncychap 2007/07/30 v1.34 LaTeX package (Revised chapters)
\RW=\skip65
\mylen=\skip66
\myhi=\skip67
\px=\skip68
\py=\skip69
\pyy=\skip70
\pxx=\skip71
) (./listings.sty
\lst@mode=\count294
\lst@gtempboxa=\box57
\lst@token=\toks33
\lst@length=\count295
\lst@currlwidth=\dimen194
\lst@column=\count296
\lst@pos=\count297
\lst@lostspace=\dimen195
\lst@width=\dimen196
\lst@newlines=\count298
\lst@lineno=\count299
\lst@maxwidth=\dimen197
(./lstmisc.sty
File: lstmisc.sty 2007/02/22 1.4 (Carsten Heinz)
\c@lstnumber=\count300
\lst@skipnumbers=\count301
\lst@framebox=\box58
) (/usr/share/texlive/texmf-dist/tex/latex/listings/listings.cfg
File: listings.cfg 2020/03/24 1.8d listings configuration
))
Package: listings 2007/02/22 1.4 (Carsten Heinz)
 (/usr/share/texlive/texmf-dist/tex/latex/eurosym/eurosym.sty
Package: eurosym 1998/08/06 v1.1 European currency symbol ``Euro''
\@eurobox=\box59
)
(/usr/share/texlive/texmf-dist/tex/latex/hyperref/hyperref.sty
Package: hyperref 2021-06-07 v7.00m Hypertext links for LaTeX

(/usr/share/texlive/texmf-dist/tex/generic/ltxcmds/ltxcmds.sty
Package: ltxcmds 2020-05-10 v1.25 LaTeX kernel commands for general use (HO)
)
(/usr/share/texlive/texmf-dist/tex/generic/pdftexcmds/pdftexcmds.sty
Package: pdftexcmds 2020-06-27 v0.33 Utility functions of pdfTeX for LuaTeX (HO
)

(/usr/share/texlive/texmf-dist/tex/generic/infwarerr/infwarerr.sty
Package: infwarerr 2019/12/03 v1.5 Providing info/warning/error messages (HO)
)
Package pdftexcmds Info: \pdf@primitive is available.
Package pdftexcmds Info: \pdf@ifprimitive is available.
Package pdftexcmds Info: \pdfdraftmode found.
)
(/usr/share/texlive/texmf-dist/tex/generic/kvsetkeys/kvsetkeys.sty
Package: kvsetkeys 2019/12/15 v1.18 Key value parser (HO)
)
(/usr/share/texlive/texmf-dist/tex/generic/kvdefinekeys/kvdefinekeys.sty
Package: kvdefinekeys 2019-12-19 v1.6 Define keys (HO)
)
(/usr/share/texlive/texmf-dist/tex/generic/pdfescape/pdfescape.sty
Package: pdfescape 2019/12/09 v1.15 Implements pdfTeX's escape features (HO)
)
(/usr/share/texlive/texmf-dist/tex/latex/hycolor/hycolor.sty
Package: hycolor 2020-01-27 v1.10 Color options for hyperref/bookmark (HO)
)
(/usr/share/texlive/texmf-dist/tex/latex/letltxmacro/letltxmacro.sty
Package: letltxmacro 2019/12/03 v1.6 Let assignment for LaTeX macros (HO)
)
(/usr/share/texlive/texmf-dist/tex/latex/auxhook/auxhook.sty
Package: auxhook 2019-12-17 v1.6 Hooks for auxiliary files (HO)
)
(/usr/share/texlive/texmf-dist/tex/latex/kvoptions/kvoptions.sty
Package: kvoptions 2020-10-07 v3.14 Key value format for package options (HO)
)
\@linkdim=\dimen198
\Hy@linkcounter=\count302
\Hy@pagecounter=\count303

(/usr/share/texlive/texmf-dist/tex/latex/hyperref/pd1enc.def
File: pd1enc.def 2021-06-07 v7.00m Hyperref: PDFDocEncoding definition (HO)
Now handling font encoding PD1 ...
... no UTF-8 mapping file for font encoding PD1
)
(/usr/share/texlive/texmf-dist/tex/latex/hyperref/hyperref-langpatches.def
File: hyperref-langpatches.def 2021-06-07 v7.00m Hyperref: patches for babel la
nguages
)
(/usr/share/texlive/texmf-dist/tex/generic/intcalc/intcalc.sty
Package: intcalc 2019/12/15 v1.3 Expandable calculations with integers (HO)
)
(/usr/share/texlive/texmf-dist/tex/generic/etexcmds/etexcmds.sty
Package: etexcmds 2019/12/15 v1.7 Avoid name clashes with e-TeX commands (HO)
)
\Hy@SavedSpaceFactor=\count304

(/usr/share/texlive/texmf-dist/tex/latex/hyperref/puenc.def
File: puenc.def 2021-06-07 v7.00m Hyperref: PDF Unicode definition (HO)
Now handling font encoding PU ...
... no UTF-8 mapping file for font encoding PU
)
Package hyperref Info: Hyper figures OFF on input line 4192.
Package hyperref Info: Link nesting OFF on input line 4197.
Package hyperref Info: Hyper index ON on input line 4200.
Package hyperref Info: Plain pages OFF on input line 4207.
Package hyperref Info: Backreferencing OFF on input line 4212.
Package hyperref Info: Implicit mode ON; LaTeX internals redefined.
Package hyperref Info: Bookmarks ON on input line 4445.
\c@Hy@tempcnt=\count305
LaTeX Info: Redefining \url on input line 4804.
\XeTeXLinkMargin=\dimen199

(/usr/share/texlive/texmf-dist/tex/generic/bitset/bitset.sty
Package: bitset 2019/12/09 v1.3 Handle bit-vector datatype (HO)

(/usr/share/texlive/texmf-dist/tex/generic/bigintcalc/bigintcalc.sty
Package: bigintcalc 2019/12/15 v1.5 Expandable calculations on big integers (HO
)
))
\Fld@menulength=\count306
\Field@Width=\dimen256
\Fld@charsize=\dimen257
Package hyperref Info: Hyper figures OFF on input line 6076.
Package hyperref Info: Link nesting OFF on input line 6081.
Package hyperref Info: Hyper index ON on input line 6084.
Package hyperref Info: backreferencing OFF on input line 6091.
Package hyperref Info: Link coloring OFF on input line 6096.
Package hyperref Info: Link coloring with OCG OFF on input line 6101.
Package hyperref Info: PDF/A mode OFF on input line 6106.
LaTeX Info: Redefining \ref on input line 6146.
LaTeX Info: Redefining \pageref on input line 6150.

(/usr/share/texlive/texmf-dist/tex/latex/base/atbegshi-ltx.sty
Package: atbegshi-ltx 2021/01/10 v1.0c Emulation of the original atbegshi
package with kernel methods
)
\Hy@abspage=\count307
\c@Item=\count308
\c@Hfootnote=\count309
)
Package hyperref Info: Driver (autodetected): hpdftex.

(/usr/share/texlive/texmf-dist/tex/latex/hyperref/hpdftex.def
File: hpdftex.def 2021-06-07 v7.00m Hyperref driver for pdfTeX

(/usr/share/texlive/texmf-dist/tex/latex/base/atveryend-ltx.sty
Package: atveryend-ltx 2020/08/19 v1.0a Emulation of the original atveryend pac
kage
with kernel methods
)
\Fld@listcount=\count310
\c@bookmark@seq@number=\count311

(/usr/share/texlive/texmf-dist/tex/latex/rerunfilecheck/rerunfilecheck.sty
Package: rerunfilecheck 2019/12/05 v1.9 Rerun checks for auxiliary files (HO)

(/usr/share/texlive/texmf-dist/tex/generic/uniquecounter/uniquecounter.sty
Package: uniquecounter 2019/12/15 v1.4 Provide unlimited unique counter (HO)
)
Package uniquecounter Info: New unique counter `rerunfilecheck' on input line 2
86.
)
\Hy@SectionHShift=\skip72
)
(/usr/share/texlive/texmf-dist/tex/latex/listings/lstlang1.sty
File: lstlang1.sty 2020/03/24 1.8d listings language file
) (./lstmisc.sty
File: lstmisc.sty 2007/02/22 1.4 (Carsten Heinz)
) (/usr/share/texlive/texmf-dist/tex/latex/listings/lstlang1.sty
File: lstlang1.sty 2020/03/24 1.8d listings language file
)
(/usr/share/texlive/texmf-dist/tex/latex/listings/lstlang1.sty
File: lstlang1.sty 2020/03/24 1.8d listings language file
)
Package caption Info: Option `declare type' requires the `newfloat' package on 
input line 107.

(/usr/share/texlive/texmf-dist/tex/latex/newfloat/newfloat.sty
Package: newfloat 2019/09/02 v1.1l Defining new floating environments (AR)
Package newfloat Info: Document class `book' detected (Hy).
)
Package newfloat Info: New float `code' with options `' on input line 107.
\c@code=\count312
Package newfloat Info: float type `code'=4 on input line 107.
\c@locodedepth=\count313
Package newfloat Info: New float `myequation' with options `' on input line 108
.
\c@myequation=\count314
Package newfloat Info: float type `myequation'=8 on input line 108.
\c@lomyequationdepth=\count315
)
\@indexfile=\write3
\openout3 = `tfg-davidcampoamor.idx'.


Writing index file tfg-davidcampoamor.idx
(/usr/share/texlive/texmf-dist/tex/latex/l3backend/l3backend-pdftex.def
File: l3backend-pdftex.def 2022-01-12 L3 backend support: PDF output (pdfTeX)
\l__color_backend_stack_int=\count316
\l__pdf_internal_box=\box60
)
(./tfg-davidcampoamor.aux
LaTeX Info: Redefining \. on input line 26.
LaTeX Info: Redefining \% on input line 26.


LaTeX Warning: Label `note:enlace23' multiply defined.


LaTeX Warning: Label `sec:OpenCV' multiply defined.


LaTeX Warning: Label `exp_seleccion_algoritmo' multiply defined.


LaTeX Warning: Label `tab:resultados_180mm_58grados' multiply defined.

)
\openout1 = `tfg-davidcampoamor.aux'.

LaTeX Font Info:    Checking defaults for OML/cmm/m/it on input line 5.
LaTeX Font Info:    ... okay on input line 5.
LaTeX Font Info:    Checking defaults for OMS/cmsy/m/n on input line 5.
LaTeX Font Info:    ... okay on input line 5.
LaTeX Font Info:    Checking defaults for OT1/cmr/m/n on input line 5.
LaTeX Font Info:    ... okay on input line 5.
LaTeX Font Info:    Checking defaults for T1/cmr/m/n on input line 5.
LaTeX Font Info:    ... okay on input line 5.
LaTeX Font Info:    Checking defaults for TS1/cmr/m/n on input line 5.
LaTeX Font Info:    ... okay on input line 5.
LaTeX Font Info:    Checking defaults for OMX/cmex/m/n on input line 5.
LaTeX Font Info:    ... okay on input line 5.
LaTeX Font Info:    Checking defaults for U/cmr/m/n on input line 5.
LaTeX Font Info:    ... okay on input line 5.
LaTeX Font Info:    Checking defaults for PD1/pdf/m/n on input line 5.
LaTeX Font Info:    ... okay on input line 5.
LaTeX Font Info:    Checking defaults for PU/pdf/m/n on input line 5.
LaTeX Font Info:    ... okay on input line 5.
LaTeX Info: Redefining \. on input line 5.
LaTeX Info: Redefining \% on input line 5.

*geometry* driver: auto-detecting
*geometry* detected driver: pdftex
*geometry* verbose mode - [ preamble ] result:
* driver: pdftex
* paper: a4paper
* layout: <same size as paper>
* layoutoffset:(h,v)=(0.0pt,0.0pt)
* modes: 
* h-part:(L,W,R)=(99.58464pt, 441.01773pt, 56.9055pt)
* v-part:(T,H,B)=(85.35826pt, 702.78308pt, 56.9055pt)
* \paperwidth=597.50787pt
* \paperheight=845.04684pt
* \textwidth=441.01773pt
* \textheight=702.78308pt
* \oddsidemargin=27.31465pt
* \evensidemargin=27.31465pt
* \topmargin=-41.59085pt
* \headheight=12.0pt
* \headsep=42.67912pt
* \topskip=12.0pt
* \footskip=30.0pt
* \marginparwidth=54.2025pt
* \marginparsep=7.0pt
* \columnsep=10.0pt
* \skip\footins=10.8pt plus 4.0pt minus 2.0pt
* \hoffset=0.0pt
* \voffset=0.0pt
* \mag=1000
* \@twocolumnfalse
* \@twosidefalse
* \@mparswitchfalse
* \@reversemarginfalse
* (1in=72.27pt=25.4mm, 1cm=28.453pt)

(/usr/share/texlive/texmf-dist/tex/context/base/mkii/supp-pdf.mkii
[Loading MPS to PDF converter (version 2006.09.02).]
\scratchcounter=\count317
\scratchdimen=\dimen258
\scratchbox=\box61
\nofMPsegments=\count318
\nofMParguments=\count319
\everyMPshowfont=\toks34
\MPscratchCnt=\count320
\MPscratchDim=\dimen259
\MPnumerator=\count321
\makeMPintoPDFobject=\count322
\everyMPtoPDFconversion=\toks35
) (/usr/share/texlive/texmf-dist/tex/latex/epstopdf-pkg/epstopdf-base.sty
Package: epstopdf-base 2020-01-24 v2.11 Base part for package epstopdf
Package epstopdf-base Info: Redefining graphics rule for `.eps' on input line 4
85.

(/usr/share/texlive/texmf-dist/tex/latex/latexconfig/epstopdf-sys.cfg
File: epstopdf-sys.cfg 2010/07/13 v1.3 Configuration of (r)epstopdf for TeX Liv
e
))
Package caption Info: Begin \AtBeginDocument code.
Package caption Info: float package is loaded.
Package caption Info: hyperref package is loaded.
Package caption Info: listings package is loaded.
Package caption Info: subfigure package is loaded.
Package caption Info: End \AtBeginDocument code.
\c@lstlisting=\count323
Package hyperref Info: Link coloring OFF on input line 5.

(/usr/share/texlive/texmf-dist/tex/latex/hyperref/nameref.sty
Package: nameref 2021-04-02 v2.47 Cross-referencing by name of section

(/usr/share/texlive/texmf-dist/tex/latex/refcount/refcount.sty
Package: refcount 2019/12/15 v3.6 Data extraction from label references (HO)
)
(/usr/share/texlive/texmf-dist/tex/generic/gettitlestring/gettitlestring.sty
Package: gettitlestring 2019/12/15 v1.6 Cleanup title references (HO)
)
\c@section@level=\count324
)
LaTeX Info: Redefining \ref on input line 5.
LaTeX Info: Redefining \pageref on input line 5.
LaTeX Info: Redefining \nameref on input line 5.

(./tfg-davidcampoamor.out) (./tfg-davidcampoamor.out)
\@outlinefile=\write4
\openout4 = `tfg-davidcampoamor.out'.

Package newfloat Info: `float' package detected.
 (./portada/indice.tex
(./portada/portada.tex
<figs/logo_urjc.png, id=237, 1027.84pt x 1027.84pt>
File: figs/logo_urjc.png Graphic file (type png)
<use figs/logo_urjc.png>
Package pdftex.def Info: figs/logo_urjc.png  used on input line 9.
(pdftex.def)             Requested size: 1027.8375pt x 1027.8375pt.
 [1


{/var/lib/texmf/fonts/map/pdftex/updmap/pdftex.map} <./figs/logo_urjc.png>]) (.
/portada/licencia.tex
<figs/logo_urjc.jpg, id=247, 525.965pt x 210.7875pt>
File: figs/logo_urjc.jpg Graphic file (type jpg)
<use figs/logo_urjc.jpg>
Package pdftex.def Info: figs/logo_urjc.jpg  used on input line 8.
(pdftex.def)             Requested size: 198.45662pt x 79.534pt.

Underfull \hbox (badness 10000) in paragraph at lines 15--16

 []

<figs/by-nc-sa.png, id=248, 97.0827pt x 33.9669pt>
File: figs/by-nc-sa.png Graphic file (type png)
<use figs/by-nc-sa.png>
Package pdftex.def Info: figs/by-nc-sa.png  used on input line 25.
(pdftex.def)             Requested size: 66.14996pt x 23.14485pt.
) (./portada/agradecimientos.tex [2

 <./figs/logo_urjc.jpg> <./figs/by-nc-sa.png>]
Underfull \hbox (badness 10000) in paragraph at lines 5--6

 []


Underfull \hbox (badness 10000) in paragraph at lines 7--9

 []


Underfull \hbox (badness 10000) in paragraph at lines 10--11

 []


Underfull \hbox (badness 10000) in paragraph at lines 12--14

 []

[3


]
Underfull \hbox (badness 10000) in paragraph at lines 15--16

 []

) (./portada/resumen.tex [4]) (./portada/abstract.tex [5


])
(./portada/acronimos.tex [6


]

LaTeX Warning: Hyper reference `acro:ABB' on page \es@scroman {vii} undefined o
n input line 7.


LaTeX Warning: Hyper reference `acro:ABB' on page \es@scroman {vii} undefined o
n input line 7.


LaTeX Warning: Hyper reference `acro:AER' on page \es@scroman {vii} undefined o
n input line 8.


LaTeX Warning: Hyper reference `acro:AER' on page \es@scroman {vii} undefined o
n input line 8.


LaTeX Warning: Hyper reference `acro:AERO' on page \es@scroman {vii} undefined 
on input line 9.


LaTeX Warning: Hyper reference `acro:AERO' on page \es@scroman {vii} undefined 
on input line 9.


LaTeX Warning: Hyper reference `acro:AGV' on page \es@scroman {vii} undefined o
n input line 10.


LaTeX Warning: Hyper reference `acro:AGV' on page \es@scroman {vii} undefined o
n input line 10.


LaTeX Warning: Hyper reference `acro:AI' on page \es@scroman {vii} undefined on
 input line 11.


LaTeX Warning: Hyper reference `acro:AI' on page \es@scroman {vii} undefined on
 input line 11.


LaTeX Warning: Hyper reference `acro:AMR' on page \es@scroman {vii} undefined o
n input line 12.


LaTeX Warning: Hyper reference `acro:AMR' on page \es@scroman {vii} undefined o
n input line 12.


LaTeX Warning: Hyper reference `acro:ANN' on page \es@scroman {vii} undefined o
n input line 13.


LaTeX Warning: Hyper reference `acro:ANN' on page \es@scroman {vii} undefined o
n input line 13.


LaTeX Warning: Hyper reference `acro:API' on page \es@scroman {vii} undefined o
n input line 14.


LaTeX Warning: Hyper reference `acro:API' on page \es@scroman {vii} undefined o
n input line 14.


LaTeX Warning: Hyper reference `acro:CMI' on page \es@scroman {vii} undefined o
n input line 15.


LaTeX Warning: Hyper reference `acro:CMI' on page \es@scroman {vii} undefined o
n input line 15.


LaTeX Warning: Hyper reference `acro:CPU' on page \es@scroman {vii} undefined o
n input line 16.


LaTeX Warning: Hyper reference `acro:CPU' on page \es@scroman {vii} undefined o
n input line 16.


LaTeX Warning: Hyper reference `acro:dFoV' on page \es@scroman {vii} undefined 
on input line 17.


LaTeX Warning: Hyper reference `acro:dFoV' on page \es@scroman {vii} undefined 
on input line 17.


LaTeX Warning: Hyper reference `acro:DL' on page \es@scroman {vii} undefined on
 input line 18.


LaTeX Warning: Hyper reference `acro:DL' on page \es@scroman {vii} undefined on
 input line 18.


LaTeX Warning: Hyper reference `acro:DLR' on page \es@scroman {vii} undefined o
n input line 19.


LaTeX Warning: Hyper reference `acro:DLR' on page \es@scroman {vii} undefined o
n input line 19.


LaTeX Warning: Hyper reference `acro:DNN' on page \es@scroman {vii} undefined o
n input line 20.


LaTeX Warning: Hyper reference `acro:DNN' on page \es@scroman {vii} undefined o
n input line 20.


LaTeX Warning: Hyper reference `acro:DOF' on page \es@scroman {vii} undefined o
n input line 21.


LaTeX Warning: Hyper reference `acro:DOF' on page \es@scroman {vii} undefined o
n input line 21.


LaTeX Warning: Hyper reference `acro:EKF' on page \es@scroman {vii} undefined o
n input line 22.


LaTeX Warning: Hyper reference `acro:EKF' on page \es@scroman {vii} undefined o
n input line 22.


LaTeX Warning: Hyper reference `acro:EPFL' on page \es@scroman {vii} undefined 
on input line 23.


LaTeX Warning: Hyper reference `acro:EPFL' on page \es@scroman {vii} undefined 
on input line 23.


LaTeX Warning: Hyper reference `acro:FDA' on page \es@scroman {vii} undefined o
n input line 24.


LaTeX Warning: Hyper reference `acro:FDA' on page \es@scroman {vii} undefined o
n input line 24.


LaTeX Warning: Hyper reference `acro:FOA' on page \es@scroman {vii} undefined o
n input line 25.


LaTeX Warning: Hyper reference `acro:FOA' on page \es@scroman {vii} undefined o
n input line 25.


LaTeX Warning: Hyper reference `acro:FPS' on page \es@scroman {vii} undefined o
n input line 26.


LaTeX Warning: Hyper reference `acro:FPS' on page \es@scroman {vii} undefined o
n input line 26.


LaTeX Warning: Hyper reference `acro:GA' on page \es@scroman {vii} undefined on
 input line 27.


LaTeX Warning: Hyper reference `acro:GA' on page \es@scroman {vii} undefined on
 input line 27.

[7


]

LaTeX Warning: Hyper reference `acro:GPIO' on page \es@scroman {viii} undefined
 on input line 28.


LaTeX Warning: Hyper reference `acro:GPIO' on page \es@scroman {viii} undefined
 on input line 28.


LaTeX Warning: Hyper reference `acro:GPS' on page \es@scroman {viii} undefined 
on input line 29.


LaTeX Warning: Hyper reference `acro:GPS' on page \es@scroman {viii} undefined 
on input line 29.


LaTeX Warning: Hyper reference `acro:HCI' on page \es@scroman {viii} undefined 
on input line 30.


LaTeX Warning: Hyper reference `acro:HCI' on page \es@scroman {viii} undefined 
on input line 30.


LaTeX Warning: Hyper reference `acro:HRI' on page \es@scroman {viii} undefined 
on input line 31.


LaTeX Warning: Hyper reference `acro:HRI' on page \es@scroman {viii} undefined 
on input line 31.


LaTeX Warning: Hyper reference `acro:Hz' on page \es@scroman {viii} undefined o
n input line 32.


LaTeX Warning: Hyper reference `acro:Hz' on page \es@scroman {viii} undefined o
n input line 32.


LaTeX Warning: Hyper reference `acro:IA' on page \es@scroman {viii} undefined o
n input line 33.


LaTeX Warning: Hyper reference `acro:IA' on page \es@scroman {viii} undefined o
n input line 33.


LaTeX Warning: Hyper reference `acro:IBM' on page \es@scroman {viii} undefined 
on input line 34.


LaTeX Warning: Hyper reference `acro:IBM' on page \es@scroman {viii} undefined 
on input line 34.


LaTeX Warning: Hyper reference `acro:IFR' on page \es@scroman {viii} undefined 
on input line 35.


LaTeX Warning: Hyper reference `acro:IFR' on page \es@scroman {viii} undefined 
on input line 35.


LaTeX Warning: Hyper reference `acro:IGR' on page \es@scroman {viii} undefined 
on input line 36.


LaTeX Warning: Hyper reference `acro:IGR' on page \es@scroman {viii} undefined 
on input line 36.


LaTeX Warning: Hyper reference `acro:IMTS' on page \es@scroman {viii} undefined
 on input line 37.


LaTeX Warning: Hyper reference `acro:IMTS' on page \es@scroman {viii} undefined
 on input line 37.


LaTeX Warning: Hyper reference `acro:IP' on page \es@scroman {viii} undefined o
n input line 38.


LaTeX Warning: Hyper reference `acro:IP' on page \es@scroman {viii} undefined o
n input line 38.


LaTeX Warning: Hyper reference `acro:ISO' on page \es@scroman {viii} undefined 
on input line 39.


LaTeX Warning: Hyper reference `acro:ISO' on page \es@scroman {viii} undefined 
on input line 39.


LaTeX Warning: Hyper reference `acro:LTS' on page \es@scroman {viii} undefined 
on input line 40.


LaTeX Warning: Hyper reference `acro:LTS' on page \es@scroman {viii} undefined 
on input line 40.


LaTeX Warning: Hyper reference `acro:LWR' on page \es@scroman {viii} undefined 
on input line 41.


LaTeX Warning: Hyper reference `acro:LWR' on page \es@scroman {viii} undefined 
on input line 41.


LaTeX Warning: Hyper reference `acro:Mb' on page \es@scroman {viii} undefined o
n input line 42.


LaTeX Warning: Hyper reference `acro:Mb' on page \es@scroman {viii} undefined o
n input line 42.


LaTeX Warning: Hyper reference `acro:ML' on page \es@scroman {viii} undefined o
n input line 43.


LaTeX Warning: Hyper reference `acro:ML' on page \es@scroman {viii} undefined o
n input line 43.


LaTeX Warning: Hyper reference `acro:NN' on page \es@scroman {viii} undefined o
n input line 44.


LaTeX Warning: Hyper reference `acro:NN' on page \es@scroman {viii} undefined o
n input line 44.


LaTeX Warning: Hyper reference `acro:OSRF' on page \es@scroman {viii} undefined
 on input line 45.


LaTeX Warning: Hyper reference `acro:OSRF' on page \es@scroman {viii} undefined
 on input line 45.


LaTeX Warning: Hyper reference `acro:PE' on page \es@scroman {viii} undefined o
n input line 46.


LaTeX Warning: Hyper reference `acro:PE' on page \es@scroman {viii} undefined o
n input line 46.


LaTeX Warning: Hyper reference `acro:PUMA' on page \es@scroman {viii} undefined
 on input line 47.


LaTeX Warning: Hyper reference `acro:PUMA' on page \es@scroman {viii} undefined
 on input line 47.


LaTeX Warning: Hyper reference `acro:RNA' on page \es@scroman {viii} undefined 
on input line 48.


LaTeX Warning: Hyper reference `acro:RNA' on page \es@scroman {viii} undefined 
on input line 48.


LaTeX Warning: Hyper reference `acro:ROS' on page \es@scroman {viii} undefined 
on input line 49.


LaTeX Warning: Hyper reference `acro:ROS' on page \es@scroman {viii} undefined 
on input line 49.


LaTeX Warning: Hyper reference `acro:ROS-I' on page \es@scroman {viii} undefine
d on input line 50.


LaTeX Warning: Hyper reference `acro:ROS-I' on page \es@scroman {viii} undefine
d on input line 50.


LaTeX Warning: Hyper reference `acro:RPC' on page \es@scroman {viii} undefined 
on input line 51.


LaTeX Warning: Hyper reference `acro:RPC' on page \es@scroman {viii} undefined 
on input line 51.


LaTeX Warning: Hyper reference `acro:RPY' on page \es@scroman {viii} undefined 
on input line 52.


LaTeX Warning: Hyper reference `acro:RPY' on page \es@scroman {viii} undefined 
on input line 52.

LaTeX Info: Redefining \. on input line 53.
LaTeX Info: Redefining \% on input line 53.
[8]

LaTeX Warning: Hyper reference `acro:SAIL' on page \es@scroman {ix} undefined o
n input line 53.


LaTeX Warning: Hyper reference `acro:SAIL' on page \es@scroman {ix} undefined o
n input line 53.


LaTeX Warning: Hyper reference `acro:SCARA' on page \es@scroman {ix} undefined 
on input line 54.


LaTeX Warning: Hyper reference `acro:SCARA' on page \es@scroman {ix} undefined 
on input line 54.


LaTeX Warning: Hyper reference `acro:SCB' on page \es@scroman {ix} undefined on
 input line 55.


LaTeX Warning: Hyper reference `acro:SCB' on page \es@scroman {ix} undefined on
 input line 55.


LaTeX Warning: Hyper reference `acro:SML' on page \es@scroman {ix} undefined on
 input line 56.


LaTeX Warning: Hyper reference `acro:SML' on page \es@scroman {ix} undefined on
 input line 56.


LaTeX Warning: Hyper reference `acro:SRI' on page \es@scroman {ix} undefined on
 input line 57.


LaTeX Warning: Hyper reference `acro:SRI' on page \es@scroman {ix} undefined on
 input line 57.


LaTeX Warning: Hyper reference `acro:TC' on page \es@scroman {ix} undefined on 
input line 58.


LaTeX Warning: Hyper reference `acro:TC' on page \es@scroman {ix} undefined on 
input line 58.


LaTeX Warning: Hyper reference `acro:UR' on page \es@scroman {ix} undefined on 
input line 59.


LaTeX Warning: Hyper reference `acro:UR' on page \es@scroman {ix} undefined on 
input line 59.


LaTeX Warning: Hyper reference `acro:UWB' on page \es@scroman {ix} undefined on
 input line 60.


LaTeX Warning: Hyper reference `acro:UWB' on page \es@scroman {ix} undefined on
 input line 60.


LaTeX Warning: Hyper reference `acro:VA' on page \es@scroman {ix} undefined on 
input line 61.


LaTeX Warning: Hyper reference `acro:VA' on page \es@scroman {ix} undefined on 
input line 61.


LaTeX Warning: Hyper reference `acro:YOLO' on page \es@scroman {ix} undefined o
n input line 62.


LaTeX Warning: Hyper reference `acro:YOLO' on page \es@scroman {ix} undefined o
n input line 62.

)
LaTeX Info: Redefining \. on input line 14.
LaTeX Info: Redefining \% on input line 14.
 [9] (./tfg-davidcampoamor.toc
LaTeX Info: Redefining \. on input line 1.
LaTeX Info: Redefining \% on input line 1.
 [10


]
LaTeX Info: Redefining \. on input line 44.
LaTeX Info: Redefining \% on input line 44.
 [11])
\tf@toc=\write5
\openout5 = `tfg-davidcampoamor.toc'.

LaTeX Info: Redefining \. on input line 18.
LaTeX Info: Redefining \% on input line 18.
 [12] (./tfg-davidcampoamor.lof
LaTeX Info: Redefining \. on input line 1.
LaTeX Info: Redefining \% on input line 1.

[13

]
Overfull \hbox (1.79503pt too wide) in paragraph at lines 35--35
 [][] [][]\OT1/cmr/m/n/12 Programa \OT1/cmtt/m/n/12 xmlrpc[]-deteccion[]-fresas
[]-vertical[]-pinza.urp \OT1/cmr/m/n/12 pa-ra uso del 
 []


Overfull \hbox (4.8744pt too wide) in paragraph at lines 49--49
 \OT1/cmr/m/n/12 prue-bas de de-tec-ci^^Son seg^^Sun la lu-mi-no-si-dad pa-ra e
l mo-de-lo \OT1/cmtt/m/n/12 ssd mobilenet 
 []

LaTeX Info: Redefining \. on input line 50.
LaTeX Info: Redefining \% on input line 50.
[14]
LaTeX Info: Redefining \. on input line 70.
LaTeX Info: Redefining \% on input line 70.
 [15])
\tf@lof=\write6
\openout6 = `tfg-davidcampoamor.lof'.

LaTeX Info: Redefining \. on input line 21.
LaTeX Info: Redefining \% on input line 21.
 [16] (./tfg-davidcampoamor.locode)
\tf@locode=\write7
\openout7 = `tfg-davidcampoamor.locode'.

 [17

]
(./tfg-davidcampoamor.lomyequation)
\tf@lomyequation=\write8
\openout8 = `tfg-davidcampoamor.lomyequation'.

 [18

] (./tfg-davidcampoamor.lot
LaTeX Info: Redefining \. on input line 1.
LaTeX Info: Redefining \% on input line 1.
)
\tf@lot=\write9
\openout9 = `tfg-davidcampoamor.lot'.

 [19

])
(./capitulos/capitulo1.tex
Cap\'{\i }tulo 1.
[1



]
LaTeX Info: Redefining \. on input line 34.
LaTeX Info: Redefining \% on input line 34.
 [2]
<figs/Engelberger_Devol.png, id=696, 740.7675pt x 582.175pt>
File: figs/Engelberger_Devol.png Graphic file (type png)
<use figs/Engelberger_Devol.png>
Package pdftex.def Info: figs/Engelberger_Devol.png  used on input line 41.
(pdftex.def)             Requested size: 176.40707pt x 138.6322pt.
<figs/Unimate robot.png, id=697, 1191.45125pt x 794.97pt>
File: figs/Unimate robot.png Graphic file (type png)
<use figs/Unimate robot.png>
Package pdftex.def Info: figs/Unimate robot.png  used on input line 43.
(pdftex.def)             Requested size: 207.70511pt x 138.57597pt.
<figs/Victor_Scheinman.png, id=701, 741.77126pt x 493.845pt>
File: figs/Victor_Scheinman.png Graphic file (type png)
<use figs/Victor_Scheinman.png>
Package pdftex.def Info: figs/Victor_Scheinman.png  used on input line 59.
(pdftex.def)             Requested size: 176.40707pt x 117.44011pt.
<figs/Standford_arm.jpeg, id=702, 1136.245pt x 666.49pt>
File: figs/Standford_arm.jpeg Graphic file (type jpg)
<use figs/Standford_arm.jpeg>
Package pdftex.def Info: figs/Standford_arm.jpeg  used on input line 61.
(pdftex.def)             Requested size: 202.01456pt x 118.4884pt.
LaTeX Info: Redefining \. on input line 66.
LaTeX Info: Redefining \% on input line 66.
 [3 <./figs/Engelberger_Devol.png> <./figs/Unimate robot.png>]
<figs/PR1.png, id=715, 323.2075pt x 365.365pt>
File: figs/PR1.png Graphic file (type png)
<use figs/PR1.png>
Package pdftex.def Info: figs/PR1.png  used on input line 147.
(pdftex.def)             Requested size: 108.12047pt x 122.22102pt.
<figs/PR2.png, id=716, 296.10625pt x 365.365pt>
File: figs/PR2.png Graphic file (type png)
<use figs/PR2.png>
Package pdftex.def Info: figs/PR2.png  used on input line 149.
(pdftex.def)             Requested size: 102.42992pt x 126.38556pt.
LaTeX Info: Redefining \. on input line 154.
LaTeX Info: Redefining \% on input line 154.
 [4 <./figs/Victor_Scheinman.png> <./figs/Standford_arm.jpeg>]
<figs/UR5_controller.png, id=728, 376.40625pt x 297.11pt>
File: figs/UR5_controller.png Graphic file (type png)
<use figs/UR5_controller.png>
Package pdftex.def Info: figs/UR5_controller.png  used on input line 162.
(pdftex.def)             Requested size: 170.71652pt x 134.75456pt.
LaTeX Info: Redefining \. on input line 189.
LaTeX Info: Redefining \% on input line 189.
 [5 <./figs/PR1.png> <./figs/PR2.png> <./figs/UR5_controller.png>]
<figs/roomba.jpg, id=750, 897.3525pt x 598.235pt>
File: figs/roomba.jpg Graphic file (type jpg)
<use figs/roomba.jpg>
Package pdftex.def Info: figs/roomba.jpg  used on input line 229.
(pdftex.def)             Requested size: 210.54924pt x 133.72987pt.

Overfull \hbox (7.67813pt too wide) in paragraph at lines 229--230
 [][] 
 []

<figs/MiR.png, id=751, 618.31pt x 385.44pt>
File: figs/MiR.png Graphic file (type png)
<use figs/MiR.png>
Package pdftex.def Info: figs/MiR.png  used on input line 234.
(pdftex.def)             Requested size: 210.55038pt x 131.25371pt.

Overfull \hbox (7.67928pt too wide) in paragraph at lines 234--235
 [][] 
 []

<figs/spot.png, id=752, 969.6225pt x 673.51625pt>
File: figs/spot.png Graphic file (type png)
<use figs/spot.png>
Package pdftex.def Info: figs/spot.png  used on input line 240.
(pdftex.def)             Requested size: 210.55038pt x 146.25223pt.
<figs/Turtlebot 4.png, id=753, 614.295pt x 619.31375pt>
File: figs/Turtlebot 4.png Graphic file (type png)
<use figs/Turtlebot 4.png>
Package pdftex.def Info: figs/Turtlebot 4.png  used on input line 245.
(pdftex.def)             Requested size: 210.55411pt x 147.95793pt.

Overfull \hbox (12.09749pt too wide) in paragraph at lines 245--246
 [][] 
 []

LaTeX Info: Redefining \. on input line 294.
LaTeX Info: Redefining \% on input line 294.
[6 <./figs/roomba.jpg> <./figs/MiR.png> <./figs/Spot.png> <./figs/Turtlebot 4.p
ng>]
Overfull \hbox (17.71501pt too wide) in paragraph at lines 339--340
\OT1/cmr/m/n/12 au-men-tar la pre-ci-si^^Son de las ci-rug^^S^^Pas m^^S^^Pni-ma
-men-te in-va-si-vas [[]]. 
 []

<figs/Robot Da Vinci.png, id=772, 705.63625pt x 387.4475pt>
File: figs/Robot Da Vinci.png Graphic file (type png)
<use figs/Robot Da Vinci.png>
Package pdftex.def Info: figs/Robot Da Vinci.png  used on input line 344.
(pdftex.def)             Requested size: 170.71652pt x 93.7342pt.
<figs/Ekso Bionics.png, id=773, 232.87pt x 508.90125pt>
File: figs/Ekso Bionics.png Graphic file (type png)
<use figs/Ekso Bionics.png>
Package pdftex.def Info: figs/Ekso Bionics.png  used on input line 346.
(pdftex.def)             Requested size: 68.2866pt x 149.2238pt.
<figs/RP Vita.png, id=774, 200.75pt x 505.89pt>
File: figs/RP Vita.png Graphic file (type png)
<use figs/RP Vita.png>
Package pdftex.def Info: figs/RP Vita.png  used on input line 348.
(pdftex.def)             Requested size: 59.75078pt x 150.57167pt.
LaTeX Info: Redefining \. on input line 353.
LaTeX Info: Redefining \% on input line 353.
[7]
LaTeX Info: Redefining \. on input line 361.
LaTeX Info: Redefining \% on input line 361.
 [8 <./figs/Robot Da Vinci.png> <./figs/Ekso Bionics.png> <./figs/RP Vita.png>]

Overfull \hbox (8.23456pt too wide) in paragraph at lines 394--395
\OT1/cmr/m/n/12 ce-sos pue-den ser sub-di-vi-di-dos a su vez en [[]],
 []

LaTeX Info: Redefining \. on input line 395.
LaTeX Info: Redefining \% on input line 395.
[9]
<figs/Algoritmos de ML.png, id=822, 483.8075pt x 480.79625pt>
File: figs/Algoritmos de ML.png Graphic file (type png)
<use figs/Algoritmos de ML.png>
Package pdftex.def Info: figs/Algoritmos de ML.png  used on input line 461.
(pdftex.def)             Requested size: 256.0748pt x 254.49065pt.
LaTeX Info: Redefining \. on input line 466.
LaTeX Info: Redefining \% on input line 466.
 [10]
LaTeX Info: Redefining \. on input line 476.
LaTeX Info: Redefining \% on input line 476.
 [11 <./figs/Algoritmos de ML.png>]
<figs/Modelo neurona.jpeg, id=840, 1000.73875pt x 425.59pt>
File: figs/Modelo neurona.jpeg Graphic file (type jpg)
<use figs/Modelo neurona.jpeg>
Package pdftex.def Info: figs/Modelo neurona.jpeg  used on input line 480.
(pdftex.def)             Requested size: 341.43306pt x 145.2052pt.
<figs/capas rrnn.jpeg, id=841, 745.78625pt x 592.2125pt>
File: figs/capas rrnn.jpeg Graphic file (type jpg)
<use figs/capas rrnn.jpeg>
Package pdftex.def Info: figs/capas rrnn.jpeg  used on input line 481.
(pdftex.def)             Requested size: 284.52756pt x 225.93768pt.

Underfull \hbox (badness 10000) in paragraph at lines 500--502

 []

LaTeX Info: Redefining \. on input line 502.
LaTeX Info: Redefining \% on input line 502.
[12 <./figs/Modelo neurona.jpeg> <./figs/capas rrnn.jpeg>])
(./capitulos/capitulo2.tex
LaTeX Info: Redefining \. on input line 1.
LaTeX Info: Redefining \% on input line 1.
 [13]
Cap\'{\i }tulo 2.
<figs/Representación robots agrícolas.png, id=856, 1108.14pt x 658.46pt>
File: figs/Representación robots agrícolas.png Graphic file (type png)
<use figs/Representación robots agrícolas.png>
Package pdftex.def Info: figs/Representación robots agrícolas.png  used on in
put line 10.
(pdftex.def)             Requested size: 327.20668pt x 194.42487pt.
[14

 <./figs/Representación robots agrícolas.png>]
<figs/Rendimiento cosecha robots.png, id=866, 1103.12125pt x 615.29875pt>
File: figs/Rendimiento cosecha robots.png Graphic file (type png)
<use figs/Rendimiento cosecha robots.png>
Package pdftex.def Info: figs/Rendimiento cosecha robots.png  used on input lin
e 25.
(pdftex.def)             Requested size: 426.79134pt x 238.05963pt.
LaTeX Info: Redefining \. on input line 32.
LaTeX Info: Redefining \% on input line 32.
 [15 <./figs/Rendimiento cosecha robots.png>]
<figs/Agrobot.jpg, id=878, 688.5725pt x 387.4475pt>
File: figs/Agrobot.jpg Graphic file (type jpg)
<use figs/Agrobot.jpg>
Package pdftex.def Info: figs/Agrobot.jpg  used on input line 48.
(pdftex.def)             Requested size: 199.16928pt x 112.0672pt.
<figs/Agrobot 3D.png, id=879, 609.27625pt x 327.2225pt>
File: figs/Agrobot 3D.png Graphic file (type png)
<use figs/Agrobot 3D.png>
Package pdftex.def Info: figs/Agrobot 3D.png  used on input line 50.
(pdftex.def)             Requested size: 199.16928pt x 106.96518pt.
LaTeX Info: Redefining \. on input line 57.
LaTeX Info: Redefining \% on input line 57.
 [16 <./figs/Agrobot.jpg> <./figs/Agrobot 3D.png>]
<figs/DiseñoConceptual_Octinion.png, id=894, 604.2575pt x 322.20375pt>
File: figs/DiseñoConceptual_Octinion.png Graphic file (type png)
<use figs/DiseñoConceptual_Octinion.png>
Package pdftex.def Info: figs/DiseñoConceptual_Octinion.png  used on input lin
e 63.
(pdftex.def)             Requested size: 341.43306pt x 182.0602pt.
LaTeX Info: Redefining \. on input line 83.
LaTeX Info: Redefining \% on input line 83.
 [17 <./figs/DiseñoConceptual_Octinion.png>]
<figs/Dogtooth.jpg, id=906, 1313.90875pt x 941.5175pt>
File: figs/Dogtooth.jpg Graphic file (type jpg)
<use figs/Dogtooth.jpg>
Package pdftex.def Info: figs/Dogtooth.jpg  used on input line 87.
(pdftex.def)             Requested size: 284.52756pt x 203.88768pt.
<figs/Brazo Dogtooth.png, id=907, 1568.86125pt x 612.2875pt>
File: figs/Brazo Dogtooth.png Graphic file (type png)
<use figs/Brazo Dogtooth.png>
Package pdftex.def Info: figs/Brazo Dogtooth.png  used on input line 89.
(pdftex.def)             Requested size: 284.52756pt x 111.0385pt.
LaTeX Info: Redefining \. on input line 95.
LaTeX Info: Redefining \% on input line 95.
 [18 <./figs/Dogtooth.jpg> <./figs/Brazo Dogtooth.png>]
<figs/Hardware assembly in a strawberry farm.jpg, id=919, 234.73296pt x 225.482
4pt>
File: figs/Hardware assembly in a strawberry farm.jpg Graphic file (type jpg)
<use figs/Hardware assembly in a strawberry farm.jpg>
Package pdftex.def Info: figs/Hardware assembly in a strawberry farm.jpg  used 
on input line 100.
(pdftex.def)             Requested size: 256.0748pt x 245.99457pt.
LaTeX Info: Redefining \. on input line 114.
LaTeX Info: Redefining \% on input line 114.
 [19 <./figs/Hardware assembly in a strawberry farm.jpg>]
<figs/Componentes recolector tomates.png, id=927, 842.14626pt x 380.42125pt>
File: figs/Componentes recolector tomates.png Graphic file (type png)
<use figs/Componentes recolector tomates.png>
Package pdftex.def Info: figs/Componentes recolector tomates.png  used on input
 line 138.
(pdftex.def)             Requested size: 327.20668pt x 147.80643pt.
<figs/Diseño 3D recolector tomates.png, id=928, 952.55875pt x 495.8525pt>
File: figs/Diseño 3D recolector tomates.png Graphic file (type png)
<use figs/Diseño 3D recolector tomates.png>
Package pdftex.def Info: figs/Diseño 3D recolector tomates.png  used on input 
line 140.
(pdftex.def)             Requested size: 327.20668pt x 170.32782pt.
LaTeX Info: Redefining \. on input line 146.
LaTeX Info: Redefining \% on input line 146.
 [20]
Underfull \hbox (badness 10000) in paragraph at lines 149--150

 []

) (./capitulos/capitulo3.tex
LaTeX Info: Redefining \. on input line 1.
LaTeX Info: Redefining \% on input line 1.
 [21 <./figs/Componentes recolector tomates.png> <./figs/Diseño 3D recolector 
tomates.png>]
Cap\'{\i }tulo 3.
[22

]
LaTeX Info: Redefining \. on input line 35.
LaTeX Info: Redefining \% on input line 35.
 [23]) (./capitulos/capitulo4.tex
LaTeX Info: Redefining \. on input line 1.
LaTeX Info: Redefining \% on input line 1.
 [24]
Cap\'{\i }tulo 4.
<figs/logi C270.png, id=976, 257.763pt x 208.3785pt>
File: figs/logi C270.png Graphic file (type png)
<use figs/logi C270.png>
Package pdftex.def Info: figs/logi C270.png  used on input line 20.
(pdftex.def)             Requested size: 142.26378pt x 115.01233pt.
<figs/Soporte de brazo articulado.jpeg, id=979, 1084.05pt x 1108.14pt>
File: figs/Soporte de brazo articulado.jpeg Graphic file (type jpg)
<use figs/Soporte de brazo articulado.jpeg>
Package pdftex.def Info: figs/Soporte de brazo articulado.jpeg  used on input l
ine 22.
(pdftex.def)             Requested size: 142.26378pt x 145.41595pt.
[25

]
<figs/Vistas del soporte de la camara.png, id=998, 913.91437pt x 423.83344pt>
File: figs/Vistas del soporte de la camara.png Graphic file (type png)
<use figs/Vistas del soporte de la camara.png>
Package pdftex.def Info: figs/Vistas del soporte de la camara.png  used on inpu
t line 46.
(pdftex.def)             Requested size: 142.26378pt x 65.97159pt.
LaTeX Info: Redefining \. on input line 51.
LaTeX Info: Redefining \% on input line 51.
 [26 <./figs/logi C270.png> <./figs/Soporte de brazo articulado.jpeg>]
Underfull \hbox (badness 10000) in paragraph at lines 71--71
[][]\OT1/cmr/m/n/10 https://www.pccomponentes.com/lenovo-legion-5-15imh05-intel
-core-i7-10750h-16gb-1tb-ssd-
 []

LaTeX Info: Redefining \. on input line 138.
LaTeX Info: Redefining \% on input line 138.
[27 <./figs/Vistas del soporte de la camara.png>]
<figs/Gama e-series.png, id=1027, 690.58pt x 195.73125pt>
File: figs/Gama e-series.png Graphic file (type png)
<use figs/Gama e-series.png>
Package pdftex.def Info: figs/Gama e-series.png  used on input line 141.
(pdftex.def)             Requested size: 426.79134pt x 120.96683pt.
LaTeX Info: Redefining \. on input line 174.
LaTeX Info: Redefining \% on input line 174.
 [28 <./figs/Gama e-series.png>]
LaTeX Info: Redefining \. on input line 188.
LaTeX Info: Redefining \% on input line 188.
 [29]
<figs/InterfazPolyscope5.png, id=1060, 1284.8pt x 806.01125pt>
File: figs/InterfazPolyscope5.png Graphic file (type png)
<use figs/InterfazPolyscope5.png>
Package pdftex.def Info: figs/InterfazPolyscope5.png  used on input line 193.
(pdftex.def)             Requested size: 398.33858pt x 249.8978pt.
LaTeX Info: Redefining \. on input line 216.
LaTeX Info: Redefining \% on input line 216.
 [30 <./figs/InterfazPolyscope5.png (PNG copy)>]
LaTeX Info: Redefining \. on input line 228.
LaTeX Info: Redefining \% on input line 228.
 [31]
LaTeX Info: Redefining \. on input line 242.
LaTeX Info: Redefining \% on input line 242.
 [32]
LaTeX Info: Redefining \. on input line 257.
LaTeX Info: Redefining \% on input line 257.
 [33]
<figs/pruebas_socket_test.png, id=1126, 541.02126pt x 460.72125pt>
File: figs/pruebas_socket_test.png Graphic file (type png)
<use figs/pruebas_socket_test.png>
Package pdftex.def Info: figs/pruebas_socket_test.png  used on input line 261.
(pdftex.def)             Requested size: 227.62204pt x 193.83904pt.
LaTeX Info: Redefining \. on input line 279.
LaTeX Info: Redefining \% on input line 279.
 [34 <./figs/pruebas_socket_test.png>]
Underfull \hbox (badness 10000) in paragraph at lines 280--281

 []

) (./capitulos/capitulo5.tex
LaTeX Info: Redefining \. on input line 1.
LaTeX Info: Redefining \% on input line 1.
 [35]
Cap\'{\i }tulo 5.
<figs/Pruebas plano vertical deteccion multiple_editada.jpeg, id=1154, 1204.5pt
 x 1606.0pt>
File: figs/Pruebas plano vertical deteccion multiple_editada.jpeg Graphic file 
(type jpg)
<use figs/Pruebas plano vertical deteccion multiple_editada.jpeg>
Package pdftex.def Info: figs/Pruebas plano vertical deteccion multiple_editada
.jpeg  used on input line 12.
(pdftex.def)             Requested size: 256.0748pt x 341.4359pt.
[36

 <./figs/Pruebas plano vertical deteccion multiple_editada.jpeg>]
<figs/Hipotesis suelo.png, id=1162, 487.8225pt x 239.89626pt>
File: figs/Hipotesis suelo.png Graphic file (type png)
<use figs/Hipotesis suelo.png>
Package pdftex.def Info: figs/Hipotesis suelo.png  used on input line 28.
(pdftex.def)             Requested size: 256.0748pt x 125.92911pt.
Package hyperref Info: bookmark level for unknown myequation defaults to 0 on i
nput line 59.
LaTeX Info: Redefining \. on input line 62.
LaTeX Info: Redefining \% on input line 62.
 [37 <./figs/Hipotesis suelo.png>]
LaTeX Info: Redefining \. on input line 121.
LaTeX Info: Redefining \% on input line 121.
 [38]
LaTeX Info: Redefining \. on input line 172.
LaTeX Info: Redefining \% on input line 172.
 [39]
<figs/Plano Pared Programa UR.png, id=1190, 1284.8pt x 803.0pt>
File: figs/Plano Pared Programa UR.png Graphic file (type png)
<use figs/Plano Pared Programa UR.png>
Package pdftex.def Info: figs/Plano Pared Programa UR.png  used on input line 1
76.
(pdftex.def)             Requested size: 441.01772pt x 275.63849pt.
LaTeX Info: Redefining \. on input line 191.
LaTeX Info: Redefining \% on input line 191.
 [40 <./figs/Plano Pared Programa UR.png>]
<figs/POV Camara Pruebas plano vertical deteccion multiple UR5e_VENTANA.png, id
=1198, 597.23125pt x 523.9575pt>
File: figs/POV Camara Pruebas plano vertical deteccion multiple UR5e_VENTANA.pn
g Graphic file (type png)
<use figs/POV Camara Pruebas plano vertical deteccion multiple UR5e_VENTANA.png
>
Package pdftex.def Info: figs/POV Camara Pruebas plano vertical deteccion multi
ple UR5e_VENTANA.png  used on input line 196.
(pdftex.def)             Requested size: 256.0748pt x 224.65773pt.
<figs/POV Camara Pruebas plano vertical deteccion multiple UR5e_TERMINAL.png, i
d=1199, 945.5325pt x 575.14874pt>
File: figs/POV Camara Pruebas plano vertical deteccion multiple UR5e_TERMINAL.p
ng Graphic file (type png)
<use figs/POV Camara Pruebas plano vertical deteccion multiple UR5e_TERMINAL.pn
g>
Package pdftex.def Info: figs/POV Camara Pruebas plano vertical deteccion multi
ple UR5e_TERMINAL.png  used on input line 197.
(pdftex.def)             Requested size: 398.33858pt x 242.3068pt.
LaTeX Info: Redefining \. on input line 207.
LaTeX Info: Redefining \% on input line 207.

[41 <./figs/POV Camara Pruebas plano vertical deteccion multiple UR5e_VENTANA.p
ng> <./figs/POV Camara Pruebas plano vertical deteccion multiple UR5e_TERMINAL.
png>]
<figs/Pruebas plano vertical deteccion simple UR5e.jpeg, id=1210, 1541.76pt x 2
055.68pt>
File: figs/Pruebas plano vertical deteccion simple UR5e.jpeg Graphic file (type
 jpg)
<use figs/Pruebas plano vertical deteccion simple UR5e.jpeg>
Package pdftex.def Info: figs/Pruebas plano vertical deteccion simple UR5e.jpeg
  used on input line 211.
(pdftex.def)             Requested size: 184.9429pt x 246.57686pt.
<figs/Pruebas plano vertical deteccion multiple UR5e.jpeg, id=1211, 1204.5pt x 
1606.0pt>
File: figs/Pruebas plano vertical deteccion multiple UR5e.jpeg Graphic file (ty
pe jpg)
<use figs/Pruebas plano vertical deteccion multiple UR5e.jpeg>
Package pdftex.def Info: figs/Pruebas plano vertical deteccion multiple UR5e.jp
eg  used on input line 213.
(pdftex.def)             Requested size: 184.9429pt x 246.57489pt.
Package hyperref Info: bookmark level for unknown code defaults to 0 on input l
ine 252.
LaTeX Info: Redefining \. on input line 255.
LaTeX Info: Redefining \% on input line 255.
 [42 <./figs/Pruebas plano vertical deteccion simple UR5e.jpeg> <./figs/Pruebas
 plano vertical deteccion multiple UR5e.jpeg>]
LaTeX Info: Redefining \. on input line 286.
LaTeX Info: Redefining \% on input line 286.
 [43]
<figs/Antes de Iniciar_XMLRPC.png, id=1264, 794.97pt x 141.52875pt>
File: figs/Antes de Iniciar_XMLRPC.png Graphic file (type png)
<use figs/Antes de Iniciar_XMLRPC.png>
Package pdftex.def Info: figs/Antes de Iniciar_XMLRPC.png  used on input line 3
19.
(pdftex.def)             Requested size: 441.01772pt x 78.51698pt.
<figs/Movimiento UR.png, id=1265, 852.18375pt x 546.04pt>
File: figs/Movimiento UR.png Graphic file (type png)
<use figs/Movimiento UR.png>
Package pdftex.def Info: figs/Movimiento UR.png  used on input line 321.
(pdftex.def)             Requested size: 441.01772pt x 282.58434pt.
LaTeX Info: Redefining \. on input line 326.
LaTeX Info: Redefining \% on input line 326.
 [44]
LaTeX Info: Redefining \. on input line 334.
LaTeX Info: Redefining \% on input line 334.
 [45 <./figs/Antes de Iniciar_XMLRPC.png> <./figs/Movimiento UR.png>]
<figs/Ajustes de Red UR.png, id=1312, 1284.8pt x 803.0pt>
File: figs/Ajustes de Red UR.png Graphic file (type png)
<use figs/Ajustes de Red UR.png>
Package pdftex.def Info: figs/Ajustes de Red UR.png  used on input line 337.
(pdftex.def)             Requested size: 441.01772pt x 275.63849pt.
<figs/Config_PCH.png, id=1313, 1055.945pt x 659.46375pt>
File: figs/Config_PCH.png Graphic file (type png)
<use figs/Config_PCH.png>
Package pdftex.def Info: figs/Config_PCH.png  used on input line 348.
(pdftex.def)             Requested size: 441.01772pt x 275.42323pt.
<figs/config_Carga.png, id=1314, 1134.2375pt x 709.65125pt>
File: figs/config_Carga.png Graphic file (type png)
<use figs/config_Carga.png>
Package pdftex.def Info: figs/config_Carga.png  used on input line 350.
(pdftex.def)             Requested size: 441.01772pt x 275.92908pt.
LaTeX Info: Redefining \. on input line 355.
LaTeX Info: Redefining \% on input line 355.
 [46 <./figs/Ajustes de Red UR.png>]
LaTeX Info: Redefining \. on input line 357.
LaTeX Info: Redefining \% on input line 357.
 [47 <./figs/Config_PCH.png> <./figs/Config_Carga.png>]
<figs/Antes de Iniciar Programa UR Pinza.png, id=1337, 1284.8pt x 803.0pt>
File: figs/Antes de Iniciar Programa UR Pinza.png Graphic file (type png)
<use figs/Antes de Iniciar Programa UR Pinza.png>
Package pdftex.def Info: figs/Antes de Iniciar Programa UR Pinza.png  used on i
nput line 397.
(pdftex.def)             Requested size: 441.01772pt x 275.63849pt.
<figs/Movimiento UR Programa UR Pinza.png, id=1338, 1284.8pt x 803.0pt>
File: figs/Movimiento UR Programa UR Pinza.png Graphic file (type png)
<use figs/Movimiento UR Programa UR Pinza.png>
Package pdftex.def Info: figs/Movimiento UR Programa UR Pinza.png  used on inpu
t line 399.
(pdftex.def)             Requested size: 441.01772pt x 275.63849pt.
LaTeX Info: Redefining \. on input line 404.
LaTeX Info: Redefining \% on input line 404.
 [48]
<figs/Pruebas plano vertical deteccion simple garra UR5e.jpeg, id=1353, 1204.5p
t x 1606.0pt>
File: figs/Pruebas plano vertical deteccion simple garra UR5e.jpeg Graphic file
 (type jpg)
<use figs/Pruebas plano vertical deteccion simple garra UR5e.jpeg>
Package pdftex.def Info: figs/Pruebas plano vertical deteccion simple garra UR5
e.jpeg  used on input line 409.
(pdftex.def)             Requested size: 196.324pt x 261.74384pt.
<figs/Pruebas plano vertical deteccion simple garra UR5e_2.png, id=1354, 584.18
25pt x 831.105pt>
File: figs/Pruebas plano vertical deteccion simple garra UR5e_2.png Graphic fil
e (type png)
<use figs/Pruebas plano vertical deteccion simple garra UR5e_2.png>
Package pdftex.def Info: figs/Pruebas plano vertical deteccion simple garra UR5
e_2.png  used on input line 411.
(pdftex.def)             Requested size: 184.9429pt x 263.11835pt.
LaTeX Info: Redefining \. on input line 416.
LaTeX Info: Redefining \% on input line 416.
 [49 <./figs/Antes de Iniciar Programa UR Pinza.png> <./figs/Movimiento UR Prog
rama UR Pinza.png>]) (./capitulos/capitulo6.tex
LaTeX Info: Redefining \. on input line 1.
LaTeX Info: Redefining \% on input line 1.
 [50 <./figs/Pruebas plano vertical deteccion simple garra UR5e.jpeg> <./figs/P
ruebas plano vertical deteccion simple garra UR5e_2.png>]
Cap\'{\i }tulo 6.
[51

]
LaTeX Info: Redefining \. on input line 38.
LaTeX Info: Redefining \% on input line 38.
 [52])
LaTeX Info: Redefining \. on input line 38.
LaTeX Info: Redefining \% on input line 38.
 [53]
No file tfg-davidcampoamor.ind.
(./capitulos/capitulo7.tex
Ap\'{e}ndice I.
[54


]
LaTeX Info: Redefining \. on input line 31.
LaTeX Info: Redefining \% on input line 31.
 [55]
LaTeX Info: Redefining \. on input line 44.
LaTeX Info: Redefining \% on input line 44.
 [56]
Underfull \hbox (badness 10000) in paragraph at lines 50--51

 []

LaTeX Info: Redefining \. on input line 58.
LaTeX Info: Redefining \% on input line 58.
[57]
<figs/DMADV.png, id=1448, 589.20125pt x 593.21625pt>
File: figs/DMADV.png Graphic file (type png)
<use figs/DMADV.png>
Package pdftex.def Info: figs/DMADV.png  used on input line 64.
(pdftex.def)             Requested size: 199.16928pt x 200.52318pt.
LaTeX Info: Redefining \. on input line 78.
LaTeX Info: Redefining \% on input line 78.
 [58 <./figs/DMADV.png>]) (./capitulos/capitulo8.tex
LaTeX Info: Redefining \. on input line 1.
LaTeX Info: Redefining \% on input line 1.
 [59]
Ap\'{e}ndice II.

Overfull \hbox (3.51363pt too wide) in paragraph at lines 14--15
\OT1/cmr/m/n/12 ob-je-tos en im^^Sage-nes uti-li-zan-do Ten-sor-flow me-dian-te
 el re-po-si-to-rio [][]\OT1/cmtt/m/n/12 deteccion_objetos[][][][]\OT1/cmr/m/n/
12 ,
 []


Underfull \hbox (badness 10000) in paragraph at lines 14--15

 []

[60

]
<figs/tigre_1.jpeg, id=1473, 1156.32pt x 650.43pt>
File: figs/tigre_1.jpeg Graphic file (type jpg)
<use figs/tigre_1.jpeg>
Package pdftex.def Info: figs/tigre_1.jpeg  used on input line 52.
(pdftex.def)             Requested size: 202.87111pt x 114.11476pt.
<figs/tigre_2.jpeg, id=1474, 1156.32pt x 650.43pt>
File: figs/tigre_2.jpeg Graphic file (type jpg)
<use figs/tigre_2.jpeg>
Package pdftex.def Info: figs/tigre_2.jpeg  used on input line 57.
(pdftex.def)             Requested size: 202.87111pt x 114.11476pt.
<figs/tigre_4.jpeg, id=1475, 1156.32pt x 650.43pt>
File: figs/tigre_4.jpeg Graphic file (type jpg)
<use figs/tigre_4.jpeg>
Package pdftex.def Info: figs/tigre_4.jpeg  used on input line 63.
(pdftex.def)             Requested size: 202.87111pt x 114.11476pt.
<figs/tigre_5.jpeg, id=1476, 1156.32pt x 650.43pt>
File: figs/tigre_5.jpeg Graphic file (type jpg)
<use figs/tigre_5.jpeg>
Package pdftex.def Info: figs/tigre_5.jpeg  used on input line 68.
(pdftex.def)             Requested size: 202.87111pt x 114.11476pt.
LaTeX Info: Redefining \. on input line 76.
LaTeX Info: Redefining \% on input line 76.
 [61 <./figs/tigre_1.jpeg> <./figs/tigre_2.jpeg> <./figs/tigre_4.jpeg> <./figs/
tigre_5.jpeg>]
<figs/tigre_1_v2.jpeg, id=1482, 1156.32pt x 650.43pt>
File: figs/tigre_1_v2.jpeg Graphic file (type jpg)
<use figs/tigre_1_v2.jpeg>
Package pdftex.def Info: figs/tigre_1_v2.jpeg  used on input line 84.
(pdftex.def)             Requested size: 202.87111pt x 114.11476pt.
<figs/tigre_2_v2.jpeg, id=1483, 1156.32pt x 650.43pt>
File: figs/tigre_2_v2.jpeg Graphic file (type jpg)
<use figs/tigre_2_v2.jpeg>
Package pdftex.def Info: figs/tigre_2_v2.jpeg  used on input line 89.
(pdftex.def)             Requested size: 202.87111pt x 114.11476pt.
<figs/tigre_4_v2.jpeg, id=1484, 1156.32pt x 650.43pt>
File: figs/tigre_4_v2.jpeg Graphic file (type jpg)
<use figs/tigre_4_v2.jpeg>
Package pdftex.def Info: figs/tigre_4_v2.jpeg  used on input line 95.
(pdftex.def)             Requested size: 202.87111pt x 114.11476pt.
<figs/tigre_5_v2.jpeg, id=1485, 1156.32pt x 650.43pt>
File: figs/tigre_5_v2.jpeg Graphic file (type jpg)
<use figs/tigre_5_v2.jpeg>
Package pdftex.def Info: figs/tigre_5_v2.jpeg  used on input line 100.
(pdftex.def)             Requested size: 202.87111pt x 114.11476pt.
LaTeX Info: Redefining \. on input line 107.
LaTeX Info: Redefining \% on input line 107.
 [62 <./figs/tigre_1_v2.jpeg> <./figs/tigre_2_v2.jpeg> <./figs/tigre_4_v2.jpeg>
 <./figs/tigre_5_v2.jpeg>]
<figs/999.jpeg, id=1493, 1156.32pt x 650.43pt>
File: figs/999.jpeg Graphic file (type jpg)
<use figs/999.jpeg>
Package pdftex.def Info: figs/999.jpeg  used on input line 116.
(pdftex.def)             Requested size: 198.45662pt x 111.62366pt.
<figs/947.jpeg, id=1494, 1156.32pt x 650.43pt>
File: figs/947.jpeg Graphic file (type jpg)
<use figs/947.jpeg>
Package pdftex.def Info: figs/947.jpeg  used on input line 121.
(pdftex.def)             Requested size: 198.45662pt x 111.62366pt.
<figs/868.jpeg, id=1495, 1156.32pt x 650.43pt>
File: figs/868.jpeg Graphic file (type jpg)
<use figs/868.jpeg>
Package pdftex.def Info: figs/868.jpeg  used on input line 127.
(pdftex.def)             Requested size: 198.45662pt x 111.62366pt.
<figs/1000.jpeg, id=1496, 1156.32pt x 650.43pt>
File: figs/1000.jpeg Graphic file (type jpg)
<use figs/1000.jpeg>
Package pdftex.def Info: figs/1000.jpeg  used on input line 132.
(pdftex.def)             Requested size: 198.45662pt x 111.62366pt.
LaTeX Info: Redefining \. on input line 144.
LaTeX Info: Redefining \% on input line 144.
 [63 <./figs/999.jpeg> <./figs/947.jpeg> <./figs/868.jpeg> <./figs/1000.jpeg>]
<figs/ssd_mobilenet_v2_320x320_coco17_tpu-8.jpeg, id=1505, 756.8275pt x 409.53p
t>
File: figs/ssd_mobilenet_v2_320x320_coco17_tpu-8.jpeg Graphic file (type jpg)
<use figs/ssd_mobilenet_v2_320x320_coco17_tpu-8.jpeg>
Package pdftex.def Info: figs/ssd_mobilenet_v2_320x320_coco17_tpu-8.jpeg  used 
on input line 148.
(pdftex.def)             Requested size: 199.17255pt x 142.26283pt.
<figs/webcam ssd_mobilenet_v2_320x320_coco17_tpu-8.png, id=1506, 644.4075pt x 5
83.17876pt>
File: figs/webcam ssd_mobilenet_v2_320x320_coco17_tpu-8.png Graphic file (type 
png)
<use figs/webcam ssd_mobilenet_v2_320x320_coco17_tpu-8.png>
Package pdftex.def Info: figs/webcam ssd_mobilenet_v2_320x320_coco17_tpu-8.png 
 used on input line 150.
(pdftex.def)             Requested size: 199.16446pt x 142.2616pt.
<figs/efficientdet_d4_coco17_tpu-32.jpeg, id=1507, 756.8275pt x 409.53pt>
File: figs/efficientdet_d4_coco17_tpu-32.jpeg Graphic file (type jpg)
<use figs/efficientdet_d4_coco17_tpu-32.jpeg>
Package pdftex.def Info: figs/efficientdet_d4_coco17_tpu-32.jpeg  used on input
 line 160.
(pdftex.def)             Requested size: 199.17255pt x 142.26283pt.
<figs/webcam efficientdet_d4_coco17_tpu-32.png, id=1508, 633.36626pt x 582.175p
t>
File: figs/webcam efficientdet_d4_coco17_tpu-32.png Graphic file (type png)
<use figs/webcam efficientdet_d4_coco17_tpu-32.png>
Package pdftex.def Info: figs/webcam efficientdet_d4_coco17_tpu-32.png  used on
 input line 162.
(pdftex.def)             Requested size: 199.16351pt x 142.25658pt.
<figs/faster_rcnn_resnet50_v1_640x640_coco17_tpu-8.jpeg, id=1509, 756.8275pt x 
409.53pt>
File: figs/faster_rcnn_resnet50_v1_640x640_coco17_tpu-8.jpeg Graphic file (type
 jpg)
<use figs/faster_rcnn_resnet50_v1_640x640_coco17_tpu-8.jpeg>
Package pdftex.def Info: figs/faster_rcnn_resnet50_v1_640x640_coco17_tpu-8.jpeg
  used on input line 171.
(pdftex.def)             Requested size: 199.17255pt x 142.26283pt.
<figs/webcam faster_rcnn_resnet50_v1_640x640_coco17_tpu-8.png, id=1510, 644.407
5pt x 582.175pt>
File: figs/webcam faster_rcnn_resnet50_v1_640x640_coco17_tpu-8.png Graphic file
 (type png)
<use figs/webcam faster_rcnn_resnet50_v1_640x640_coco17_tpu-8.png>
Package pdftex.def Info: figs/webcam faster_rcnn_resnet50_v1_640x640_coco17_tpu
-8.png  used on input line 173.
(pdftex.def)             Requested size: 199.16446pt x 142.25658pt.
LaTeX Info: Redefining \. on input line 178.
LaTeX Info: Redefining \% on input line 178.
 [64 <./figs/ssd_mobilenet_v2_320x320_coco17_tpu-8.jpeg> <./figs/webcam ssd_mob
ilenet_v2_320x320_coco17_tpu-8.png> <./figs/efficientdet_d4_coco17_tpu-32.jpeg>
 <./figs/webcam efficientdet_d4_coco17_tpu-32.png>]
LaTeX Info: Redefining \. on input line 186.
LaTeX Info: Redefining \% on input line 186.
 [65 <./figs/faster_rcnn_resnet50_v1_640x640_coco17_tpu-8.jpeg> <./figs/webcam 
faster_rcnn_resnet50_v1_640x640_coco17_tpu-8.png>]
<figs/Deteccion una fresa luz natural dia JN.png, id=1535, 804.00375pt x 703.62
875pt>
File: figs/Deteccion una fresa luz natural dia JN.png Graphic file (type png)
<use figs/Deteccion una fresa luz natural dia JN.png>
Package pdftex.def Info: figs/Deteccion una fresa luz natural dia JN.png  used 
on input line 192.
(pdftex.def)             Requested size: 132.30666pt x 115.78236pt.
<figs/Deteccion una fresa luz artificial dia JN.png, id=1536, 801.99625pt x 706
.64pt>
File: figs/Deteccion una fresa luz artificial dia JN.png Graphic file (type png
)
<use figs/Deteccion una fresa luz artificial dia JN.png>
Package pdftex.def Info: figs/Deteccion una fresa luz artificial dia JN.png  us
ed on input line 194.
(pdftex.def)             Requested size: 132.30666pt x 116.569pt.
<figs/Deteccion una fresa luz artificial de noche JN.png, id=1537, 801.99625pt 
x 706.64pt>
File: figs/Deteccion una fresa luz artificial de noche JN.png Graphic file (typ
e png)
<use figs/Deteccion una fresa luz artificial de noche JN.png>
Package pdftex.def Info: figs/Deteccion una fresa luz artificial de noche JN.pn
g  used on input line 196.
(pdftex.def)             Requested size: 132.30666pt x 116.569pt.
<figs/Deteccion varias fresas luz natural dia JN.png, id=1538, 804.00375pt x 70
3.62875pt>
File: figs/Deteccion varias fresas luz natural dia JN.png Graphic file (type pn
g)
<use figs/Deteccion varias fresas luz natural dia JN.png>
Package pdftex.def Info: figs/Deteccion varias fresas luz natural dia JN.png  u
sed on input line 201.
(pdftex.def)             Requested size: 132.30666pt x 115.78236pt.
<figs/Deteccion varias fresas luz artificial dia JN.png, id=1539, 801.99625pt x
 706.64pt>
File: figs/Deteccion varias fresas luz artificial dia JN.png Graphic file (type
 png)
<use figs/Deteccion varias fresas luz artificial dia JN.png>
Package pdftex.def Info: figs/Deteccion varias fresas luz artificial dia JN.png
  used on input line 203.
(pdftex.def)             Requested size: 132.30666pt x 116.569pt.
<figs/Deteccion varias fresas luz artificial de noche JN.png, id=1540, 801.9962
5pt x 706.64pt>
File: figs/Deteccion varias fresas luz artificial de noche JN.png Graphic file 
(type png)
<use figs/Deteccion varias fresas luz artificial de noche JN.png>
Package pdftex.def Info: figs/Deteccion varias fresas luz artificial de noche J
N.png  used on input line 205.
(pdftex.def)             Requested size: 132.30666pt x 116.569pt.
<figs/Grafica deteccion alta luminosidad.png, id=1543, 813.0375pt x 620.3175pt>

File: figs/Grafica deteccion alta luminosidad.png Graphic file (type png)
<use figs/Grafica deteccion alta luminosidad.png>
Package pdftex.def Info: figs/Grafica deteccion alta luminosidad.png  used on i
nput line 216.
(pdftex.def)             Requested size: 355.65944pt x 271.35037pt.
<figs/Grafica deteccion baja luminosidad.png, id=1544, 828.09375pt x 608.2725pt
>
File: figs/Grafica deteccion baja luminosidad.png Graphic file (type png)
<use figs/Grafica deteccion baja luminosidad.png>
Package pdftex.def Info: figs/Grafica deteccion baja luminosidad.png  used on i
nput line 218.
(pdftex.def)             Requested size: 355.65944pt x 261.25507pt.
LaTeX Info: Redefining \. on input line 223.
LaTeX Info: Redefining \% on input line 223.
 [66 <./figs/Deteccion una fresa luz natural dia JN.png> <./figs/Deteccion una 
fresa luz artificial dia JN.png> <./figs/Deteccion una fresa luz artificial de 
noche JN.png> <./figs/Deteccion varias fresas luz natural dia JN.png> <./figs/D
eteccion varias fresas luz artificial dia JN.png> <./figs/Deteccion varias fres
as luz artificial de noche JN.png>]
<figs/Deteccion media con alta luminosidad.png, id=1562, 668.4975pt x 405.515pt
>
File: figs/Deteccion media con alta luminosidad.png Graphic file (type png)
<use figs/Deteccion media con alta luminosidad.png>
Package pdftex.def Info: figs/Deteccion media con alta luminosidad.png  used on
 input line 227.
(pdftex.def)             Requested size: 199.16928pt x 120.8139pt.
<figs/Deteccion media con baja luminosidad.png, id=1563, 668.4975pt x 404.51125
pt>
File: figs/Deteccion media con baja luminosidad.png Graphic file (type png)
<use figs/Deteccion media con baja luminosidad.png>
Package pdftex.def Info: figs/Deteccion media con baja luminosidad.png  used on
 input line 229.
(pdftex.def)             Requested size: 199.16928pt x 120.51486pt.
LaTeX Info: Redefining \. on input line 234.
LaTeX Info: Redefining \% on input line 234.
 [67 <./figs/Grafica deteccion alta luminosidad.png> <./figs/Grafica deteccion 
baja luminosidad.png>]
<figs/Coordenadas centrales deteccion JN.png, id=1573, 1437.37pt x 809.0225pt>
File: figs/Coordenadas centrales deteccion JN.png Graphic file (type png)
<use figs/Coordenadas centrales deteccion JN.png>
Package pdftex.def Info: figs/Coordenadas centrales deteccion JN.png  used on i
nput line 240.
(pdftex.def)             Requested size: 398.33858pt x 224.20396pt.
LaTeX Info: Redefining \. on input line 247.
LaTeX Info: Redefining \% on input line 247.
 [68 <./figs/Deteccion media con alta luminosidad.png> <./figs/Deteccion media 
con baja luminosidad.png> <./figs/Coordenadas centrales deteccion JN.png>]
LaTeX Info: Redefining \. on input line 255.
LaTeX Info: Redefining \% on input line 255.
 [69]
<figs/Prueba deteccion de objetos con pytorch.png, id=1593, 1254.6875pt x 793.9
6625pt>
File: figs/Prueba deteccion de objetos con pytorch.png Graphic file (type png)
<use figs/Prueba deteccion de objetos con pytorch.png>
Package pdftex.def Info: figs/Prueba deteccion de objetos con pytorch.png  used
 on input line 271.
(pdftex.def)             Requested size: 207.70511pt x 131.4349pt.
<figs/Prueba derteccion de frutas con pytorch.png, id=1594, 1253.68375pt x 770.
88pt>
File: figs/Prueba derteccion de frutas con pytorch.png Graphic file (type png)
<use figs/Prueba derteccion de frutas con pytorch.png>
Package pdftex.def Info: figs/Prueba derteccion de frutas con pytorch.png  used
 on input line 273.
(pdftex.def)             Requested size: 213.39566pt x 131.21254pt.
LaTeX Info: Redefining \. on input line 278.
LaTeX Info: Redefining \% on input line 278.
 [70]
<figs/labelImg Fresa.png, id=1607, 1845.89626pt x 1005.7575pt>
File: figs/labelImg Fresa.png Graphic file (type png)
<use figs/labelImg Fresa.png>
Package pdftex.def Info: figs/labelImg Fresa.png  used on input line 289.
(pdftex.def)             Requested size: 426.79134pt x 232.53174pt.
LaTeX Info: Redefining \. on input line 294.
LaTeX Info: Redefining \% on input line 294.
 [71 <./figs/Prueba deteccion de objetos con pytorch.png> <./figs/Prueba dertec
cion de frutas con pytorch.png>]
LaTeX Info: Redefining \. on input line 303.
LaTeX Info: Redefining \% on input line 303.
 [72 <./figs/labelImg Fresa.png>]
<figs/calibrateCamera.png, id=1630, 1600.98125pt x 1027.84pt>
File: figs/calibrateCamera.png Graphic file (type png)
<use figs/calibrateCamera.png>
Package pdftex.def Info: figs/calibrateCamera.png  used on input line 307.
(pdftex.def)             Requested size: 398.33858pt x 255.73605pt.
<figs/matriz K camara.png, id=1631, 1069.9975pt x 312.16624pt>
File: figs/matriz K camara.png Graphic file (type png)
<use figs/matriz K camara.png>
Package pdftex.def Info: figs/matriz K camara.png  used on input line 309.
(pdftex.def)             Requested size: 398.33858pt x 116.21419pt.
LaTeX Info: Redefining \. on input line 316.
LaTeX Info: Redefining \% on input line 316.
 [73 <./figs/calibrateCamera.png> <./figs/matriz K camara.png>]
<figs/ERGONAUTAS Medicion angulo.png, id=1645, 644.4075pt x 500.87125pt>
File: figs/ERGONAUTAS Medicion angulo.png Graphic file (type png)
<use figs/ERGONAUTAS Medicion angulo.png>
Package pdftex.def Info: figs/ERGONAUTAS Medicion angulo.png  used on input lin
e 323.
(pdftex.def)             Requested size: 227.62204pt x 176.92015pt.
<figs/deteccion_video fresa en foto.png, id=1649, 1324.95pt x 936.49875pt>
File: figs/deteccion_video fresa en foto.png Graphic file (type png)
<use figs/deteccion_video fresa en foto.png>
Package pdftex.def Info: figs/deteccion_video fresa en foto.png  used on input 
line 338.
(pdftex.def)             Requested size: 227.62204pt x 160.87459pt.
LaTeX Info: Redefining \. on input line 343.
LaTeX Info: Redefining \% on input line 343.
 [74 <./figs/ERGONAUTAS Medicion angulo.png>]
LaTeX Info: Redefining \. on input line 385.
LaTeX Info: Redefining \% on input line 385.
 [75 <./figs/deteccion_video fresa en foto.png>]
LaTeX Info: Redefining \. on input line 389.
LaTeX Info: Redefining \% on input line 389.
 [76]
<figs/Punto inicial 30cm_VENTANA.png, id=1702, 640.3925pt x 566.115pt>
File: figs/Punto inicial 30cm_VENTANA.png Graphic file (type png)
<use figs/Punto inicial 30cm_VENTANA.png>
Package pdftex.def Info: figs/Punto inicial 30cm_VENTANA.png  used on input lin
e 394.
(pdftex.def)             Requested size: 227.62204pt x 201.21841pt.
<figs/Punto inicial 30cm_TERMINAL.png, id=1703, 860.21375pt x 380.42125pt>
File: figs/Punto inicial 30cm_TERMINAL.png Graphic file (type png)
<use figs/Punto inicial 30cm_TERMINAL.png>
Package pdftex.def Info: figs/Punto inicial 30cm_TERMINAL.png  used on input li
ne 396.
(pdftex.def)             Requested size: 398.33858pt x 176.16264pt.
<figs/Primer resultados postit.png, id=1705, 677.53125pt x 169.63374pt>
File: figs/Primer resultados postit.png Graphic file (type png)
<use figs/Primer resultados postit.png>
Package pdftex.def Info: figs/Primer resultados postit.png  used on input line 
407.
(pdftex.def)             Requested size: 398.33858pt x 99.73618pt.
LaTeX Info: Redefining \. on input line 412.
LaTeX Info: Redefining \% on input line 412.
 [77 <./figs/Punto inicial 30cm_VENTANA.png> <./figs/Punto inicial 30cm_TERMINA
L.png>]
<figs/Geometría del modelo de cámara basado en el modelo de cámara estenopei
ca.jpeg, id=1716, 599.23875pt x 222.8325pt>
File: figs/Geometría del modelo de cámara basado en el modelo de cámara este
nopeica.jpeg Graphic file (type jpg)
<use figs/Geometría del modelo de cámara basado en el modelo de cámara esten
opeica.jpeg>
Package pdftex.def Info: figs/Geometría del modelo de cámara basado en el mod
elo de cámara estenopeica.jpeg  used on input line 418.
(pdftex.def)             Requested size: 384.1122pt x 142.83672pt.
LaTeX Info: Redefining \. on input line 427.
LaTeX Info: Redefining \% on input line 427.
 [78 <./figs/Primer resultados postit.png> <./figs/Geometría del modelo de cá
mara basado en el modelo de cámara estenopeica.jpeg>]
<figs/Pruebas pinhole único eje.png, id=1729, 641.39626pt x 567.11874pt>
File: figs/Pruebas pinhole único eje.png Graphic file (type png)
<use figs/Pruebas pinhole único eje.png>
Package pdftex.def Info: figs/Pruebas pinhole único eje.png  used on input lin
e 435.
(pdftex.def)             Requested size: 202.01456pt x 178.61739pt.
<figs/Pruebas pinhole ambos ejes.png, id=1730, 639.38875pt x 559.08875pt>
File: figs/Pruebas pinhole ambos ejes.png Graphic file (type png)
<use figs/Pruebas pinhole ambos ejes.png>
Package pdftex.def Info: figs/Pruebas pinhole ambos ejes.png  used on input lin
e 437.
(pdftex.def)             Requested size: 204.85983pt x 179.13385pt.
LaTeX Info: Redefining \. on input line 444.
LaTeX Info: Redefining \% on input line 444.
 [79 <./figs/Pruebas pinhole único eje.png> <./figs/Pruebas pinhole ambos ejes
.png>]
<figs/pinhole con Z positiva.png, id=1742, 799.98875pt x 241.90375pt>
File: figs/pinhole con Z positiva.png Graphic file (type png)
<use figs/pinhole con Z positiva.png>
Package pdftex.def Info: figs/pinhole con Z positiva.png  used on input line 44
9.
(pdftex.def)             Requested size: 426.79134pt x 129.05733pt.
<figs/pinhole con Z negativa.png, id=1743, 796.9775pt x 237.88875pt>
File: figs/pinhole con Z negativa.png Graphic file (type png)
<use figs/pinhole con Z negativa.png>
Package pdftex.def Info: figs/pinhole con Z negativa.png  used on input line 45
9.
(pdftex.def)             Requested size: 426.79134pt x 127.39081pt.
<figs/Esquema rotación cámara.png, id=1745, 1110.1475pt x 332.24126pt>
File: figs/Esquema rotación cámara.png Graphic file (type png)
<use figs/Esquema rotación cámara.png>
Package pdftex.def Info: figs/Esquema rotación cámara.png  used on input line
 470.
(pdftex.def)             Requested size: 284.52756pt x 85.15384pt.
LaTeX Info: Redefining \. on input line 475.
LaTeX Info: Redefining \% on input line 475.
 [80 <./figs/pinhole con Z positiva.png> <./figs/pinhole con Z negativa.png>]
<figs/Resultados mediciones pinhole 65º Rotacion.png, id=1753, 517.935pt x 255
.95625pt>
File: figs/Resultados mediciones pinhole 65º Rotacion.png Graphic file (type p
ng)
<use figs/Resultados mediciones pinhole 65º Rotacion.png>
Package pdftex.def Info: figs/Resultados mediciones pinhole 65º Rotacion.png  
used on input line 481.
(pdftex.def)             Requested size: 270.30118pt x 133.58229pt.
<figs/Deteccion puntos y distancia EJE X_TERMINAL.png, id=1755, 743.77875pt x 4
28.60126pt>
File: figs/Deteccion puntos y distancia EJE X_TERMINAL.png Graphic file (type p
ng)
<use figs/Deteccion puntos y distancia EJE X_TERMINAL.png>
Package pdftex.def Info: figs/Deteccion puntos y distancia EJE X_TERMINAL.png  
used on input line 492.
(pdftex.def)             Requested size: 284.52756pt x 163.96233pt.
LaTeX Info: Redefining \. on input line 499.
LaTeX Info: Redefining \% on input line 499.
 [81 <./figs/Esquema rotación cámara.png> <./figs/Resultados mediciones pinho
le 65º Rotacion.png>]
<figs/Deteccionmultiple ejemplo_VENTANA.png, id=1765, 558.085pt x 490.83376pt>
File: figs/Deteccionmultiple ejemplo_VENTANA.png Graphic file (type png)
<use figs/Deteccionmultiple ejemplo_VENTANA.png>
Package pdftex.def Info: figs/Deteccionmultiple ejemplo_VENTANA.png  used on in
put line 506.
(pdftex.def)             Requested size: 199.16928pt x 175.16466pt.
<figs/Deteccionmultiple ejemplo_TERMINAL.png, id=1766, 749.80125pt x 463.7325pt
>
File: figs/Deteccionmultiple ejemplo_TERMINAL.png Graphic file (type png)
<use figs/Deteccionmultiple ejemplo_TERMINAL.png>
Package pdftex.def Info: figs/Deteccionmultiple ejemplo_TERMINAL.png  used on i
nput line 508.
(pdftex.def)             Requested size: 369.88582pt x 228.76639pt.
LaTeX Info: Redefining \. on input line 513.
LaTeX Info: Redefining \% on input line 513.
 [82 <./figs/Deteccion puntos y distancia EJE X_TERMINAL.png>]
LaTeX Info: Redefining \. on input line 515.
LaTeX Info: Redefining \% on input line 515.
 [83 <./figs/Deteccionmultiple ejemplo_VENTANA.png> <./figs/Deteccionmultiple e
jemplo_TERMINAL.png>]
<figs/pinhole_openGL ventana cuadrado.png, id=1783, 1441.385pt x 562.1pt>
File: figs/pinhole_openGL ventana cuadrado.png Graphic file (type png)
<use figs/pinhole_openGL ventana cuadrado.png>
Package pdftex.def Info: figs/pinhole_openGL ventana cuadrado.png  used on inpu
t line 521.
(pdftex.def)             Requested size: 441.01772pt x 171.98488pt.
<figs/pinhole_openGL triangulo_VENTANAS.png, id=1784, 1445.4pt x 569.12625pt>
File: figs/pinhole_openGL triangulo_VENTANAS.png Graphic file (type png)
<use figs/pinhole_openGL triangulo_VENTANAS.png>
Package pdftex.def Info: figs/pinhole_openGL triangulo_VENTANAS.png  used on in
put line 523.
(pdftex.def)             Requested size: 441.01772pt x 173.64838pt.
LaTeX Info: Redefining \. on input line 530.
LaTeX Info: Redefining \% on input line 530.
 [84 <./figs/pinhole_openGL ventana cuadrado.png> <./figs/pinhole_openGL triang
ulo_VENTANAS.png>]
<figs/Pruebas deteccion fresas y obtencion coordenadas varios codigos.png, id=1
799, 1190.4475pt x 584.1825pt>
File: figs/Pruebas deteccion fresas y obtencion coordenadas varios codigos.png 
Graphic file (type png)
<use figs/Pruebas deteccion fresas y obtencion coordenadas varios codigos.png>
Package pdftex.def Info: figs/Pruebas deteccion fresas y obtencion coordenadas 
varios codigos.png  used on input line 534.
(pdftex.def)             Requested size: 441.01772pt x 216.41154pt.
LaTeX Info: Redefining \. on input line 543.
LaTeX Info: Redefining \% on input line 543.
 [85 <./figs/Pruebas deteccion fresas y obtencion coordenadas varios codigos.pn
g>]
<figs/Resultados 145 mm 59 grados.png, id=1811, 988.69376pt x 322.20375pt>
File: figs/Resultados 145 mm 59 grados.png Graphic file (type png)
<use figs/Resultados 145 mm 59 grados.png>
Package pdftex.def Info: figs/Resultados 145 mm 59 grados.png  used on input li
ne 548.
(pdftex.def)             Requested size: 441.01772pt x 143.72191pt.
<figs/Resultados 125 mm 59 grados.png, id=1812, 988.69376pt x 322.20375pt>
File: figs/Resultados 125 mm 59 grados.png Graphic file (type png)
<use figs/Resultados 125 mm 59 grados.png>
Package pdftex.def Info: figs/Resultados 125 mm 59 grados.png  used on input li
ne 557.
(pdftex.def)             Requested size: 441.01772pt x 143.72191pt.
<figs/Resultados 225 mm 69 grados.png, id=1813, 970.62625pt x 774.895pt>
File: figs/Resultados 225 mm 69 grados.png Graphic file (type png)
<use figs/Resultados 225 mm 69 grados.png>
Package pdftex.def Info: figs/Resultados 225 mm 69 grados.png  used on input li
ne 566.
(pdftex.def)             Requested size: 441.01772pt x 352.093pt.
LaTeX Info: Redefining \. on input line 571.
LaTeX Info: Redefining \% on input line 571.
 [86 <./figs/Resultados 145 mm 59 grados.png> <./figs/Resultados 125 mm 59 grad
os.png>]
<figs/Resultados 180 mm 58 grados.png, id=1820, 970.62625pt x 624.3325pt>
File: figs/Resultados 180 mm 58 grados.png Graphic file (type png)
<use figs/Resultados 180 mm 58 grados.png>
Package pdftex.def Info: figs/Resultados 180 mm 58 grados.png  used on input li
ne 575.
(pdftex.def)             Requested size: 441.01772pt x 283.68114pt.
LaTeX Info: Redefining \. on input line 580.
LaTeX Info: Redefining \% on input line 580.

[87 <./figs/Resultados 225 mm 69 grados.png>]
LaTeX Info: Redefining \. on input line 584.
LaTeX Info: Redefining \% on input line 584.
 [88 <./figs/Resultados 180 mm 58 grados.png>]
<figs/Proyeccion plano mesa OpenGL con ejes coordenadas_2.png, id=1834, 1446.40
375pt x 619.31375pt>
File: figs/Proyeccion plano mesa OpenGL con ejes coordenadas_2.png Graphic file
 (type png)
<use figs/Proyeccion plano mesa OpenGL con ejes coordenadas_2.png>
Package pdftex.def Info: figs/Proyeccion plano mesa OpenGL con ejes coordenadas
_2.png  used on input line 588.
(pdftex.def)             Requested size: 441.01772pt x 188.829pt.
<figs/Resultados 225 mm 0 grados.png, id=1835, 970.62625pt x 773.89125pt>
File: figs/Resultados 225 mm 0 grados.png Graphic file (type png)
<use figs/Resultados 225 mm 0 grados.png>
Package pdftex.def Info: figs/Resultados 225 mm 0 grados.png  used on input lin
e 601.
(pdftex.def)             Requested size: 441.01772pt x 351.63692pt.
LaTeX Info: Redefining \. on input line 606.
LaTeX Info: Redefining \% on input line 606.
 [89 <./figs/Proyeccion plano mesa OpenGL con ejes coordenadas_2.png>]
LaTeX Info: Redefining \. on input line 619.
LaTeX Info: Redefining \% on input line 619.
 [90 <./figs/Resultados 225 mm 0 grados.png>]
<figs/Coordenadas supuestas.png, id=1851, 540.51938pt x 438.8897pt>
File: figs/Coordenadas supuestas.png Graphic file (type png)
<use figs/Coordenadas supuestas.png>
Package pdftex.def Info: figs/Coordenadas supuestas.png  used on input line 624
.
(pdftex.def)             Requested size: 213.39566pt x 173.26912pt.
<figs/Coordenadas obtenidas.png, id=1852, 462.528pt x 380.01974pt>
File: figs/Coordenadas obtenidas.png Graphic file (type png)
<use figs/Coordenadas obtenidas.png>
Package pdftex.def Info: figs/Coordenadas obtenidas.png  used on input line 626
.
(pdftex.def)             Requested size: 213.39566pt x 175.33307pt.
<figs/Vista Ejes mediciones cámara perpendicular 343 mm.jpeg, id=1855, 1053.93
75pt x 1475.5125pt>
File: figs/Vista Ejes mediciones cámara perpendicular 343 mm.jpeg Graphic file
 (type jpg)
<use figs/Vista Ejes mediciones cámara perpendicular 343 mm.jpeg>
Package pdftex.def Info: figs/Vista Ejes mediciones cámara perpendicular 343 m
m.jpeg  used on input line 637.
(pdftex.def)             Requested size: 139.41286pt x 165.0086pt.
<figs/Deteccion de Fresas_Ejes correctos.png, id=1856, 641.39626pt x 564.1075pt
>
File: figs/Deteccion de Fresas_Ejes correctos.png Graphic file (type png)
<use figs/Deteccion de Fresas_Ejes correctos.png>
Package pdftex.def Info: figs/Deteccion de Fresas_Ejes correctos.png  used on i
nput line 639.
(pdftex.def)             Requested size: 184.9429pt x 162.65736pt.
LaTeX Info: Redefining \. on input line 644.
LaTeX Info: Redefining \% on input line 644.
 [91 <./figs/Coordenadas supuestas.png> <./figs/Coordenadas obtenidas.png>]
<figs/Resultados 343 mm 0 grados.png, id=1865, 971.63pt x 643.40375pt>
File: figs/Resultados 343 mm 0 grados.png Graphic file (type png)
<use figs/Resultados 343 mm 0 grados.png>
Package pdftex.def Info: figs/Resultados 343 mm 0 grados.png  used on input lin
e 649.
(pdftex.def)             Requested size: 441.01772pt x 292.03249pt.
LaTeX Info: Redefining \. on input line 660.
LaTeX Info: Redefining \% on input line 660.
 [92 <./figs/Vista Ejes mediciones cámara perpendicular 343 mm.jpeg> <./figs/D
eteccion de Fresas_Ejes correctos.png> <./figs/Resultados 343 mm 0 grados.png>]
<figs/visionsimple.jpeg, id=1878, 554.07pt x 399.4925pt>
File: figs/visionsimple.jpeg Graphic file (type jpg)
<use figs/visionsimple.jpeg>
Package pdftex.def Info: figs/visionsimple.jpeg  used on input line 666.
(pdftex.def)             Requested size: 199.16928pt x 143.60384pt.
<figs/pose_trans.png, id=1879, 799.98875pt x 476.78125pt>
File: figs/pose_trans.png Graphic file (type png)
<use figs/pose_trans.png>
Package pdftex.def Info: figs/pose_trans.png  used on input line 668.
(pdftex.def)             Requested size: 221.93149pt x 132.26106pt.
<figs/recibir_cadena_socket.png, id=1883, 1194.4625pt x 746.79pt>
File: figs/recibir_cadena_socket.png Graphic file (type png)
<use figs/recibir_cadena_socket.png>
Package pdftex.def Info: figs/recibir_cadena_socket.png  used on input line 679
.
(pdftex.def)             Requested size: 441.01772pt x 275.72682pt.
LaTeX Info: Redefining \. on input line 684.
LaTeX Info: Redefining \% on input line 684.
 [93 <./figs/visionsimple.jpeg> <./figs/pose_trans.png>]
<figs/prueba_visionsimple.png, id=1897, 1056.94875pt x 655.44875pt>
File: figs/prueba_visionsimple.png Graphic file (type png)
<use figs/prueba_visionsimple.png>
Package pdftex.def Info: figs/prueba_visionsimple.png  used on input line 690.
(pdftex.def)             Requested size: 441.01772pt x 273.48636pt.
LaTeX Info: Redefining \. on input line 695.
LaTeX Info: Redefining \% on input line 695.
 [94 <./figs/recibir_cadena_socket.png>]
LaTeX Info: Redefining \. on input line 699.
LaTeX Info: Redefining \% on input line 699.
 [95 <./figs/prueba_visionsimple.png>]
LaTeX Info: Redefining \. on input line 712.
LaTeX Info: Redefining \% on input line 712.
 [96]
LaTeX Info: Redefining \. on input line 726.
LaTeX Info: Redefining \% on input line 726.
 [97]
<figs/xmlrpc_example.png, id=1938, 1655.18375pt x 928.46875pt>
File: figs/xmlrpc_example.png Graphic file (type png)
<use figs/xmlrpc_example.png>
Package pdftex.def Info: figs/xmlrpc_example.png  used on input line 730.
(pdftex.def)             Requested size: 441.01772pt x 247.38893pt.
LaTeX Info: Redefining \. on input line 739.
LaTeX Info: Redefining \% on input line 739.
 [98 <./figs/xmlrpc_example.png>]
<figs/Programa robot posetrans UR10e.png, id=1957, 1789.68625pt x 931.48pt>
File: figs/Programa robot posetrans UR10e.png Graphic file (type png)
<use figs/Programa robot posetrans UR10e.png>
Package pdftex.def Info: figs/Programa robot posetrans UR10e.png  used on input
 line 743.
(pdftex.def)             Requested size: 441.01772pt x 229.52931pt.
<figs/Primeras pruebas deteccion de fresas y envio de posiciones a UR.png, id=1
961, 1727.45375pt x 1077.02374pt>
File: figs/Primeras pruebas deteccion de fresas y envio de posiciones a UR.png 
Graphic file (type png)
<use figs/Primeras pruebas deteccion de fresas y envio de posiciones a UR.png>
Package pdftex.def Info: figs/Primeras pruebas deteccion de fresas y envio de p
osiciones a UR.png  used on input line 754.
(pdftex.def)             Requested size: 441.01772pt x 274.95789pt.
LaTeX Info: Redefining \. on input line 759.
LaTeX Info: Redefining \% on input line 759.
 [99 <./figs/Programa robot posetrans UR10e.png>]
<figs/Deteccion simple UR3e plano mesa.png, id=1973, 565.11125pt x 821.0675pt>
File: figs/Deteccion simple UR3e plano mesa.png Graphic file (type png)
<use figs/Deteccion simple UR3e plano mesa.png>
Package pdftex.def Info: figs/Deteccion simple UR3e plano mesa.png  used on inp
ut line 765.
(pdftex.def)             Requested size: 204.85983pt x 297.63875pt.
<figs/Pruebas deteccion y movimiento multiple con UR_3.jpeg, id=1974, 1541.76pt
 x 2055.68pt>
File: figs/Pruebas deteccion y movimiento multiple con UR_3.jpeg Graphic file (
type jpg)
<use figs/Pruebas deteccion y movimiento multiple con UR_3.jpeg>
Package pdftex.def Info: figs/Pruebas deteccion y movimiento multiple con UR_3.
jpeg  used on input line 767.
(pdftex.def)             Requested size: 221.93149pt x 295.88596pt.
LaTeX Info: Redefining \. on input line 772.
LaTeX Info: Redefining \% on input line 772.
 [100 <./figs/Primeras pruebas deteccion de fresas y envio de posiciones a UR.p
ng>]
<figs/POV Camara Deteccion simple UR3e plano mesa.png, id=1982, 1779.64874pt x 
948.54375pt>
File: figs/POV Camara Deteccion simple UR3e plano mesa.png Graphic file (type p
ng)
<use figs/POV Camara Deteccion simple UR3e plano mesa.png>
Package pdftex.def Info: figs/POV Camara Deteccion simple UR3e plano mesa.png  
used on input line 776.
(pdftex.def)             Requested size: 426.79134pt x 227.467pt.
<figs/POV Camara Deteccion multiple UR3e plano mesa.png.png, id=1983, 1779.6487
4pt x 669.50125pt>
File: figs/POV Camara Deteccion multiple UR3e plano mesa.png.png Graphic file (
type png)
<use figs/POV Camara Deteccion multiple UR3e plano mesa.png.png>
Package pdftex.def Info: figs/POV Camara Deteccion multiple UR3e plano mesa.png
.png  used on input line 778.
(pdftex.def)             Requested size: 426.79134pt x 160.55078pt.
LaTeX Info: Redefining \. on input line 783.
LaTeX Info: Redefining \% on input line 783.
 [101 <./figs/Deteccion simple UR3e plano mesa.png> <./figs/Pruebas deteccion y
 movimiento multiple con UR_3.jpeg>]
<figs/Pruebas plano vertical deteccion simple .jpeg, id=1992, 1541.76pt x 2055.
68pt>
File: figs/Pruebas plano vertical deteccion simple .jpeg Graphic file (type jpg
)
<use figs/Pruebas plano vertical deteccion simple .jpeg>
Package pdftex.def Info: figs/Pruebas plano vertical deteccion simple .jpeg  us
ed on input line 790.
(pdftex.def)             Requested size: 177.82971pt x 237.10399pt.
<figs/Pruebas plano vertical deteccion multiple.png, id=1993, 584.1825pt x 977.
6525pt>
File: figs/Pruebas plano vertical deteccion multiple.png Graphic file (type png
)
<use figs/Pruebas plano vertical deteccion multiple.png>
Package pdftex.def Info: figs/Pruebas plano vertical deteccion multiple.png  us
ed on input line 792.
(pdftex.def)             Requested size: 142.26378pt x 238.08739pt.
LaTeX Info: Redefining \. on input line 797.
LaTeX Info: Redefining \% on input line 797.

[102 <./figs/POV Camara Deteccion simple UR3e plano mesa.png> <./figs/POV Camar
a Deteccion multiple UR3e plano mesa.png.png>]) (./tfg-davidcampoamor.bbl
LaTeX Info: Redefining \. on input line 1.
LaTeX Info: Redefining \% on input line 1.

[103 <./figs/Pruebas plano vertical deteccion simple .jpeg> <./figs/Pruebas pla
no vertical deteccion multiple.png>]
Underfull \hbox (badness 10000) in paragraph at lines 4--9
[]\OT1/cmr/m/n/12 Alvear-Puertas, V., Rosero-Montalvo, P., Peluffo-
 []

[104

]
Underfull \hbox (badness 1308) in paragraph at lines 76--80
[]\OT1/cmr/m/n/12 Fountas, S., My-lo-nas, N., Ma-lou-nas, I., Ro-dias, E., Hell
-
 []


Underfull \hbox (badness 10000) in paragraph at lines 92--97
[]\OT1/cmr/m/n/12 Gonzalez-Aguirre, J. A., Osorio-Oliveros, R.,
 []


Underfull \hbox (badness 2073) in paragraph at lines 92--97
\OT1/cmr/m/n/12 Rodr^^S^^Pguez-Hern^^Sandez, K. L., Liz^^Sarraga-Iturralde, J.,
 Mo-ra-les Me-nen-dez, R.,
 []

LaTeX Info: Redefining \. on input line 125.
LaTeX Info: Redefining \% on input line 125.
[105]
Underfull \hbox (badness 10000) in paragraph at lines 167--171
[]\OT1/cmr/m/n/12 Romero-Tamarit, A., Reig-Viader, R., Estrada-
 []

LaTeX Info: Redefining \. on input line 184.
LaTeX Info: Redefining \% on input line 184.
[106])
LaTeX Info: Redefining \. on input line 56.
LaTeX Info: Redefining \% on input line 56.
 [107] (./tfg-davidcampoamor.aux
LaTeX Info: Redefining \. on input line 26.
LaTeX Info: Redefining \% on input line 26.
)

LaTeX Warning: There were undefined references.


LaTeX Warning: There were multiply-defined labels.

Package rerunfilecheck Info: File `tfg-davidcampoamor.out' has not changed.
(rerunfilecheck)             Checksum: E0B7881A1E7A1C2311124869F4BC94DB;8992.
 ) 
Here is how much of TeX's memory you used:
 18483 strings out of 480112
 309027 string characters out of 5892631
 831764 words of memory out of 5000000
 35317 multiletter control sequences out of 15000+600000
 478565 words of font info for 61 fonts, out of 8000000 for 9000
 91 hyphenation exceptions out of 8191
 65i,17n,66p,1965b,1551s stack positions out of 5000i,500n,10000p,200000b,80000s
 </home/dcampoamor/.texlive2021/texmf-var/fonts/pk/ljfour/jknappen/ec/tcrm120
0.600pk> </home/dcampoamor/.texlive2021/texmf-var/fonts/pk/ljfour/jknappen/ec/t
cbx1095.600pk></usr/share/texlive/texmf-dist/fonts/type1/public/amsfonts/cm/cmb
x10.pfb></usr/share/texlive/texmf-dist/fonts/type1/public/amsfonts/cm/cmbx12.pf
b></usr/share/texlive/texmf-dist/fonts/type1/public/amsfonts/cm/cmbxti10.pfb></
usr/share/texlive/texmf-dist/fonts/type1/public/amsfonts/cm/cmcsc10.pfb></usr/s
hare/texlive/texmf-dist/fonts/type1/public/amsfonts/cm/cmex10.pfb></usr/share/t
exlive/texmf-dist/fonts/type1/public/amsfonts/cm/cmmi12.pfb></usr/share/texlive
/texmf-dist/fonts/type1/public/amsfonts/cm/cmmi8.pfb></usr/share/texlive/texmf-
dist/fonts/type1/public/amsfonts/cm/cmr10.pfb></usr/share/texlive/texmf-dist/fo
nts/type1/public/amsfonts/cm/cmr12.pfb></usr/share/texlive/texmf-dist/fonts/typ
e1/public/amsfonts/cm/cmr7.pfb></usr/share/texlive/texmf-dist/fonts/type1/publi
c/amsfonts/cm/cmr8.pfb></usr/share/texlive/texmf-dist/fonts/type1/public/amsfon
ts/cm/cmsl12.pfb></usr/share/texlive/texmf-dist/fonts/type1/public/amsfonts/cm/
cmsy10.pfb></usr/share/texlive/texmf-dist/fonts/type1/public/amsfonts/cm/cmsy8.
pfb></usr/share/texlive/texmf-dist/fonts/type1/public/amsfonts/cm/cmti10.pfb></
usr/share/texlive/texmf-dist/fonts/type1/public/amsfonts/cm/cmti12.pfb></usr/sh
are/texlive/texmf-dist/fonts/type1/public/amsfonts/cm/cmtt10.pfb></usr/share/te
xlive/texmf-dist/fonts/type1/public/amsfonts/cm/cmtt12.pfb></usr/share/texlive/
texmf-dist/fonts/type1/public/eurosym/feymr10.pfb>
Output written on tfg-davidcampoamor.pdf (126 pages, 47448320 bytes).
PDF statistics:
 2266 PDF objects out of 2487 (max. 8388607)
 1860 compressed objects within 19 object streams
 678 named destinations out of 1000 (max. 500000)
 1110 words of extra memory for PDF output out of 10000 (max. 10000000)

